2017-07-07 21:45:52 INFO [Class:o.s.b.StartupInfoLogger->Thread:restartedMain] Starting DemoApplication on XIONGCHUN with PID 9892 (started by lenovo in G:\01.AOSuite\01.SVN\AOSuite G2\showcase\a.springboot) 
2017-07-07 21:45:53 DEBUG [Class:o.s.b.StartupInfoLogger->Thread:restartedMain] Running with Spring Boot v2.0.0.M2, Spring v5.0.0.RC2 
2017-07-07 21:45:53 INFO [Class:o.s.b.SpringApplication->Thread:restartedMain] No active profile set, falling back to default profiles: default 
2017-07-07 21:45:53 INFO [Class:o.s.c.s.AbstractApplicationContext->Thread:restartedMain] Refreshing org.springframework.boot.web.servlet.context.AnnotationConfigServletWebServerApplicationContext@442281c1: startup date [Fri Jul 07 21:45:53 CST 2017]; root of context hierarchy 
2017-07-07 21:45:53 INFO [Class:o.h.v.i.u.Version->Thread:background-preinit] HV000001: Hibernate Validator 5.4.1.Final 
2017-07-07 21:45:55 WARN [Class:o.m.s.m.ClassPathMapperScanner->Thread:restartedMain] No MyBatis mapper was found in '[com.showcase]' package. Please check your configuration. 
2017-07-07 21:45:55 INFO [Class:o.s.d.r.c.RepositoryConfigurationDelegate->Thread:restartedMain] Multiple Spring Data modules found, entering strict repository configuration mode! 
2017-07-07 21:45:57 INFO [Class:o.s.b.w.e.t.TomcatWebServer->Thread:restartedMain] Tomcat initialized with port(s): 8080 (http) 
2017-07-07 21:45:57 INFO [Class:o.a.j.l.DirectJDKLog->Thread:restartedMain] Starting service [Tomcat] 
2017-07-07 21:45:57 INFO [Class:o.a.j.l.DirectJDKLog->Thread:restartedMain] Starting Servlet Engine: Apache Tomcat/8.5.15 
2017-07-07 21:45:57 INFO [Class:o.a.j.l.DirectJDKLog->Thread:localhost-startStop-1] Initializing Spring embedded WebApplicationContext 
2017-07-07 21:45:57 INFO [Class:o.s.b.w.s.c.ServletWebServerApplicationContext->Thread:localhost-startStop-1] Root WebApplicationContext: initialization completed in 4464 ms 
2017-07-07 21:45:57 INFO [Class:o.s.b.w.s.ServletRegistrationBean->Thread:localhost-startStop-1] Mapping servlet: 'dispatcherServlet' to [/] 
2017-07-07 21:45:57 INFO [Class:o.s.b.w.s.AbstractFilterRegistrationBean->Thread:localhost-startStop-1] Mapping filter: 'characterEncodingFilter' to: [/*] 
2017-07-07 21:45:57 INFO [Class:o.s.b.w.s.AbstractFilterRegistrationBean->Thread:localhost-startStop-1] Mapping filter: 'hiddenHttpMethodFilter' to: [/*] 
2017-07-07 21:45:57 INFO [Class:o.s.b.w.s.AbstractFilterRegistrationBean->Thread:localhost-startStop-1] Mapping filter: 'httpPutFormContentFilter' to: [/*] 
2017-07-07 21:45:57 INFO [Class:o.s.b.w.s.AbstractFilterRegistrationBean->Thread:localhost-startStop-1] Mapping filter: 'requestContextFilter' to: [/*] 
2017-07-07 21:45:58 INFO [Class:o.s.w.s.m.m.a.RequestMappingHandlerAdapter->Thread:restartedMain] Looking for @ControllerAdvice: org.springframework.boot.web.servlet.context.AnnotationConfigServletWebServerApplicationContext@442281c1: startup date [Fri Jul 07 21:45:53 CST 2017]; root of context hierarchy 
2017-07-07 21:45:58 INFO [Class:o.s.w.s.h.AbstractHandlerMethodMapping$MappingRegistry->Thread:restartedMain] Mapped "{[/error]}" onto public org.springframework.http.ResponseEntity<java.util.Map<java.lang.String, java.lang.Object>> org.springframework.boot.autoconfigure.web.servlet.error.BasicErrorController.error(javax.servlet.http.HttpServletRequest) 
2017-07-07 21:45:58 INFO [Class:o.s.w.s.h.AbstractHandlerMethodMapping$MappingRegistry->Thread:restartedMain] Mapped "{[/error],produces=[text/html]}" onto public org.springframework.web.servlet.ModelAndView org.springframework.boot.autoconfigure.web.servlet.error.BasicErrorController.errorHtml(javax.servlet.http.HttpServletRequest,javax.servlet.http.HttpServletResponse) 
2017-07-07 21:45:58 INFO [Class:o.s.w.s.h.AbstractUrlHandlerMapping->Thread:restartedMain] Mapped URL path [/webjars/**] onto handler of type [class org.springframework.web.servlet.resource.ResourceHttpRequestHandler] 
2017-07-07 21:45:58 INFO [Class:o.s.w.s.h.AbstractUrlHandlerMapping->Thread:restartedMain] Mapped URL path [/**] onto handler of type [class org.springframework.web.servlet.resource.ResourceHttpRequestHandler] 
2017-07-07 21:45:58 INFO [Class:o.s.w.s.h.AbstractUrlHandlerMapping->Thread:restartedMain] Mapped URL path [/**/favicon.ico] onto handler of type [class org.springframework.web.servlet.resource.ResourceHttpRequestHandler] 
2017-07-07 21:45:58 WARN [Class:o.s.c.s.AbstractApplicationContext->Thread:restartedMain] Exception encountered during context initialization - cancelling refresh attempt: org.springframework.beans.factory.BeanCreationException: Error creating bean with name 'dataSource' defined in class path resource [org/springframework/boot/autoconfigure/jdbc/DataSourceConfiguration$Hikari.class]: Bean instantiation via factory method failed; nested exception is org.springframework.beans.BeanInstantiationException: Failed to instantiate [com.zaxxer.hikari.HikariDataSource]: Factory method 'dataSource' threw exception; nested exception is org.springframework.boot.autoconfigure.jdbc.DataSourceProperties$DataSourceBeanCreationException: Cannot determine embedded database driver class for database type NONE. If you want an embedded database please put a supported one on the classpath. If you have database settings to be loaded from a particular profile you may need to active it (no profiles are currently active). 
2017-07-07 21:45:58 INFO [Class:o.a.j.l.DirectJDKLog->Thread:restartedMain] Stopping service [Tomcat] 
2017-07-07 21:45:59 INFO [Class:o.s.b.a.l.AutoConfigurationReportLoggingInitializer->Thread:restartedMain] 

Error starting ApplicationContext. To display the auto-configuration report re-run your application with 'debug' enabled. 
2017-07-07 21:45:59 ERROR [Class:o.s.b.d.LoggingFailureAnalysisReporter->Thread:restartedMain] 

***************************
APPLICATION FAILED TO START
***************************

Description:

Cannot determine embedded database driver class for database type NONE

Action:

If you want an embedded database please put a supported one on the classpath. If you have database settings to be loaded from a particular profile you may need to active it (no profiles are currently active).
 
2017-07-07 21:47:07 INFO [Class:o.s.b.StartupInfoLogger->Thread:restartedMain] Starting DemoApplication on XIONGCHUN with PID 3904 (started by lenovo in G:\01.AOSuite\01.SVN\AOSuite G2\showcase\a.springboot) 
2017-07-07 21:47:07 DEBUG [Class:o.s.b.StartupInfoLogger->Thread:restartedMain] Running with Spring Boot v2.0.0.M2, Spring v5.0.0.RC2 
2017-07-07 21:47:07 INFO [Class:o.s.b.SpringApplication->Thread:restartedMain] No active profile set, falling back to default profiles: default 
2017-07-07 21:47:07 INFO [Class:o.s.c.s.AbstractApplicationContext->Thread:restartedMain] Refreshing org.springframework.context.annotation.AnnotationConfigApplicationContext@16448c6a: startup date [Fri Jul 07 21:47:07 CST 2017]; root of context hierarchy 
2017-07-07 21:47:08 INFO [Class:o.s.b.d.a.OptionalLiveReloadServer->Thread:restartedMain] LiveReload server is running on port 35729 
2017-07-07 21:47:08 INFO [Class:o.s.j.e.MBeanExporter->Thread:restartedMain] Registering beans for JMX exposure on startup 
2017-07-07 21:47:08 INFO [Class:o.s.b.StartupInfoLogger->Thread:restartedMain] Started DemoApplication in 1.485 seconds (JVM running for 2.238) 
2017-07-07 21:47:08 INFO [Class:o.s.c.s.AbstractApplicationContext->Thread:Thread-8] Closing org.springframework.context.annotation.AnnotationConfigApplicationContext@16448c6a: startup date [Fri Jul 07 21:47:07 CST 2017]; root of context hierarchy 
2017-07-07 21:47:08 INFO [Class:o.s.j.e.MBeanExporter->Thread:Thread-8] Unregistering JMX-exposed beans on shutdown 
2017-07-07 21:47:28 INFO [Class:o.s.t.c.s.AbstractTestContextBootstrapper->Thread:main] Neither @ContextConfiguration nor @ContextHierarchy found for test class [com.example.demo.DemoApplicationTests], using SpringBootContextLoader 
2017-07-07 21:47:28 INFO [Class:o.s.t.c.s.AbstractContextLoader->Thread:main] Could not detect default resource locations for test class [com.example.demo.DemoApplicationTests]: no resource found for suffixes {-context.xml, Context.groovy}. 
2017-07-07 21:47:28 INFO [Class:o.s.t.c.s.AnnotationConfigContextLoaderUtils->Thread:main] Could not detect default configuration classes for test class [com.example.demo.DemoApplicationTests]: DemoApplicationTests does not declare any static, non-private, non-final, nested classes annotated with @Configuration. 
2017-07-07 21:48:30 INFO [Class:o.s.b.StartupInfoLogger->Thread:restartedMain] Starting DemoApplication on XIONGCHUN with PID 6528 (started by lenovo in G:\01.AOSuite\01.SVN\AOSuite G2\showcase\a.springboot) 
2017-07-07 21:48:30 DEBUG [Class:o.s.b.StartupInfoLogger->Thread:restartedMain] Running with Spring Boot v2.0.0.M2, Spring v5.0.0.RC2 
2017-07-07 21:48:30 INFO [Class:o.s.b.SpringApplication->Thread:restartedMain] No active profile set, falling back to default profiles: default 
2017-07-07 21:48:30 INFO [Class:o.s.c.s.AbstractApplicationContext->Thread:restartedMain] Refreshing org.springframework.context.annotation.AnnotationConfigApplicationContext@78f573b: startup date [Fri Jul 07 21:48:30 CST 2017]; root of context hierarchy 
2017-07-07 21:48:31 INFO [Class:o.s.b.d.a.OptionalLiveReloadServer->Thread:restartedMain] LiveReload server is running on port 35729 
2017-07-07 21:48:31 INFO [Class:o.s.j.e.MBeanExporter->Thread:restartedMain] Registering beans for JMX exposure on startup 
2017-07-07 21:48:31 INFO [Class:o.s.b.StartupInfoLogger->Thread:restartedMain] Started DemoApplication in 1.284 seconds (JVM running for 2.01) 
2017-07-07 21:48:31 INFO [Class:o.s.c.s.AbstractApplicationContext->Thread:Thread-8] Closing org.springframework.context.annotation.AnnotationConfigApplicationContext@78f573b: startup date [Fri Jul 07 21:48:30 CST 2017]; root of context hierarchy 
2017-07-07 21:48:31 INFO [Class:o.s.j.e.MBeanExporter->Thread:Thread-8] Unregistering JMX-exposed beans on shutdown 
2017-07-07 22:38:10 INFO [Class:o.s.t.c.s.AbstractTestContextBootstrapper->Thread:main] Neither @ContextConfiguration nor @ContextHierarchy found for test class [com.example.demo.DemoApplicationTests], using SpringBootContextLoader 
2017-07-07 22:38:10 INFO [Class:o.s.t.c.s.AbstractContextLoader->Thread:main] Could not detect default resource locations for test class [com.example.demo.DemoApplicationTests]: no resource found for suffixes {-context.xml, Context.groovy}. 
2017-07-07 22:38:10 INFO [Class:o.s.t.c.s.AnnotationConfigContextLoaderUtils->Thread:main] Could not detect default configuration classes for test class [com.example.demo.DemoApplicationTests]: DemoApplicationTests does not declare any static, non-private, non-final, nested classes annotated with @Configuration. 
2017-07-07 23:34:18 INFO [Class:o.s.t.c.s.AbstractTestContextBootstrapper->Thread:main] Neither @ContextConfiguration nor @ContextHierarchy found for test class [com.example.demo.DemoApplicationTests], using SpringBootContextLoader 
2017-07-07 23:34:18 INFO [Class:o.s.t.c.s.AbstractContextLoader->Thread:main] Could not detect default resource locations for test class [com.example.demo.DemoApplicationTests]: no resource found for suffixes {-context.xml, Context.groovy}. 
2017-07-07 23:34:18 INFO [Class:o.s.t.c.s.AnnotationConfigContextLoaderUtils->Thread:main] Could not detect default configuration classes for test class [com.example.demo.DemoApplicationTests]: DemoApplicationTests does not declare any static, non-private, non-final, nested classes annotated with @Configuration. 
2017-07-07 23:35:02 INFO [Class:o.s.t.c.s.AbstractTestContextBootstrapper->Thread:main] Neither @ContextConfiguration nor @ContextHierarchy found for test class [com.example.demo.DemoApplicationTests], using SpringBootContextLoader 
2017-07-07 23:35:02 INFO [Class:o.s.t.c.s.AbstractContextLoader->Thread:main] Could not detect default resource locations for test class [com.example.demo.DemoApplicationTests]: no resource found for suffixes {-context.xml, Context.groovy}. 
2017-07-07 23:35:03 INFO [Class:o.s.t.c.s.AbstractTestContextBootstrapper->Thread:main] Loaded default TestExecutionListener class names from location [META-INF/spring.factories]: [org.springframework.boot.test.mock.mockito.MockitoTestExecutionListener, org.springframework.boot.test.mock.mockito.ResetMocksTestExecutionListener, org.springframework.boot.test.autoconfigure.restdocs.RestDocsTestExecutionListener, org.springframework.boot.test.autoconfigure.web.client.MockRestServiceServerResetTestExecutionListener, org.springframework.boot.test.autoconfigure.web.servlet.MockMvcPrintOnlyOnFailureTestExecutionListener, org.springframework.boot.test.autoconfigure.web.servlet.WebDriverTestExecutionListener, org.springframework.test.context.web.ServletTestExecutionListener, org.springframework.test.context.support.DirtiesContextBeforeModesTestExecutionListener, org.springframework.test.context.support.DependencyInjectionTestExecutionListener, org.springframework.test.context.support.DirtiesContextTestExecutionListener, org.springframework.test.context.transaction.TransactionalTestExecutionListener, org.springframework.test.context.jdbc.SqlScriptsTestExecutionListener] 
2017-07-07 23:35:03 INFO [Class:o.s.t.c.s.AbstractTestContextBootstrapper->Thread:main] Could not instantiate TestExecutionListener [org.springframework.test.context.web.ServletTestExecutionListener]. Specify custom listener classes or make the default listener classes (and their required dependencies) available. Offending class: [javax/servlet/ServletContext] 
2017-07-07 23:35:03 INFO [Class:o.s.t.c.s.AbstractTestContextBootstrapper->Thread:main] Could not instantiate TestExecutionListener [org.springframework.test.context.transaction.TransactionalTestExecutionListener]. Specify custom listener classes or make the default listener classes (and their required dependencies) available. Offending class: [org/springframework/transaction/interceptor/TransactionAttributeSource] 
2017-07-07 23:35:03 INFO [Class:o.s.t.c.s.AbstractTestContextBootstrapper->Thread:main] Could not instantiate TestExecutionListener [org.springframework.test.context.jdbc.SqlScriptsTestExecutionListener]. Specify custom listener classes or make the default listener classes (and their required dependencies) available. Offending class: [org/springframework/transaction/interceptor/TransactionAttribute] 
2017-07-07 23:35:03 INFO [Class:o.s.t.c.s.AbstractTestContextBootstrapper->Thread:main] Using TestExecutionListeners: [org.springframework.test.context.support.DirtiesContextBeforeModesTestExecutionListener@6580cfdd, org.springframework.boot.test.autoconfigure.SpringBootDependencyInjectionTestExecutionListener@7e0b85f9, org.springframework.test.context.support.DirtiesContextTestExecutionListener@63355449, org.springframework.boot.test.mock.mockito.ResetMocksTestExecutionListener@9353778, org.springframework.boot.test.autoconfigure.web.servlet.WebDriverTestExecutionListener@6a28ffa4, org.springframework.boot.test.autoconfigure.web.client.MockRestServiceServerResetTestExecutionListener@48ae9b55, org.springframework.boot.test.autoconfigure.web.servlet.MockMvcPrintOnlyOnFailureTestExecutionListener@1700915, org.springframework.boot.test.autoconfigure.restdocs.RestDocsTestExecutionListener@21de60b4, org.springframework.boot.test.mock.mockito.MockitoTestExecutionListener@c267ef4] 
2017-07-07 23:35:03 INFO [Class:o.s.b.StartupInfoLogger->Thread:main] Starting DemoApplicationTests on XIONGCHUN with PID 4416 (started by lenovo in G:\01.AOSuite\01.SVN\AOSuite G2\showcase\a.springboot) 
2017-07-07 23:35:03 INFO [Class:o.s.b.SpringApplication->Thread:main] No active profile set, falling back to default profiles: default 
2017-07-07 23:35:03 INFO [Class:o.s.c.s.AbstractApplicationContext->Thread:main] Refreshing org.springframework.context.annotation.AnnotationConfigApplicationContext@6bf0219d: startup date [Fri Jul 07 23:35:03 CST 2017]; root of context hierarchy 
2017-07-07 23:35:03 INFO [Class:o.s.b.StartupInfoLogger->Thread:main] Started DemoApplicationTests in 0.532 seconds (JVM running for 1.603) 
2017-07-07 23:35:03 INFO [Class:o.s.c.s.AbstractApplicationContext->Thread:Thread-2] Closing org.springframework.context.annotation.AnnotationConfigApplicationContext@6bf0219d: startup date [Fri Jul 07 23:35:03 CST 2017]; root of context hierarchy 
