2017-01-05 19:31:36 INFO [Class:o.e.j.s.Server->Thread:main] jetty-8.1.17.v20150415 
2017-01-05 19:31:37 INFO [Class:o.e.j.s.h.ContextHandler$Context->Thread:main] Initializing Spring root WebApplicationContext 
2017-01-05 19:31:41 INFO [Class:c.a.d.p.DruidDataSource->Thread:main] {dataSource-1} inited 
2017-01-05 19:31:43 DEBUG [Class:o.a.i.l.j.BaseJdbcLogger->Thread:main] ●● SQL语句: SELECT id_, name_, key_, value_, group_, remark_ FROM aos_params  
2017-01-05 19:31:43 DEBUG [Class:o.a.i.l.j.BaseJdbcLogger->Thread:main] ● SQL参数:  
2017-01-05 19:31:43 DEBUG [Class:o.a.i.l.j.BaseJdbcLogger->Thread:main] ● 1608211848140012, 登录请求等待信息, login_wait_msg_, 正在拼命带你飞, 请稍候..., 1,  
2017-01-05 19:31:43 DEBUG [Class:o.a.i.l.j.BaseJdbcLogger->Thread:main] ● 1608211848140013, 开发用户快捷登录账户, login_dev_account_, root, 1, 可设置为任意一个系统存在的账户。 
2017-01-05 19:31:43 DEBUG [Class:o.a.i.l.j.BaseJdbcLogger->Thread:main] ● 1608211848140014, 开发用户快捷登录开关, login_dev_, 1, 1, 可选值：1 | 0。1：打开；0：关闭。 
2017-01-05 19:31:43 DEBUG [Class:o.a.i.l.j.BaseJdbcLogger->Thread:main] ● 1608211848140016, 系统缺省皮肤, skin_, blue, 1, 可选值：blue|gray|aos。优先级低于用户自己的皮肤配置。 
2017-01-05 19:31:43 DEBUG [Class:o.a.i.l.j.BaseJdbcLogger->Thread:main] ● 1608211848140017, 登录页面的背景图片, login_back_img_, -1, 1, 登录页面的背景图片。可选的预设背景图片为：0.jpg、1.jpg、2.jpg。如果需要随机出现背景，则将其设置为-1。 
2017-01-05 19:31:43 DEBUG [Class:o.a.i.l.j.BaseJdbcLogger->Thread:main] ● 1608211848140018, 是否显示验证码, is_show_vercode_, 1, 1, 是否在登录页面显示验证码及后台验证码验证。可选值：0(否) | 1(是)。 
2017-01-05 19:31:43 DEBUG [Class:o.a.i.l.j.BaseJdbcLogger->Thread:main] ● 1608211848140019, 验证码长度, vercode_length_, 4, 1, null 
2017-01-05 19:31:43 DEBUG [Class:o.a.i.l.j.BaseJdbcLogger->Thread:main] ● 1608211848140020, 验证码待选字符集, vercode_characters_, abcdetx2345678, 1, null 
2017-01-05 19:31:43 DEBUG [Class:o.a.i.l.j.BaseJdbcLogger->Thread:main] ● 1608211848140022, Tab高亮颜色, tab_focus_color_, #0099FF, 1, 缺省的当前Tab卡片高亮提示颜色 
2017-01-05 19:31:43 DEBUG [Class:o.a.i.l.j.BaseJdbcLogger->Thread:main] ● 1608211848140023, 表格分页行数, page_size_, 50, 1, 缺省的分页大小。JSP页面的属性设置会覆盖这个配置。 
2017-01-05 19:31:43 DEBUG [Class:o.a.i.l.j.BaseJdbcLogger->Thread:main] ● 1608211848140024, 表格列单元格内容对齐方式, grid_column_algin_, left, 1, 表格列对齐模式。有效值：left|center|right。 
2017-01-05 19:31:43 DEBUG [Class:o.a.i.l.j.BaseJdbcLogger->Thread:main] ● 1608211848140025, 全局右键, prevent_rightclick_, false, 1, 阻止浏览器缺省鼠标右键事件。可选值：true|false。缺省值：true。 
2017-01-05 19:31:43 DEBUG [Class:o.a.i.l.j.BaseJdbcLogger->Thread:main] ● 1608211848140026, 下拉选择框的缺省提示信息, combobox_emptytext_, 请选择..., 1, null 
2017-01-05 19:31:43 DEBUG [Class:o.a.i.l.j.BaseJdbcLogger->Thread:main] ● 1608211848140028, 表单校验消息提示方式, msgtarget_, qtip, 1, 可选值必须是下列值之一 (1)、qtip 当用户鼠标悬停在该域之上时显示包含了消息的迅速提示。(2)、title 显示消息以浏览器默认的title属性弹出。 (3)、under 在域下方添加一块包含了错误消息的div。(4)、side 添加一个错误图标在域的右边，鼠标悬停上面时弹出显示消息。 
2017-01-05 19:31:43 DEBUG [Class:o.a.i.l.j.BaseJdbcLogger->Thread:main] ● 1608211848140029, 水平导航条按钮风格, nav_button_style_, tight, 1, 顶部水平导航条的按钮样式风格。tight：组合按钮；standalone：独立按钮。 
2017-01-05 19:31:43 DEBUG [Class:o.a.i.l.j.BaseJdbcLogger->Thread:main] ● 1608211848140030, 是否显示水平导航条, is_show_top_nav_, 1, 1, 是否显示水平导航条。可选值：1 | 0。 
2017-01-05 19:31:43 DEBUG [Class:o.a.i.l.j.BaseJdbcLogger->Thread:main] ● 1608211848140031, 页面刷新动画文件, page_load_gif_, wheel.gif, 1, 页面刷新动画文件。可选的预设动画文件：run.gif、wheel.gif。动画path：/static/image/gif/pageload。 
2017-01-05 19:31:43 DEBUG [Class:o.a.i.l.j.BaseJdbcLogger->Thread:main] ● 1608211848140032, 运行模式, run_mode_, 0, 1, 0：开发模式；1：生产模式；2：在线体验模式 
2017-01-05 19:31:43 DEBUG [Class:o.a.i.l.j.BaseJdbcLogger->Thread:main] ● 1608211848140033, 功能模块页面加载等待提示信息, page_load_msg_, 正在拼命带你飞, 请稍候..., 1,  
2017-01-05 19:31:43 DEBUG [Class:o.a.i.l.j.BaseJdbcLogger->Thread:main] ● 1608211848140034, 欢迎页标题, welcome_page_title_, 欢迎, 1,  
2017-01-05 19:31:43 DEBUG [Class:o.a.i.l.j.BaseJdbcLogger->Thread:main] ● 1608211848140035, 版权信息, copyright_, 2008-2015 OSWorks, 1, null 
2017-01-05 19:31:43 DEBUG [Class:o.a.i.l.j.BaseJdbcLogger->Thread:main] ● 1608211848140036, 用户会话Redis超时时间, user_login_timeout_, 18000, 1, 以秒(s)为单位。18000=5小时。 
2017-01-05 19:31:43 DEBUG [Class:o.a.i.l.j.BaseJdbcLogger->Thread:main] ● 1608211848140037, 首页浏览器标题, app_title_, AOS : JavaEE应用基础平台, 1,  
2017-01-05 19:31:43 DEBUG [Class:o.a.i.l.j.BaseJdbcLogger->Thread:main] ● 1608211848140038, 加解密算法密钥, code_key_, HY&XC&MW, 1, 用户密码加解密算法密钥：密钥不能小于8位 
2017-01-05 19:31:43 DEBUG [Class:o.a.i.l.j.BaseJdbcLogger->Thread:main] ● 1610221716240000, QQ群推广链接, qq_group_link_, http://jq.qq.com/?_wv=1027&k=40fPema, 1, 当系统处于在线演示模式时，登录系统后会弹出自动加QQ群提示。 
2017-01-05 19:31:43 DEBUG [Class:a.f.c.u.AOSPropertiesHandler->Thread:main] 开始装载属性资源参数文件... 
2017-01-05 19:31:43 DEBUG [Class:a.f.c.u.AOSCfgHandler->Thread:main] 解析XML参数配置文件... 
2017-01-05 19:31:44 DEBUG [Class:o.a.i.l.j.BaseJdbcLogger->Thread:main] ●● SQL语句: SELECT id_, name_, key_, code_, desc_, is_enable_, hotkey_, group_, sort_no_, remark_ FROM aos_dic WHERE is_enable_ = ?  
2017-01-05 19:31:44 DEBUG [Class:o.a.i.l.j.BaseJdbcLogger->Thread:main] ● SQL参数: 1(String) 
2017-01-05 19:31:44 DEBUG [Class:o.a.i.l.j.BaseJdbcLogger->Thread:main] ● 1608211848120001, 性别, sex_, 1, 男, 1, , 1, 1,  
2017-01-05 19:31:44 DEBUG [Class:o.a.i.l.j.BaseJdbcLogger->Thread:main] ● 1608211848120002, 性别, sex_, 2, 女, 1, null, 1, 2, null 
2017-01-05 19:31:44 DEBUG [Class:o.a.i.l.j.BaseJdbcLogger->Thread:main] ● 1608211848120003, 性别, sex_, 3, 未知, 1, null, 1, 3, null 
2017-01-05 19:31:44 DEBUG [Class:o.a.i.l.j.BaseJdbcLogger->Thread:main] ● 1608211848120004, 组件边框颜色, cmp_border_color_, blue, #99BCE8, 1, null, 1, 1, null 
2017-01-05 19:31:44 DEBUG [Class:o.a.i.l.j.BaseJdbcLogger->Thread:main] ● 1608211848120005, 组件边框颜色, cmp_border_color_, gray, #BCB0B0, 1, null, 1, 2, null 
2017-01-05 19:31:44 DEBUG [Class:o.a.i.l.j.BaseJdbcLogger->Thread:main] ● 1608211848120006, 主页面south区域背景颜色, south_back_color_, blue, #DFE8F6, 1, null, 1, 1, null 
2017-01-05 19:31:44 DEBUG [Class:o.a.i.l.j.BaseJdbcLogger->Thread:main] ● 1608211848120007, 主页面south区域背景颜色, south_back_color_, gray, #F0F0F0, 1, null, 1, 2, null 
2017-01-05 19:31:44 DEBUG [Class:o.a.i.l.j.BaseJdbcLogger->Thread:main] ● 1608211848120008, 文本主体色调, main_text_color_, blue, #6699CC, 1, null, 1, 1, null 
2017-01-05 19:31:44 DEBUG [Class:o.a.i.l.j.BaseJdbcLogger->Thread:main] ● 1608211848120009, 文本主体色调, main_text_color_, gray, #888888, 1, null, 1, 2, null 
2017-01-05 19:31:44 DEBUG [Class:o.a.i.l.j.BaseJdbcLogger->Thread:main] ● 1608211848120010, 导航文字颜色, nav_text_color_, blue, #3399FF, 1, null, 1, 1, null 
2017-01-05 19:31:44 DEBUG [Class:o.a.i.l.j.BaseJdbcLogger->Thread:main] ● 1608211848120011, 导航文字颜色, nav_text_color_, gray, #555555, 1, null, 1, 2, null 
2017-01-05 19:31:44 DEBUG [Class:o.a.i.l.j.BaseJdbcLogger->Thread:main] ● 1608211848120012, 用户类型, user_type_, 1, 缺省, 1, null, 1, 1, null 
2017-01-05 19:31:44 DEBUG [Class:o.a.i.l.j.BaseJdbcLogger->Thread:main] ● 1608211848120013, 用户状态, user_status_, 1, 正常, 1, null, 1, 1, null 
2017-01-05 19:31:44 DEBUG [Class:o.a.i.l.j.BaseJdbcLogger->Thread:main] ● 1608211848120014, 用户状态, user_status_, 2, 锁定, 1, null, 1, 2, null 
2017-01-05 19:31:44 DEBUG [Class:o.a.i.l.j.BaseJdbcLogger->Thread:main] ● 1608211848120015, 用户状态, user_status_, 3, 停用, 1, null, 1, 3, null 
2017-01-05 19:31:44 DEBUG [Class:o.a.i.l.j.BaseJdbcLogger->Thread:main] ● 1608211848120016, 是否开关, is_, 1, 是, 1, null, 1, 1, null 
2017-01-05 19:31:44 DEBUG [Class:o.a.i.l.j.BaseJdbcLogger->Thread:main] ● 1608211848120017, 是否开关, is_, 0, 否, 1, null, 1, 2, null 
2017-01-05 19:31:44 DEBUG [Class:o.a.i.l.j.BaseJdbcLogger->Thread:main] ● 1608211848120018, 组织类型, org_type_, 1, 缺省, 1, , 1, 1,  
2017-01-05 19:31:44 DEBUG [Class:o.a.i.l.j.BaseJdbcLogger->Thread:main] ● 1608211848120020, 角色授权类型, role_grant_type_, 1, 业务办理权限, 1, null, 1, 1, null 
2017-01-05 19:31:44 DEBUG [Class:o.a.i.l.j.BaseJdbcLogger->Thread:main] ● 1608211848120021, 角色授权类型, role_grant_type_, 2, 管理授权权限, 1, null, 1, 1,  
2017-01-05 19:31:44 DEBUG [Class:o.a.i.l.j.BaseJdbcLogger->Thread:main] ● 1608211848120022, 参数分组, params_group_, 1, 系统缺省参数, 1, null, 1, 1, null 
2017-01-05 19:31:44 DEBUG [Class:o.a.i.l.j.BaseJdbcLogger->Thread:main] ● 1608211848120023, 参数分组, params_group_, 2, 产品业务参数, 1, null, 1, 2, null 
2017-01-05 19:31:44 DEBUG [Class:o.a.i.l.j.BaseJdbcLogger->Thread:main] ● 1608211848120024, 字典分组, dic_group_, 1, 系统缺省字典, 1, null, 1, 1, null 
2017-01-05 19:31:44 DEBUG [Class:o.a.i.l.j.BaseJdbcLogger->Thread:main] ● 1608211848120025, 字典分组, dic_group_, 2, 产品业务字典, 1, null, 1, 1,  
2017-01-05 19:31:44 DEBUG [Class:o.a.i.l.j.BaseJdbcLogger->Thread:main] ● 1609082331410000, 界面皮肤, skin_, blue, 经典蓝, 1, null, 1, 1, null 
2017-01-05 19:31:44 DEBUG [Class:o.a.i.l.j.BaseJdbcLogger->Thread:main] ● 1609082333290001, 界面皮肤, skin_, gray, 魅力灰, 1, null, 1, 2,  
2017-01-05 19:31:44 DEBUG [Class:o.a.i.l.j.BaseJdbcLogger->Thread:main] ● 1609112054530003, 角色类型, role_type_, 1, 缺省, 1, null, 1, 1,  
2017-01-05 19:31:44 DEBUG [Class:o.a.i.l.j.BaseJdbcLogger->Thread:main] ● 1609281541100768, 图标类型, icon_type_, 1, 小图标, 1, null, 1, 1, null 
2017-01-05 19:31:44 DEBUG [Class:o.a.i.l.j.BaseJdbcLogger->Thread:main] ● 1609281541340769, 图标类型, icon_type_, 2, 大图标, 1, null, 2, 2, null 
2017-01-05 19:31:44 DEBUG [Class:o.a.i.l.j.BaseJdbcLogger->Thread:main] ● 1609281541530770, 图标类型, icon_type_, 3, 字体图标, 1, null, 2, 3, null 
2017-01-05 19:31:44 DEBUG [Class:o.a.i.l.j.BaseJdbcLogger->Thread:main] ● 1611152302520036, 卡类型, card_type_, 1, 普卡, 1, null, 2, 1, 演示模块使用 
2017-01-05 19:31:44 DEBUG [Class:o.a.i.l.j.BaseJdbcLogger->Thread:main] ● 1611152303240037, 卡类型, card_type_, 2, 金卡, 1, null, 2, 2, 演示模块使用 
2017-01-05 19:31:44 DEBUG [Class:o.a.i.l.j.BaseJdbcLogger->Thread:main] ● 1612290039290002, Redis数据类型, cmd_type_, 1, String, 1, null, 2, 1, null 
2017-01-05 19:31:44 DEBUG [Class:o.a.i.l.j.BaseJdbcLogger->Thread:main] ● 1612290039520003, Redis数据类型, cmd_type_, 2, HashMap, 1, null, 2, 2,  
2017-01-05 19:31:44 DEBUG [Class:o.a.i.l.j.BaseJdbcLogger->Thread:main] ● 1612290040070004, Redis数据类型, cmd_type_, 3, List, 1, null, 2, 3, null 
2017-01-05 19:31:44 DEBUG [Class:o.a.i.l.j.BaseJdbcLogger->Thread:main] ● 1612290040280005, Redis数据类型, cmd_type_, 4, Set, 1, null, 2, 4, null 
2017-01-05 19:31:44 INFO [Class:o.e.j.s.h.ContextHandler$Context->Thread:main] Initializing Spring FrameworkServlet 'springDispatcherServlet' 
2017-01-05 19:31:45 INFO [Class:o.e.j.s.AbstractConnector->Thread:main] Started SelectChannelConnector@0.0.0.0:10010 
2017-01-05 19:31:49 INFO [Class:a.f.w.r.HttpRouterController->Thread:qtp165684374-25] ●●● ClientIP：127.0.0.1，URI：/aosuite/http/do.jhtml，ROUTER：homeService.initLogin，HttpModel： 〓入参: {"router":"homeService.initLogin"}  
2017-01-05 19:31:55 DEBUG [Class:o.a.i.l.j.BaseJdbcLogger->Thread:qtp165684374-34] ●● SQL语句: SELECT id_, account_, password_, name_, sex_, status_, type_, org_id_, email_, mobile_, idno_, skin_, biz_code_, address_, remark_, is_del_, create_time_, create_by_ FROM aos_user WHERE account_ = ?  
2017-01-05 19:31:55 DEBUG [Class:o.a.i.l.j.BaseJdbcLogger->Thread:qtp165684374-34] ● SQL参数: root(String) 
2017-01-05 19:31:55 DEBUG [Class:o.a.i.l.j.BaseJdbcLogger->Thread:qtp165684374-34] ● 9999999999999999, root, a2c292420f2af5038fefd1bb63eeb736, 超级用户, 1, 1, 1, 1609052226010010, , , , blue, , , , 0, 2016-08-12 17:38:19.0, 9999999999999999 
2017-01-05 19:31:55 DEBUG [Class:o.a.i.l.j.BaseJdbcLogger->Thread:qtp165684374-34] ●● SQL语句: SELECT id_, cascade_id_, name_, hotkey_, parent_id_, is_leaf_, is_auto_expand_, icon_name_, type_, biz_code_, sort_no_, remark_, is_del_, create_time_, create_by_ FROM aos_org WHERE id_ = ?  
2017-01-05 19:31:55 DEBUG [Class:o.a.i.l.j.BaseJdbcLogger->Thread:qtp165684374-34] ● SQL参数: 1609052226010010(String) 
2017-01-05 19:31:55 DEBUG [Class:o.a.i.l.j.BaseJdbcLogger->Thread:qtp165684374-34] ● 1609052226010010, 0, 中国工商银行, , 0, 0, 1, home.png, 1, , 1, , 0, 2016-08-12 17:38:32.0, 1609091343220003 
2017-01-05 19:31:55 DEBUG [Class:o.a.i.l.j.BaseJdbcLogger->Thread:qtp165684374-34] ●● SQL语句: SELECT id_, cascade_id_, name_, hotkey_, parent_id_, is_leaf_, is_auto_expand_, icon_name_, type_, biz_code_, sort_no_, remark_, is_del_, create_time_, create_by_ FROM aos_org WHERE id_ = ?  
2017-01-05 19:31:55 DEBUG [Class:o.a.i.l.j.BaseJdbcLogger->Thread:qtp165684374-34] ● SQL参数: 1609052226010010(String) 
2017-01-05 19:31:55 DEBUG [Class:o.a.i.l.j.BaseJdbcLogger->Thread:qtp165684374-34] ● 1609052226010010, 0, 中国工商银行, , 0, 0, 1, home.png, 1, , 1, , 0, 2016-08-12 17:38:32.0, 1609091343220003 
2017-01-05 19:31:55 INFO [Class:a.f.w.r.HttpRouterController->Thread:qtp165684374-34] ●●● ClientIP：127.0.0.1，URI：/aosuite/http/do.jhtml，ROUTER：homeService.loginDev，HttpModel： 〓入参: {"juid":"","app":"169","account_":"root","router":"homeService.loginDev"} 〓出参: {"juid":"564ad318fe2f46f298601bc0f989ab2e","appcode":"1"}  
2017-01-05 19:31:55 DEBUG [Class:o.a.i.l.j.BaseJdbcLogger->Thread:qtp165684374-25] ●● SQL语句: SELECT DISTINCT aos_module.id_, aos_module.cascade_id_, aos_module.parent_id_, aos_module.name_, aos_module.url_, aos_module.icon_name_, aos_module.is_leaf_, aos_module.is_auto_expand_, aos_module.is_enable_, aos_module.vector_, aos_module.sort_no_ FROM aos_module, aos_role_module WHERE aos_module.id_ = aos_role_module.module_id_ AND aos_module.is_enable_ = '1' AND aos_role_module.grant_type_ = ? AND aos_role_module.role_id_ IN ( SELECT role_id_ FROM aos_user_role WHERE user_id_ = ? ) AND LENGTH(aos_module.cascade_id_) = 5 ORDER BY aos_module.sort_no_ ASC  
2017-01-05 19:31:55 DEBUG [Class:o.a.i.l.j.BaseJdbcLogger->Thread:qtp165684374-25] ● SQL参数: 1(String), 9999999999999999(String) 
2017-01-05 19:31:55 DEBUG [Class:o.a.i.l.j.BaseJdbcLogger->Thread:qtp165684374-25] ● 1608211848140002, 0.001, 1608211848140001, 系统管理, null, folder22.png, 0, 1, 1, fa-cogs, 10 
2017-01-05 19:31:55 DEBUG [Class:o.a.i.l.j.BaseJdbcLogger->Thread:qtp165684374-25] ● 1608211848140004, 0.002, 1608211848140001, 范例, , folder9.png, 0, 1, 1, fa-bug, 20 
2017-01-05 19:31:55 INFO [Class:a.f.w.r.HttpRouterController->Thread:qtp165684374-25] ●●● ClientIP：127.0.0.1，URI：/aosuite/http/do.jhtml，ROUTER：homeService.initIndex，HttpModel： 〓入参: {"juid":"564ad318fe2f46f298601bc0f989ab2e","router":"homeService.initIndex"} 〓当前用户: {"account_":"root","name_":"超级用户"}  
2017-01-05 19:31:57 INFO [Class:a.f.w.r.HttpRouterController->Thread:qtp165684374-25] ●●● ClientIP：127.0.0.1，URI：/aosuite/http/do.jhtml，ROUTER：homeService.initPortal，HttpModel： 〓入参: {"juid":"564ad318fe2f46f298601bc0f989ab2e","router":"homeService.initPortal"} 〓当前用户: {"account_":"root","name_":"超级用户"}  
2017-01-05 19:32:07 INFO [Class:a.f.w.r.HttpRouterController->Thread:qtp165684374-27] ●●● ClientIP：127.0.0.1，URI：/aosuite/http/do.jhtml，ROUTER：homeService.initIndex，HttpModel： 〓入参: {"juid":"564ad318fe2f46f298601bc0f989ab2e","router":"homeService.initIndex"} 〓当前用户: {"account_":"root","name_":"超级用户"}  
2017-01-05 19:32:08 INFO [Class:a.f.w.r.HttpRouterController->Thread:qtp165684374-34] ●●● ClientIP：127.0.0.1，URI：/aosuite/http/do.jhtml，ROUTER：homeService.initPortal，HttpModel： 〓入参: {"juid":"564ad318fe2f46f298601bc0f989ab2e","router":"homeService.initPortal"} 〓当前用户: {"account_":"root","name_":"超级用户"}  
2017-01-05 19:36:35 INFO [Class:o.e.j.s.Server->Thread:main] jetty-8.1.17.v20150415 
2017-01-05 19:36:36 INFO [Class:o.e.j.s.h.ContextHandler$Context->Thread:main] Initializing Spring root WebApplicationContext 
2017-01-05 19:36:39 INFO [Class:c.a.d.p.DruidDataSource->Thread:main] {dataSource-1} inited 
2017-01-05 19:36:41 DEBUG [Class:o.a.i.l.j.BaseJdbcLogger->Thread:main] ●● SQL语句: SELECT id_, name_, key_, value_, group_, remark_ FROM aos_params  
2017-01-05 19:36:41 DEBUG [Class:o.a.i.l.j.BaseJdbcLogger->Thread:main] ● SQL参数:  
2017-01-05 19:36:41 DEBUG [Class:o.a.i.l.j.BaseJdbcLogger->Thread:main] ● 1608211848140012, 登录请求等待信息, login_wait_msg_, 正在拼命带你飞, 请稍候..., 1,  
2017-01-05 19:36:41 DEBUG [Class:o.a.i.l.j.BaseJdbcLogger->Thread:main] ● 1608211848140013, 开发用户快捷登录账户, login_dev_account_, root, 1, 可设置为任意一个系统存在的账户。 
2017-01-05 19:36:41 DEBUG [Class:o.a.i.l.j.BaseJdbcLogger->Thread:main] ● 1608211848140014, 开发用户快捷登录开关, login_dev_, 1, 1, 可选值：1 | 0。1：打开；0：关闭。 
2017-01-05 19:36:41 DEBUG [Class:o.a.i.l.j.BaseJdbcLogger->Thread:main] ● 1608211848140016, 系统缺省皮肤, skin_, blue, 1, 可选值：blue|gray|aos。优先级低于用户自己的皮肤配置。 
2017-01-05 19:36:41 DEBUG [Class:o.a.i.l.j.BaseJdbcLogger->Thread:main] ● 1608211848140017, 登录页面的背景图片, login_back_img_, -1, 1, 登录页面的背景图片。可选的预设背景图片为：0.jpg、1.jpg、2.jpg。如果需要随机出现背景，则将其设置为-1。 
2017-01-05 19:36:41 DEBUG [Class:o.a.i.l.j.BaseJdbcLogger->Thread:main] ● 1608211848140018, 是否显示验证码, is_show_vercode_, 1, 1, 是否在登录页面显示验证码及后台验证码验证。可选值：0(否) | 1(是)。 
2017-01-05 19:36:41 DEBUG [Class:o.a.i.l.j.BaseJdbcLogger->Thread:main] ● 1608211848140019, 验证码长度, vercode_length_, 4, 1, null 
2017-01-05 19:36:41 DEBUG [Class:o.a.i.l.j.BaseJdbcLogger->Thread:main] ● 1608211848140020, 验证码待选字符集, vercode_characters_, abcdetx2345678, 1, null 
2017-01-05 19:36:41 DEBUG [Class:o.a.i.l.j.BaseJdbcLogger->Thread:main] ● 1608211848140022, Tab高亮颜色, tab_focus_color_, #0099FF, 1, 缺省的当前Tab卡片高亮提示颜色 
2017-01-05 19:36:41 DEBUG [Class:o.a.i.l.j.BaseJdbcLogger->Thread:main] ● 1608211848140023, 表格分页行数, page_size_, 50, 1, 缺省的分页大小。JSP页面的属性设置会覆盖这个配置。 
2017-01-05 19:36:41 DEBUG [Class:o.a.i.l.j.BaseJdbcLogger->Thread:main] ● 1608211848140024, 表格列单元格内容对齐方式, grid_column_algin_, left, 1, 表格列对齐模式。有效值：left|center|right。 
2017-01-05 19:36:41 DEBUG [Class:o.a.i.l.j.BaseJdbcLogger->Thread:main] ● 1608211848140025, 全局右键, prevent_rightclick_, false, 1, 阻止浏览器缺省鼠标右键事件。可选值：true|false。缺省值：true。 
2017-01-05 19:36:41 DEBUG [Class:o.a.i.l.j.BaseJdbcLogger->Thread:main] ● 1608211848140026, 下拉选择框的缺省提示信息, combobox_emptytext_, 请选择..., 1, null 
2017-01-05 19:36:41 DEBUG [Class:o.a.i.l.j.BaseJdbcLogger->Thread:main] ● 1608211848140028, 表单校验消息提示方式, msgtarget_, qtip, 1, 可选值必须是下列值之一 (1)、qtip 当用户鼠标悬停在该域之上时显示包含了消息的迅速提示。(2)、title 显示消息以浏览器默认的title属性弹出。 (3)、under 在域下方添加一块包含了错误消息的div。(4)、side 添加一个错误图标在域的右边，鼠标悬停上面时弹出显示消息。 
2017-01-05 19:36:41 DEBUG [Class:o.a.i.l.j.BaseJdbcLogger->Thread:main] ● 1608211848140029, 水平导航条按钮风格, nav_button_style_, tight, 1, 顶部水平导航条的按钮样式风格。tight：组合按钮；standalone：独立按钮。 
2017-01-05 19:36:41 DEBUG [Class:o.a.i.l.j.BaseJdbcLogger->Thread:main] ● 1608211848140030, 是否显示水平导航条, is_show_top_nav_, 1, 1, 是否显示水平导航条。可选值：1 | 0。 
2017-01-05 19:36:41 DEBUG [Class:o.a.i.l.j.BaseJdbcLogger->Thread:main] ● 1608211848140031, 页面刷新动画文件, page_load_gif_, wheel.gif, 1, 页面刷新动画文件。可选的预设动画文件：run.gif、wheel.gif。动画path：/static/image/gif/pageload。 
2017-01-05 19:36:41 DEBUG [Class:o.a.i.l.j.BaseJdbcLogger->Thread:main] ● 1608211848140032, 运行模式, run_mode_, 0, 1, 0：开发模式；1：生产模式；2：在线体验模式 
2017-01-05 19:36:41 DEBUG [Class:o.a.i.l.j.BaseJdbcLogger->Thread:main] ● 1608211848140033, 功能模块页面加载等待提示信息, page_load_msg_, 正在拼命带你飞, 请稍候..., 1,  
2017-01-05 19:36:41 DEBUG [Class:o.a.i.l.j.BaseJdbcLogger->Thread:main] ● 1608211848140034, 欢迎页标题, welcome_page_title_, 欢迎, 1,  
2017-01-05 19:36:41 DEBUG [Class:o.a.i.l.j.BaseJdbcLogger->Thread:main] ● 1608211848140035, 版权信息, copyright_, 2008-2015 OSWorks, 1, null 
2017-01-05 19:36:41 DEBUG [Class:o.a.i.l.j.BaseJdbcLogger->Thread:main] ● 1608211848140036, 用户会话Redis超时时间, user_login_timeout_, 18000, 1, 以秒(s)为单位。18000=5小时。 
2017-01-05 19:36:41 DEBUG [Class:o.a.i.l.j.BaseJdbcLogger->Thread:main] ● 1608211848140037, 首页浏览器标题, app_title_, AOS : JavaEE应用基础平台, 1,  
2017-01-05 19:36:41 DEBUG [Class:o.a.i.l.j.BaseJdbcLogger->Thread:main] ● 1608211848140038, 加解密算法密钥, code_key_, HY&XC&MW, 1, 用户密码加解密算法密钥：密钥不能小于8位 
2017-01-05 19:36:41 DEBUG [Class:o.a.i.l.j.BaseJdbcLogger->Thread:main] ● 1610221716240000, QQ群推广链接, qq_group_link_, http://jq.qq.com/?_wv=1027&k=40fPema, 1, 当系统处于在线演示模式时，登录系统后会弹出自动加QQ群提示。 
2017-01-05 19:36:41 DEBUG [Class:a.f.c.u.AOSPropertiesHandler->Thread:main] 开始装载属性资源参数文件... 
2017-01-05 19:36:41 DEBUG [Class:a.f.c.u.AOSCfgHandler->Thread:main] 解析XML参数配置文件... 
2017-01-05 19:36:41 DEBUG [Class:o.a.i.l.j.BaseJdbcLogger->Thread:main] ●● SQL语句: SELECT id_, name_, key_, code_, desc_, is_enable_, hotkey_, group_, sort_no_, remark_ FROM aos_dic WHERE is_enable_ = ?  
2017-01-05 19:36:41 DEBUG [Class:o.a.i.l.j.BaseJdbcLogger->Thread:main] ● SQL参数: 1(String) 
2017-01-05 19:36:41 DEBUG [Class:o.a.i.l.j.BaseJdbcLogger->Thread:main] ● 1608211848120001, 性别, sex_, 1, 男, 1, , 1, 1,  
2017-01-05 19:36:41 DEBUG [Class:o.a.i.l.j.BaseJdbcLogger->Thread:main] ● 1608211848120002, 性别, sex_, 2, 女, 1, null, 1, 2, null 
2017-01-05 19:36:41 DEBUG [Class:o.a.i.l.j.BaseJdbcLogger->Thread:main] ● 1608211848120003, 性别, sex_, 3, 未知, 1, null, 1, 3, null 
2017-01-05 19:36:41 DEBUG [Class:o.a.i.l.j.BaseJdbcLogger->Thread:main] ● 1608211848120004, 组件边框颜色, cmp_border_color_, blue, #99BCE8, 1, null, 1, 1, null 
2017-01-05 19:36:41 DEBUG [Class:o.a.i.l.j.BaseJdbcLogger->Thread:main] ● 1608211848120005, 组件边框颜色, cmp_border_color_, gray, #BCB0B0, 1, null, 1, 2, null 
2017-01-05 19:36:41 DEBUG [Class:o.a.i.l.j.BaseJdbcLogger->Thread:main] ● 1608211848120006, 主页面south区域背景颜色, south_back_color_, blue, #DFE8F6, 1, null, 1, 1, null 
2017-01-05 19:36:41 DEBUG [Class:o.a.i.l.j.BaseJdbcLogger->Thread:main] ● 1608211848120007, 主页面south区域背景颜色, south_back_color_, gray, #F0F0F0, 1, null, 1, 2, null 
2017-01-05 19:36:41 DEBUG [Class:o.a.i.l.j.BaseJdbcLogger->Thread:main] ● 1608211848120008, 文本主体色调, main_text_color_, blue, #6699CC, 1, null, 1, 1, null 
2017-01-05 19:36:41 DEBUG [Class:o.a.i.l.j.BaseJdbcLogger->Thread:main] ● 1608211848120009, 文本主体色调, main_text_color_, gray, #888888, 1, null, 1, 2, null 
2017-01-05 19:36:41 DEBUG [Class:o.a.i.l.j.BaseJdbcLogger->Thread:main] ● 1608211848120010, 导航文字颜色, nav_text_color_, blue, #3399FF, 1, null, 1, 1, null 
2017-01-05 19:36:41 DEBUG [Class:o.a.i.l.j.BaseJdbcLogger->Thread:main] ● 1608211848120011, 导航文字颜色, nav_text_color_, gray, #555555, 1, null, 1, 2, null 
2017-01-05 19:36:41 DEBUG [Class:o.a.i.l.j.BaseJdbcLogger->Thread:main] ● 1608211848120012, 用户类型, user_type_, 1, 缺省, 1, null, 1, 1, null 
2017-01-05 19:36:41 DEBUG [Class:o.a.i.l.j.BaseJdbcLogger->Thread:main] ● 1608211848120013, 用户状态, user_status_, 1, 正常, 1, null, 1, 1, null 
2017-01-05 19:36:41 DEBUG [Class:o.a.i.l.j.BaseJdbcLogger->Thread:main] ● 1608211848120014, 用户状态, user_status_, 2, 锁定, 1, null, 1, 2, null 
2017-01-05 19:36:41 DEBUG [Class:o.a.i.l.j.BaseJdbcLogger->Thread:main] ● 1608211848120015, 用户状态, user_status_, 3, 停用, 1, null, 1, 3, null 
2017-01-05 19:36:41 DEBUG [Class:o.a.i.l.j.BaseJdbcLogger->Thread:main] ● 1608211848120016, 是否开关, is_, 1, 是, 1, null, 1, 1, null 
2017-01-05 19:36:41 DEBUG [Class:o.a.i.l.j.BaseJdbcLogger->Thread:main] ● 1608211848120017, 是否开关, is_, 0, 否, 1, null, 1, 2, null 
2017-01-05 19:36:41 DEBUG [Class:o.a.i.l.j.BaseJdbcLogger->Thread:main] ● 1608211848120018, 组织类型, org_type_, 1, 缺省, 1, , 1, 1,  
2017-01-05 19:36:41 DEBUG [Class:o.a.i.l.j.BaseJdbcLogger->Thread:main] ● 1608211848120020, 角色授权类型, role_grant_type_, 1, 业务办理权限, 1, null, 1, 1, null 
2017-01-05 19:36:41 DEBUG [Class:o.a.i.l.j.BaseJdbcLogger->Thread:main] ● 1608211848120021, 角色授权类型, role_grant_type_, 2, 管理授权权限, 1, null, 1, 1,  
2017-01-05 19:36:41 DEBUG [Class:o.a.i.l.j.BaseJdbcLogger->Thread:main] ● 1608211848120022, 参数分组, params_group_, 1, 系统缺省参数, 1, null, 1, 1, null 
2017-01-05 19:36:41 DEBUG [Class:o.a.i.l.j.BaseJdbcLogger->Thread:main] ● 1608211848120023, 参数分组, params_group_, 2, 产品业务参数, 1, null, 1, 2, null 
2017-01-05 19:36:41 DEBUG [Class:o.a.i.l.j.BaseJdbcLogger->Thread:main] ● 1608211848120024, 字典分组, dic_group_, 1, 系统缺省字典, 1, null, 1, 1, null 
2017-01-05 19:36:41 DEBUG [Class:o.a.i.l.j.BaseJdbcLogger->Thread:main] ● 1608211848120025, 字典分组, dic_group_, 2, 产品业务字典, 1, null, 1, 1,  
2017-01-05 19:36:41 DEBUG [Class:o.a.i.l.j.BaseJdbcLogger->Thread:main] ● 1609082331410000, 界面皮肤, skin_, blue, 经典蓝, 1, null, 1, 1, null 
2017-01-05 19:36:41 DEBUG [Class:o.a.i.l.j.BaseJdbcLogger->Thread:main] ● 1609082333290001, 界面皮肤, skin_, gray, 魅力灰, 1, null, 1, 2,  
2017-01-05 19:36:41 DEBUG [Class:o.a.i.l.j.BaseJdbcLogger->Thread:main] ● 1609112054530003, 角色类型, role_type_, 1, 缺省, 1, null, 1, 1,  
2017-01-05 19:36:41 DEBUG [Class:o.a.i.l.j.BaseJdbcLogger->Thread:main] ● 1609281541100768, 图标类型, icon_type_, 1, 小图标, 1, null, 1, 1, null 
2017-01-05 19:36:41 DEBUG [Class:o.a.i.l.j.BaseJdbcLogger->Thread:main] ● 1609281541340769, 图标类型, icon_type_, 2, 大图标, 1, null, 2, 2, null 
2017-01-05 19:36:41 DEBUG [Class:o.a.i.l.j.BaseJdbcLogger->Thread:main] ● 1609281541530770, 图标类型, icon_type_, 3, 字体图标, 1, null, 2, 3, null 
2017-01-05 19:36:41 DEBUG [Class:o.a.i.l.j.BaseJdbcLogger->Thread:main] ● 1611152302520036, 卡类型, card_type_, 1, 普卡, 1, null, 2, 1, 演示模块使用 
2017-01-05 19:36:41 DEBUG [Class:o.a.i.l.j.BaseJdbcLogger->Thread:main] ● 1611152303240037, 卡类型, card_type_, 2, 金卡, 1, null, 2, 2, 演示模块使用 
2017-01-05 19:36:41 DEBUG [Class:o.a.i.l.j.BaseJdbcLogger->Thread:main] ● 1612290039290002, Redis数据类型, cmd_type_, 1, String, 1, null, 2, 1, null 
2017-01-05 19:36:41 DEBUG [Class:o.a.i.l.j.BaseJdbcLogger->Thread:main] ● 1612290039520003, Redis数据类型, cmd_type_, 2, HashMap, 1, null, 2, 2,  
2017-01-05 19:36:41 DEBUG [Class:o.a.i.l.j.BaseJdbcLogger->Thread:main] ● 1612290040070004, Redis数据类型, cmd_type_, 3, List, 1, null, 2, 3, null 
2017-01-05 19:36:41 DEBUG [Class:o.a.i.l.j.BaseJdbcLogger->Thread:main] ● 1612290040280005, Redis数据类型, cmd_type_, 4, Set, 1, null, 2, 4, null 
2017-01-05 19:36:41 INFO [Class:o.e.j.s.h.ContextHandler$Context->Thread:main] Initializing Spring FrameworkServlet 'springDispatcherServlet' 
2017-01-05 19:36:42 INFO [Class:o.e.j.s.AbstractConnector->Thread:main] Started SelectChannelConnector@0.0.0.0:10010 
2017-01-05 19:36:44 DEBUG [Class:o.a.i.l.j.BaseJdbcLogger->Thread:qtp1518467306-27] ●● SQL语句: SELECT DISTINCT aos_module.id_, aos_module.cascade_id_, aos_module.parent_id_, aos_module.name_, aos_module.url_, aos_module.icon_name_, aos_module.is_leaf_, aos_module.is_auto_expand_, aos_module.is_enable_, aos_module.vector_, aos_module.sort_no_ FROM aos_module, aos_role_module WHERE aos_module.id_ = aos_role_module.module_id_ AND aos_module.is_enable_ = '1' AND aos_role_module.grant_type_ = ? AND aos_role_module.role_id_ IN ( SELECT role_id_ FROM aos_user_role WHERE user_id_ = ? ) AND LENGTH(aos_module.cascade_id_) = 5 ORDER BY aos_module.sort_no_ ASC  
2017-01-05 19:36:44 DEBUG [Class:o.a.i.l.j.BaseJdbcLogger->Thread:qtp1518467306-27] ● SQL参数: 1(String), 9999999999999999(String) 
2017-01-05 19:36:44 DEBUG [Class:o.a.i.l.j.BaseJdbcLogger->Thread:qtp1518467306-27] ● 1608211848140002, 0.001, 1608211848140001, 系统管理, null, folder22.png, 0, 1, 1, fa-cogs, 10 
2017-01-05 19:36:44 DEBUG [Class:o.a.i.l.j.BaseJdbcLogger->Thread:qtp1518467306-27] ● 1608211848140004, 0.002, 1608211848140001, 范例, , folder9.png, 0, 1, 1, fa-bug, 20 
2017-01-05 19:36:44 INFO [Class:a.f.w.r.HttpRouterController->Thread:qtp1518467306-27] ●●● ClientIP：127.0.0.1，URI：/aosuite/http/do.jhtml，ROUTER：homeService.initIndex，HttpModel： 〓入参: {"juid":"564ad318fe2f46f298601bc0f989ab2e","router":"homeService.initIndex"} 〓当前用户: {"account_":"root","name_":"超级用户"}  
2017-01-05 19:36:49 INFO [Class:a.f.w.r.HttpRouterController->Thread:qtp1518467306-25] ●●● ClientIP：127.0.0.1，URI：/aosuite/http/do.jhtml，ROUTER：homeService.initPortal，HttpModel： 〓入参: {"juid":"564ad318fe2f46f298601bc0f989ab2e","router":"homeService.initPortal"} 〓当前用户: {"account_":"root","name_":"超级用户"}  
2017-01-05 19:36:49 DEBUG [Class:o.a.i.l.j.BaseJdbcLogger->Thread:qtp1518467306-28] ●● SQL语句: SELECT DISTINCT aos_module.id_, aos_module.cascade_id_, aos_module.parent_id_, aos_module.name_, aos_module.url_, aos_module.icon_name_, aos_module.is_leaf_, aos_module.is_auto_expand_, aos_module.is_enable_, aos_module.vector_, aos_module.sort_no_ FROM aos_module, aos_role_module WHERE aos_module.id_ = aos_role_module.module_id_ AND aos_module.is_enable_ = '1' AND aos_role_module.grant_type_ = ? AND aos_role_module.role_id_ IN ( SELECT role_id_ FROM aos_user_role WHERE user_id_ = ? ) AND aos_module.cascade_id_ like '0.001%' ORDER BY aos_module.sort_no_ ASC  
2017-01-05 19:36:49 DEBUG [Class:o.a.i.l.j.BaseJdbcLogger->Thread:qtp1518467306-28] ● SQL参数: 1(String), 9999999999999999(String) 
2017-01-05 19:36:49 DEBUG [Class:o.a.i.l.j.BaseJdbcLogger->Thread:qtp1518467306-28] ● 1609251713430093, 0.001.007.001, 1609251712430092, 键值参数, masterDataService.initParam, icon153.png, 1, 0, 1, , 10 
2017-01-05 19:36:49 DEBUG [Class:o.a.i.l.j.BaseJdbcLogger->Thread:qtp1518467306-28] ● 1608211848140002, 0.001, 1608211848140001, 系统管理, null, folder22.png, 0, 1, 1, fa-cogs, 10 
2017-01-05 19:36:49 DEBUG [Class:o.a.i.l.j.BaseJdbcLogger->Thread:qtp1518467306-28] ● 1611241444020101, 0.001.010.002, 1609271530350000, Redis缓存管理, cacheManageService.init, freelance.png, 1, 0, 1, , 10 
2017-01-05 19:36:49 DEBUG [Class:o.a.i.l.j.BaseJdbcLogger->Thread:qtp1518467306-28] ● 1609251712430092, 0.001.007, 1608211848140002, 资源, , folder1.png, 0, 1, 1, , 10 
2017-01-05 19:36:49 DEBUG [Class:o.a.i.l.j.BaseJdbcLogger->Thread:qtp1518467306-28] ● 1609251719200101, 0.001.009.001, 1609251719000100, 在线用户, onlineUserService.init, text_list.png, 1, 0, 1, , 10 
2017-01-05 19:36:49 DEBUG [Class:o.a.i.l.j.BaseJdbcLogger->Thread:qtp1518467306-28] ● 1609251717240097, 0.001.008.001, 1609251716000096, 部门管理, orgService.init, org.png, 1, 0, 1, , 10 
2017-01-05 19:36:49 DEBUG [Class:o.a.i.l.j.BaseJdbcLogger->Thread:qtp1518467306-28] ● 1609251717510098, 0.001.008.002, 1609251716000096, 用户管理, userService.init, user6.png, 1, 0, 1, , 20 
2017-01-05 19:36:49 DEBUG [Class:o.a.i.l.j.BaseJdbcLogger->Thread:qtp1518467306-28] ● 1609251716000096, 0.001.008, 1608211848140002, 权限, , folder1.png, 0, 1, 1, , 20 
2017-01-05 19:36:49 DEBUG [Class:o.a.i.l.j.BaseJdbcLogger->Thread:qtp1518467306-28] ● 1609251714230094, 0.001.007.002, 1609251712430092, 数据字典, masterDataService.initDictionary, icon152.png, 1, 0, 1, , 20 
2017-01-05 19:36:49 DEBUG [Class:o.a.i.l.j.BaseJdbcLogger->Thread:qtp1518467306-28] ● 1609251719000100, 0.001.009, 1608211848140002, 监控, , folder1.png, 0, 1, 1, , 30 
2017-01-05 19:36:49 DEBUG [Class:o.a.i.l.j.BaseJdbcLogger->Thread:qtp1518467306-28] ● 1609251718170099, 0.001.008.003, 1609251716000096, 角色管理, roleService.init, own.png, 1, 0, 1, , 30 
2017-01-05 19:36:49 DEBUG [Class:o.a.i.l.j.BaseJdbcLogger->Thread:qtp1518467306-28] ● 1609251714520095, 0.001.007.003, 1609251712430092, 功能模块, moduleService.init, icon154.png, 1, 0, 1, , 30 
2017-01-05 19:36:49 DEBUG [Class:o.a.i.l.j.BaseJdbcLogger->Thread:qtp1518467306-28] ● 1609271530350000, 0.001.010, 1608211848140002, 工具, , folder1.png, 0, 1, 1, , 40 
2017-01-05 19:36:49 DEBUG [Class:o.a.i.l.j.BaseJdbcLogger->Thread:qtp1518467306-28] ● 1609271607190016, 0.001.010.001, 1609271530350000, 图标, iconService.init, pictures.png, 1, 0, 1, , 90 
2017-01-05 19:36:50 INFO [Class:a.f.w.r.HttpRouterController->Thread:qtp1518467306-28] ●●● ClientIP：127.0.0.1，URI：/aosuite/http/do.jhtml，ROUTER：homeService.getCardTree，HttpModel： 〓入参: {"juid":"564ad318fe2f46f298601bc0f989ab2e","app":"169","router":"homeService.getCardTree","cascade_id_":"0.001","_dc":"1483616209911"} 〓当前用户: {"account_":"root","name_":"超级用户"} 〓出参: [{"id":"1608211848140002","parentId":"1608211848140001","expanded":true,"icon":"/aosuite/static/icon/folder22.png","leaf":false,"text":"系统管理","a":"","b":"0.001","children":[{"id":"1609251712430092","parentId":"1608211848140002","expanded":true,"icon":"/aosuite/static/icon/folder1.png","leaf":false,"text":"资源","a":"","b":"0.001.007","children":[{"id":"1609251713430093","parentId":"1609251712430092","expanded":false,"icon":"/aosuite/static/icon/icon153.png","leaf":true,"text":"键值参数","a":"masterDataService.initParam","b":"0.001.007.001"},{"id":"1609251714230094","parentId":"1609251712430092","expanded":false,"icon":"/aosuite/static/icon/icon152.png","leaf":true,"text":"数据字典","a":"masterDataService.initDictionary","b":"0.001.007.002"},{"id":"1609251714520095","parentId":"1609251712430092","expanded":false,"icon":"/aosuite/static/icon/icon154.png","leaf":true,"text":"功能模块","a":"moduleService.init","b":"0.001.007.003"}]},{"id":"1609251716000096","parentId":"1608211848140002","expanded":true,"icon":"/aosuite/static/icon/folder1.png","leaf":false,"text":"权限","a":"","b":"0.001.008","children":[{"id":"1609251717240097","parentId":"1609251716000096","expanded":false,"icon":"/aosuite/static/icon/org.png","leaf":true,"text":"部门管理","a":"orgService.init","b":"0.001.008.001"},{"id":"1609251717510098","parentId":"1609251716000096","expanded":false,"icon":"/aosuite/static/icon/user6.png","leaf":true,"text":"用户管理","a":"userService.init","b":"0.001.008.002"},{"id":"1609251718170099","parentId":"1609251716000096","expanded":false,"icon":"/aosuite/static/icon/own.png","leaf":true,"text":"角色管理","a":"roleService.init","b":"0.001.008.003"}]},{"id":"1609251719000100","parentId":"1608211848140002","expanded":true,"icon":"/aosuite/static/icon/folder1.png","leaf":false,"text":"监控","a":"","b":"0.001.009","children":[{"id":"1609251719200101","parentId":"1609251719000100","expanded":false,"icon":"/aosuite/static/icon/text_list.png","leaf":true,"text":"在线用户","a":"onlineUserService.init","b":"0.001.009.001"}]},{"id":"1609271530350000","parentId":"1608211848140002","expanded":true,"icon":"/aosuite/static/icon/folder1.png","leaf":false,"text":"工具","a":"","b":"0.001.010","children":[{"id":"1611241444020101","parentId":"1609271530350000","expanded":false,"icon":"/aosuite/static/icon/freelance.png","leaf":true,"text":"Redis缓存管理","a":"cacheManageService.init","b":"0.001.010.002"},{"id":"1609271607190016","parentId":"1609271530350000","expanded":false,"icon":"/aosuite/static/icon/pictures.png","leaf":true,"text":"图标","a":"iconService.init","b":"0.001.010.001"}]}]}]  
2017-01-05 19:36:50 DEBUG [Class:o.a.i.l.j.BaseJdbcLogger->Thread:qtp1518467306-24] ●● SQL语句: SELECT DISTINCT aos_module.id_, aos_module.cascade_id_, aos_module.parent_id_, aos_module.name_, aos_module.url_, aos_module.icon_name_, aos_module.is_leaf_, aos_module.is_auto_expand_, aos_module.is_enable_, aos_module.vector_, aos_module.sort_no_ FROM aos_module, aos_role_module WHERE aos_module.id_ = aos_role_module.module_id_ AND aos_module.is_enable_ = '1' AND aos_role_module.grant_type_ = ? AND aos_role_module.role_id_ IN ( SELECT role_id_ FROM aos_user_role WHERE user_id_ = ? ) AND aos_module.cascade_id_ like '0.002%' ORDER BY aos_module.sort_no_ ASC  
2017-01-05 19:36:50 DEBUG [Class:o.a.i.l.j.BaseJdbcLogger->Thread:qtp1518467306-24] ● SQL参数: 1(String), 9999999999999999(String) 
2017-01-05 19:36:50 DEBUG [Class:o.a.i.l.j.BaseJdbcLogger->Thread:qtp1518467306-24] ● 1611151758000018, 0.002.001.001, 1608211848140005, 实例①-简单查询, demoService.initMisc1, , 1, 0, 1, , 10 
2017-01-05 19:36:50 DEBUG [Class:o.a.i.l.j.BaseJdbcLogger->Thread:qtp1518467306-24] ● 1608211848140005, 0.002.001, 1608211848140004, 综合实例, , , 0, 1, 1, , 10 
2017-01-05 19:36:50 DEBUG [Class:o.a.i.l.j.BaseJdbcLogger->Thread:qtp1518467306-24] ● 1608211848140004, 0.002, 1608211848140001, 范例, , folder9.png, 0, 1, 1, fa-bug, 20 
2017-01-05 19:36:50 DEBUG [Class:o.a.i.l.j.BaseJdbcLogger->Thread:qtp1518467306-24] ● 1611181109480038, 0.002.001.002, 1608211848140005, 实例②-增删改查, demoService.initMisc2, , 1, 0, 1, , 20 
2017-01-05 19:36:50 DEBUG [Class:o.a.i.l.j.BaseJdbcLogger->Thread:qtp1518467306-24] ● 1611191419400057, 0.002.001.003, 1608211848140005, 实例③-常用布局一, demoService.initMisc3, , 1, 0, 1, , 30 
2017-01-05 19:36:50 DEBUG [Class:o.a.i.l.j.BaseJdbcLogger->Thread:qtp1518467306-24] ● 1611201106230077, 0.002.001.004, 1608211848140005, 实例④-常用布局二, demoService.initMisc4, , 1, 0, 1, , 40 
2017-01-05 19:36:50 DEBUG [Class:o.a.i.l.j.BaseJdbcLogger->Thread:qtp1518467306-24] ● 1611201108000079, 0.002.001.005, 1608211848140005, 实例⑤-常用布局三, demoService.initMisc5, , 1, 0, 1, , 50 
2017-01-05 19:36:50 INFO [Class:a.f.w.r.HttpRouterController->Thread:qtp1518467306-24] ●●● ClientIP：127.0.0.1，URI：/aosuite/http/do.jhtml，ROUTER：homeService.getCardTree，HttpModel： 〓入参: {"juid":"564ad318fe2f46f298601bc0f989ab2e","app":"169","router":"homeService.getCardTree","cascade_id_":"0.002","_dc":"1483616210089"} 〓当前用户: {"account_":"root","name_":"超级用户"} 〓出参: [{"id":"1608211848140004","parentId":"1608211848140001","expanded":true,"icon":"/aosuite/static/icon/folder9.png","leaf":false,"text":"范例","a":"","b":"0.002","children":[{"id":"1608211848140005","parentId":"1608211848140004","expanded":true,"leaf":false,"text":"综合实例","a":"","b":"0.002.001","children":[{"id":"1611151758000018","parentId":"1608211848140005","expanded":false,"leaf":true,"text":"实例①-简单查询","a":"demoService.initMisc1","b":"0.002.001.001"},{"id":"1611181109480038","parentId":"1608211848140005","expanded":false,"leaf":true,"text":"实例②-增删改查","a":"demoService.initMisc2","b":"0.002.001.002"},{"id":"1611191419400057","parentId":"1608211848140005","expanded":false,"leaf":true,"text":"实例③-常用布局一","a":"demoService.initMisc3","b":"0.002.001.003"},{"id":"1611201106230077","parentId":"1608211848140005","expanded":false,"leaf":true,"text":"实例④-常用布局二","a":"demoService.initMisc4","b":"0.002.001.004"},{"id":"1611201108000079","parentId":"1608211848140005","expanded":false,"leaf":true,"text":"实例⑤-常用布局三","a":"demoService.initMisc5","b":"0.002.001.005"}]}]}]  
2017-01-05 19:36:50 INFO [Class:a.f.w.r.HttpRouterController->Thread:qtp1518467306-28] ●●● ClientIP：127.0.0.1，URI：/aosuite/http/do.jhtml，ROUTER：homeService.initPortal，HttpModel： 〓入参: {"juid":"564ad318fe2f46f298601bc0f989ab2e","router":"homeService.initPortal"} 〓当前用户: {"account_":"root","name_":"超级用户"}  
2017-01-05 19:36:53 INFO [Class:a.f.w.r.HttpRouterController->Thread:qtp1518467306-23] ●●● ClientIP：127.0.0.1，URI：/aosuite/http/do.jhtml，ROUTER：masterDataService.initParam，HttpModel： 〓入参: {"juid":"564ad318fe2f46f298601bc0f989ab2e","router":"masterDataService.initParam","aos_module_id_":"1609251713430093"} 〓当前用户: {"account_":"root","name_":"超级用户"}  
2017-01-05 19:36:55 DEBUG [Class:o.a.i.l.j.BaseJdbcLogger->Thread:qtp1518467306-28] ●● SQL语句: SELECT COUNT(0) FROM (SELECT 1 FROM aos_params ) AS aos_count_  
2017-01-05 19:36:55 DEBUG [Class:o.a.i.l.j.BaseJdbcLogger->Thread:qtp1518467306-28] ● SQL参数:  
2017-01-05 19:36:55 DEBUG [Class:o.a.i.l.j.BaseJdbcLogger->Thread:qtp1518467306-28] ● 25 
2017-01-05 19:36:55 DEBUG [Class:o.a.i.l.j.BaseJdbcLogger->Thread:qtp1518467306-28] ●● SQL语句: SELECT id_, name_, key_, value_, group_, remark_ FROM aos_params ORDER BY id_ DESC limit 50 offset 0  
2017-01-05 19:36:55 DEBUG [Class:o.a.i.l.j.BaseJdbcLogger->Thread:qtp1518467306-28] ● SQL参数:  
2017-01-05 19:36:55 DEBUG [Class:o.a.i.l.j.BaseJdbcLogger->Thread:qtp1518467306-28] ● 1610221716240000, QQ群推广链接, qq_group_link_, http://jq.qq.com/?_wv=1027&k=40fPema, 1, 当系统处于在线演示模式时，登录系统后会弹出自动加QQ群提示。 
2017-01-05 19:36:55 DEBUG [Class:o.a.i.l.j.BaseJdbcLogger->Thread:qtp1518467306-28] ● 1608211848140038, 加解密算法密钥, code_key_, HY&XC&MW, 1, 用户密码加解密算法密钥：密钥不能小于8位 
2017-01-05 19:36:55 DEBUG [Class:o.a.i.l.j.BaseJdbcLogger->Thread:qtp1518467306-28] ● 1608211848140037, 首页浏览器标题, app_title_, AOS : JavaEE应用基础平台, 1,  
2017-01-05 19:36:55 DEBUG [Class:o.a.i.l.j.BaseJdbcLogger->Thread:qtp1518467306-28] ● 1608211848140036, 用户会话Redis超时时间, user_login_timeout_, 18000, 1, 以秒(s)为单位。18000=5小时。 
2017-01-05 19:36:55 DEBUG [Class:o.a.i.l.j.BaseJdbcLogger->Thread:qtp1518467306-28] ● 1608211848140035, 版权信息, copyright_, 2008-2015 OSWorks, 1, null 
2017-01-05 19:36:55 DEBUG [Class:o.a.i.l.j.BaseJdbcLogger->Thread:qtp1518467306-28] ● 1608211848140034, 欢迎页标题, welcome_page_title_, 欢迎, 1,  
2017-01-05 19:36:55 DEBUG [Class:o.a.i.l.j.BaseJdbcLogger->Thread:qtp1518467306-28] ● 1608211848140033, 功能模块页面加载等待提示信息, page_load_msg_, 正在拼命带你飞, 请稍候..., 1,  
2017-01-05 19:36:55 DEBUG [Class:o.a.i.l.j.BaseJdbcLogger->Thread:qtp1518467306-28] ● 1608211848140032, 运行模式, run_mode_, 0, 1, 0：开发模式；1：生产模式；2：在线体验模式 
2017-01-05 19:36:55 DEBUG [Class:o.a.i.l.j.BaseJdbcLogger->Thread:qtp1518467306-28] ● 1608211848140031, 页面刷新动画文件, page_load_gif_, wheel.gif, 1, 页面刷新动画文件。可选的预设动画文件：run.gif、wheel.gif。动画path：/static/image/gif/pageload。 
2017-01-05 19:36:55 DEBUG [Class:o.a.i.l.j.BaseJdbcLogger->Thread:qtp1518467306-28] ● 1608211848140030, 是否显示水平导航条, is_show_top_nav_, 1, 1, 是否显示水平导航条。可选值：1 | 0。 
2017-01-05 19:36:55 DEBUG [Class:o.a.i.l.j.BaseJdbcLogger->Thread:qtp1518467306-28] ● 1608211848140029, 水平导航条按钮风格, nav_button_style_, tight, 1, 顶部水平导航条的按钮样式风格。tight：组合按钮；standalone：独立按钮。 
2017-01-05 19:36:55 DEBUG [Class:o.a.i.l.j.BaseJdbcLogger->Thread:qtp1518467306-28] ● 1608211848140028, 表单校验消息提示方式, msgtarget_, qtip, 1, 可选值必须是下列值之一 (1)、qtip 当用户鼠标悬停在该域之上时显示包含了消息的迅速提示。(2)、title 显示消息以浏览器默认的title属性弹出。 (3)、under 在域下方添加一块包含了错误消息的div。(4)、side 添加一个错误图标在域的右边，鼠标悬停上面时弹出显示消息。 
2017-01-05 19:36:55 DEBUG [Class:o.a.i.l.j.BaseJdbcLogger->Thread:qtp1518467306-28] ● 1608211848140026, 下拉选择框的缺省提示信息, combobox_emptytext_, 请选择..., 1, null 
2017-01-05 19:36:55 DEBUG [Class:o.a.i.l.j.BaseJdbcLogger->Thread:qtp1518467306-28] ● 1608211848140025, 全局右键, prevent_rightclick_, false, 1, 阻止浏览器缺省鼠标右键事件。可选值：true|false。缺省值：true。 
2017-01-05 19:36:55 DEBUG [Class:o.a.i.l.j.BaseJdbcLogger->Thread:qtp1518467306-28] ● 1608211848140024, 表格列单元格内容对齐方式, grid_column_algin_, left, 1, 表格列对齐模式。有效值：left|center|right。 
2017-01-05 19:36:55 DEBUG [Class:o.a.i.l.j.BaseJdbcLogger->Thread:qtp1518467306-28] ● 1608211848140023, 表格分页行数, page_size_, 50, 1, 缺省的分页大小。JSP页面的属性设置会覆盖这个配置。 
2017-01-05 19:36:55 DEBUG [Class:o.a.i.l.j.BaseJdbcLogger->Thread:qtp1518467306-28] ● 1608211848140022, Tab高亮颜色, tab_focus_color_, #0099FF, 1, 缺省的当前Tab卡片高亮提示颜色 
2017-01-05 19:36:55 DEBUG [Class:o.a.i.l.j.BaseJdbcLogger->Thread:qtp1518467306-28] ● 1608211848140020, 验证码待选字符集, vercode_characters_, abcdetx2345678, 1, null 
2017-01-05 19:36:55 DEBUG [Class:o.a.i.l.j.BaseJdbcLogger->Thread:qtp1518467306-28] ● 1608211848140019, 验证码长度, vercode_length_, 4, 1, null 
2017-01-05 19:36:55 DEBUG [Class:o.a.i.l.j.BaseJdbcLogger->Thread:qtp1518467306-28] ● 1608211848140018, 是否显示验证码, is_show_vercode_, 1, 1, 是否在登录页面显示验证码及后台验证码验证。可选值：0(否) | 1(是)。 
2017-01-05 19:36:55 DEBUG [Class:o.a.i.l.j.BaseJdbcLogger->Thread:qtp1518467306-28] ● 1608211848140017, 登录页面的背景图片, login_back_img_, -1, 1, 登录页面的背景图片。可选的预设背景图片为：0.jpg、1.jpg、2.jpg。如果需要随机出现背景，则将其设置为-1。 
2017-01-05 19:36:55 DEBUG [Class:o.a.i.l.j.BaseJdbcLogger->Thread:qtp1518467306-28] ● 1608211848140016, 系统缺省皮肤, skin_, blue, 1, 可选值：blue|gray|aos。优先级低于用户自己的皮肤配置。 
2017-01-05 19:36:55 DEBUG [Class:o.a.i.l.j.BaseJdbcLogger->Thread:qtp1518467306-28] ● 1608211848140014, 开发用户快捷登录开关, login_dev_, 1, 1, 可选值：1 | 0。1：打开；0：关闭。 
2017-01-05 19:36:55 DEBUG [Class:o.a.i.l.j.BaseJdbcLogger->Thread:qtp1518467306-28] ● 1608211848140013, 开发用户快捷登录账户, login_dev_account_, root, 1, 可设置为任意一个系统存在的账户。 
2017-01-05 19:36:55 DEBUG [Class:o.a.i.l.j.BaseJdbcLogger->Thread:qtp1518467306-28] ● 1608211848140012, 登录请求等待信息, login_wait_msg_, 正在拼命带你飞, 请稍候..., 1,  
2017-01-05 19:36:55 INFO [Class:a.f.w.r.HttpRouterController->Thread:qtp1518467306-28] ●●● ClientIP：127.0.0.1，URI：/aosuite/http/do.jhtml，ROUTER：masterDataService.listParam，HttpModel： 〓入参: {"juid":"564ad318fe2f46f298601bc0f989ab2e","limit":"50","app":"169","start":"0","page":"1","router":"masterDataService.listParam","nkv_":"","group_":"","_dc":"1483616215369","_total":25} 〓当前用户: {"account_":"root","name_":"超级用户"} 〓出参: {"_rows":[{"key_":"qq_group_link_","remark_":"当系统处于在线演示模式时，登录系统后会弹出自动加QQ群提示。","group_":"1","id_":"1610221716240000","value_":"http://jq.qq.com/?_wv\u003d1027\u0026k\u003d40fPema","name_":"QQ群推广链接"},{"key_":"code_key_","remark_":"用户密码加解密算法密钥：密钥不能小于8位","group_":"1","id_":"1608211848140038","value_":"HY\u0026XC\u0026MW","name_":"加解密算法密钥"},{"key_":"app_title_","remark_":"","group_":"1","id_":"1608211848140037","value_":"AOS : JavaEE应用基础平台","name_":"首页浏览器标题"},{"key_":"user_login_timeout_","remark_":"以秒(s)为单位。18000\u003d5小时。","group_":"1","id_":"1608211848140036","value_":"18000","name_":"用户会话Redis超时时间"},{"key_":"copyright_","group_":"1","id_":"1608211848140035","value_":"2008-2015 OSWorks","name_":"版权信息"},{"key_":"welcome_page_title_","remark_":"","group_":"1","id_":"1608211848140034","value_":"欢迎","name_":"欢迎页标题"},{"key_":"page_load_msg_","remark_":"","group_":"1","id_":"1608211848140033","value_":"正在拼命带你飞, 请稍候...","name_":"功能模块页面加载等待提示信息"},{"key_":"run_mode_","remark_":"0：开发模式；1：生产模式；2：在线体验模式","group_":"1","id_":"1608211848140032","value_":"0","name_":"运行模式"},{"key_":"page_load_gif_","remark_":"页面刷新动画文件。可选的预设动画文件：run.gif、wheel.gif。动画path：/static/image/gif/pageload。","group_":"1","id_":"1608211848140031","value_":"wheel.gif","name_":"页面刷新动画文件"},{"key_":"is_show_top_nav_","remark_":"是否显示水平导航条。可选值：1 | 0。","group_":"1","id_":"1608211848140030","value_":"1","name_":"是否显示水平导航条"},{"key_":"nav_button_style_","remark_":"顶部水平导航条的按钮样式风格。tight：组合按钮；standalone：独立按钮。","group_":"1","id_":"1608211848140029","value_":"tight","name_":"水平导航条按钮风格"},{"key_":"msgtarget_","remark_":"可选值必须是下列值之一 (1)、qtip 当用户鼠标悬停在该域之上时显示包含了消息的迅速提示。(2)、title 显示消息以浏览器默认的title属性弹出。 (3)、under 在域下方添加一块包含了错误消息的div。(4)、side 添加一个错误图标在域的右边，鼠标悬停上面时弹出显示消息。","group_":"1","id_":"1608211848140028","value_":"qtip","name_":"表单校验消息提示方式"},{"key_":"combobox_emptytext_","group_":"1","id_":"1608211848140026","value_":"请选择...","name_":"下拉选择框的缺省提示信息"},{"key_":"prevent_rightclick_","remark_":"阻止浏览器缺省鼠标右键事件。可选值：true|false。缺省值：true。","group_":"1","id_":"1608211848140025","value_":"false","name_":"全局右键"},{"key_":"grid_column_algin_","remark_":"表格列对齐模式。有效值：left|center|right。","group_":"1","id_":"1608211848140024","value_":"left","name_":"表格列单元格内容对齐方式"},{"key_":"page_size_","remark_":"缺省的分页大小。JSP页面的属性设置会覆盖这个配置。","group_":"1","id_":"1608211848140023","value_":"50","name_":"表格分页行数"},{"key_":"tab_focus_color_","remark_":"缺省的当前Tab卡片高亮提示颜色","group_":"1","id_":"1608211848140022","value_":"#0099FF","name_":"Tab高亮颜色"},{"key_":"vercode_characters_","group_":"1","id_":"1608211848140020","value_":"abcdetx2345678","name_":"验证码待选字符集"},{"key_":"vercode_length_","group_":"1","id_":"1608211848140019","value_":"4","name_":"验证码长度"},{"key_":"is_show_vercode_","remark_":"是否在登录页面显示验证码及后台验证码验证。可选值：0(否) | 1(是)。","group_":"1","id_":"1608211848140018","value_":"1","name_":"是否显示验证码"},{"key_":"login_back_img_","remark_":"登录页面的背景图片。可选的预设背景图片为：0.jpg、1.jpg、2.jpg。如果需要随机出现背景，则将其设置为-1。","group_":"1","id_":"1608211848140017","value_":"-1","name_":"登录页面的背景图片"},{"key_":"skin_","remark_":"可选值：blue|gray|aos。优先级低于用户自己的皮肤配置。","group_":"1","id_":"1608211848140016","value_":"blue","name_":"系统缺省皮肤"},{"key_":"login_dev_","remark_":"可选值：1 | 0。1：打开；0：关闭。","group_":"1","id_":"1608211848140014","value_":"1","name_":"开发用户快捷登录开关"},{"key_":"login_dev_account_","remark_":"可设置为任意一个系统存在的账户。","group_":"1","id_":"1608211848140013","value_":"root","name_":"开发用户快捷登录账户"},{"key_":"login_wait_msg_","remark_":"","group_":"1","id_":"1608211848140012","value_":"正在拼命带你飞, 请稍候...","name_":"登录请求等待信息"}],"_total":25}  
2017-01-05 19:36:57 INFO [Class:a.f.w.r.HttpRouterController->Thread:qtp1518467306-24] ●●● ClientIP：127.0.0.1，URI：/aosuite/http/do.jhtml，ROUTER：masterDataService.initDictionary，HttpModel： 〓入参: {"juid":"564ad318fe2f46f298601bc0f989ab2e","router":"masterDataService.initDictionary","aos_module_id_":"1609251714230094"} 〓当前用户: {"account_":"root","name_":"超级用户"}  
2017-01-05 19:36:58 DEBUG [Class:o.a.i.l.j.BaseJdbcLogger->Thread:qtp1518467306-27] ●● SQL语句: SELECT COUNT(0) FROM (SELECT 1 FROM aos_dic ) AS aos_count_  
2017-01-05 19:36:58 DEBUG [Class:o.a.i.l.j.BaseJdbcLogger->Thread:qtp1518467306-27] ● SQL参数:  
2017-01-05 19:36:58 DEBUG [Class:o.a.i.l.j.BaseJdbcLogger->Thread:qtp1518467306-27] ● 36 
2017-01-05 19:36:58 DEBUG [Class:o.a.i.l.j.BaseJdbcLogger->Thread:qtp1518467306-27] ●● SQL语句: SELECT id_, name_, key_, code_, desc_, is_enable_, hotkey_, group_, sort_no_, remark_ FROM aos_dic ORDER BY id_ DESC, key_ DESC, sort_no_ ASC limit 50 offset 0  
2017-01-05 19:36:58 DEBUG [Class:o.a.i.l.j.BaseJdbcLogger->Thread:qtp1518467306-27] ● SQL参数:  
2017-01-05 19:36:58 DEBUG [Class:o.a.i.l.j.BaseJdbcLogger->Thread:qtp1518467306-27] ● 1612290040280005, Redis数据类型, cmd_type_, 4, Set, 1, null, 2, 4, null 
2017-01-05 19:36:58 DEBUG [Class:o.a.i.l.j.BaseJdbcLogger->Thread:qtp1518467306-27] ● 1612290040070004, Redis数据类型, cmd_type_, 3, List, 1, null, 2, 3, null 
2017-01-05 19:36:58 DEBUG [Class:o.a.i.l.j.BaseJdbcLogger->Thread:qtp1518467306-27] ● 1612290039520003, Redis数据类型, cmd_type_, 2, HashMap, 1, null, 2, 2,  
2017-01-05 19:36:58 DEBUG [Class:o.a.i.l.j.BaseJdbcLogger->Thread:qtp1518467306-27] ● 1612290039290002, Redis数据类型, cmd_type_, 1, String, 1, null, 2, 1, null 
2017-01-05 19:36:58 DEBUG [Class:o.a.i.l.j.BaseJdbcLogger->Thread:qtp1518467306-27] ● 1611152303240037, 卡类型, card_type_, 2, 金卡, 1, null, 2, 2, 演示模块使用 
2017-01-05 19:36:58 DEBUG [Class:o.a.i.l.j.BaseJdbcLogger->Thread:qtp1518467306-27] ● 1611152302520036, 卡类型, card_type_, 1, 普卡, 1, null, 2, 1, 演示模块使用 
2017-01-05 19:36:58 DEBUG [Class:o.a.i.l.j.BaseJdbcLogger->Thread:qtp1518467306-27] ● 1609281541530770, 图标类型, icon_type_, 3, 字体图标, 1, null, 2, 3, null 
2017-01-05 19:36:58 DEBUG [Class:o.a.i.l.j.BaseJdbcLogger->Thread:qtp1518467306-27] ● 1609281541340769, 图标类型, icon_type_, 2, 大图标, 1, null, 2, 2, null 
2017-01-05 19:36:58 DEBUG [Class:o.a.i.l.j.BaseJdbcLogger->Thread:qtp1518467306-27] ● 1609281541100768, 图标类型, icon_type_, 1, 小图标, 1, null, 1, 1, null 
2017-01-05 19:36:58 DEBUG [Class:o.a.i.l.j.BaseJdbcLogger->Thread:qtp1518467306-27] ● 1609112054530003, 角色类型, role_type_, 1, 缺省, 1, null, 1, 1,  
2017-01-05 19:36:58 DEBUG [Class:o.a.i.l.j.BaseJdbcLogger->Thread:qtp1518467306-27] ● 1609082333290001, 界面皮肤, skin_, gray, 魅力灰, 1, null, 1, 2,  
2017-01-05 19:36:58 DEBUG [Class:o.a.i.l.j.BaseJdbcLogger->Thread:qtp1518467306-27] ● 1609082331410000, 界面皮肤, skin_, blue, 经典蓝, 1, null, 1, 1, null 
2017-01-05 19:36:58 DEBUG [Class:o.a.i.l.j.BaseJdbcLogger->Thread:qtp1518467306-27] ● 1608211848120025, 字典分组, dic_group_, 2, 产品业务字典, 1, null, 1, 1,  
2017-01-05 19:36:58 DEBUG [Class:o.a.i.l.j.BaseJdbcLogger->Thread:qtp1518467306-27] ● 1608211848120024, 字典分组, dic_group_, 1, 系统缺省字典, 1, null, 1, 1, null 
2017-01-05 19:36:58 DEBUG [Class:o.a.i.l.j.BaseJdbcLogger->Thread:qtp1518467306-27] ● 1608211848120023, 参数分组, params_group_, 2, 产品业务参数, 1, null, 1, 2, null 
2017-01-05 19:36:58 DEBUG [Class:o.a.i.l.j.BaseJdbcLogger->Thread:qtp1518467306-27] ● 1608211848120022, 参数分组, params_group_, 1, 系统缺省参数, 1, null, 1, 1, null 
2017-01-05 19:36:58 DEBUG [Class:o.a.i.l.j.BaseJdbcLogger->Thread:qtp1518467306-27] ● 1608211848120021, 角色授权类型, role_grant_type_, 2, 管理授权权限, 1, null, 1, 1,  
2017-01-05 19:36:58 DEBUG [Class:o.a.i.l.j.BaseJdbcLogger->Thread:qtp1518467306-27] ● 1608211848120020, 角色授权类型, role_grant_type_, 1, 业务办理权限, 1, null, 1, 1, null 
2017-01-05 19:36:58 DEBUG [Class:o.a.i.l.j.BaseJdbcLogger->Thread:qtp1518467306-27] ● 1608211848120018, 组织类型, org_type_, 1, 缺省, 1, , 1, 1,  
2017-01-05 19:36:58 DEBUG [Class:o.a.i.l.j.BaseJdbcLogger->Thread:qtp1518467306-27] ● 1608211848120017, 是否开关, is_, 0, 否, 1, null, 1, 2, null 
2017-01-05 19:36:58 DEBUG [Class:o.a.i.l.j.BaseJdbcLogger->Thread:qtp1518467306-27] ● 1608211848120016, 是否开关, is_, 1, 是, 1, null, 1, 1, null 
2017-01-05 19:36:58 DEBUG [Class:o.a.i.l.j.BaseJdbcLogger->Thread:qtp1518467306-27] ● 1608211848120015, 用户状态, user_status_, 3, 停用, 1, null, 1, 3, null 
2017-01-05 19:36:58 DEBUG [Class:o.a.i.l.j.BaseJdbcLogger->Thread:qtp1518467306-27] ● 1608211848120014, 用户状态, user_status_, 2, 锁定, 1, null, 1, 2, null 
2017-01-05 19:36:58 DEBUG [Class:o.a.i.l.j.BaseJdbcLogger->Thread:qtp1518467306-27] ● 1608211848120013, 用户状态, user_status_, 1, 正常, 1, null, 1, 1, null 
2017-01-05 19:36:58 DEBUG [Class:o.a.i.l.j.BaseJdbcLogger->Thread:qtp1518467306-27] ● 1608211848120012, 用户类型, user_type_, 1, 缺省, 1, null, 1, 1, null 
2017-01-05 19:36:58 DEBUG [Class:o.a.i.l.j.BaseJdbcLogger->Thread:qtp1518467306-27] ● 1608211848120011, 导航文字颜色, nav_text_color_, gray, #555555, 1, null, 1, 2, null 
2017-01-05 19:36:58 DEBUG [Class:o.a.i.l.j.BaseJdbcLogger->Thread:qtp1518467306-27] ● 1608211848120010, 导航文字颜色, nav_text_color_, blue, #3399FF, 1, null, 1, 1, null 
2017-01-05 19:36:58 DEBUG [Class:o.a.i.l.j.BaseJdbcLogger->Thread:qtp1518467306-27] ● 1608211848120009, 文本主体色调, main_text_color_, gray, #888888, 1, null, 1, 2, null 
2017-01-05 19:36:58 DEBUG [Class:o.a.i.l.j.BaseJdbcLogger->Thread:qtp1518467306-27] ● 1608211848120008, 文本主体色调, main_text_color_, blue, #6699CC, 1, null, 1, 1, null 
2017-01-05 19:36:58 DEBUG [Class:o.a.i.l.j.BaseJdbcLogger->Thread:qtp1518467306-27] ● 1608211848120007, 主页面south区域背景颜色, south_back_color_, gray, #F0F0F0, 1, null, 1, 2, null 
2017-01-05 19:36:58 DEBUG [Class:o.a.i.l.j.BaseJdbcLogger->Thread:qtp1518467306-27] ● 1608211848120006, 主页面south区域背景颜色, south_back_color_, blue, #DFE8F6, 1, null, 1, 1, null 
2017-01-05 19:36:58 DEBUG [Class:o.a.i.l.j.BaseJdbcLogger->Thread:qtp1518467306-27] ● 1608211848120005, 组件边框颜色, cmp_border_color_, gray, #BCB0B0, 1, null, 1, 2, null 
2017-01-05 19:36:58 DEBUG [Class:o.a.i.l.j.BaseJdbcLogger->Thread:qtp1518467306-27] ● 1608211848120004, 组件边框颜色, cmp_border_color_, blue, #99BCE8, 1, null, 1, 1, null 
2017-01-05 19:36:58 DEBUG [Class:o.a.i.l.j.BaseJdbcLogger->Thread:qtp1518467306-27] ● 1608211848120003, 性别, sex_, 3, 未知, 1, null, 1, 3, null 
2017-01-05 19:36:58 DEBUG [Class:o.a.i.l.j.BaseJdbcLogger->Thread:qtp1518467306-27] ● 1608211848120002, 性别, sex_, 2, 女, 1, null, 1, 2, null 
2017-01-05 19:36:58 DEBUG [Class:o.a.i.l.j.BaseJdbcLogger->Thread:qtp1518467306-27] ● 1608211848120001, 性别, sex_, 1, 男, 1, , 1, 1,  
2017-01-05 19:36:58 INFO [Class:a.f.w.r.HttpRouterController->Thread:qtp1518467306-27] ●●● ClientIP：127.0.0.1，URI：/aosuite/http/do.jhtml，ROUTER：masterDataService.listDic，HttpModel： 〓入参: {"juid":"564ad318fe2f46f298601bc0f989ab2e","limit":"50","key_":"","app":"169","where1_":"","start":"0","page":"1","router":"masterDataService.listDic","group_":"","_dc":"1483616218397","_total":36,"where2_":""} 〓当前用户: {"account_":"root","name_":"超级用户"} 〓出参: {"_rows":[{"key_":"cmd_type_","desc_":"Set","sort_no_":4,"is_enable_":"1","group_":"2","id_":"1612290040280005","name_":"Redis数据类型","code_":"4"},{"key_":"cmd_type_","desc_":"List","sort_no_":3,"is_enable_":"1","group_":"2","id_":"1612290040070004","name_":"Redis数据类型","code_":"3"},{"key_":"cmd_type_","desc_":"HashMap","remark_":"","sort_no_":2,"is_enable_":"1","group_":"2","id_":"1612290039520003","name_":"Redis数据类型","code_":"2"},{"key_":"cmd_type_","desc_":"String","sort_no_":1,"is_enable_":"1","group_":"2","id_":"1612290039290002","name_":"Redis数据类型","code_":"1"},{"key_":"card_type_","desc_":"金卡","remark_":"演示模块使用","sort_no_":2,"is_enable_":"1","group_":"2","id_":"1611152303240037","name_":"卡类型","code_":"2"},{"key_":"card_type_","desc_":"普卡","remark_":"演示模块使用","sort_no_":1,"is_enable_":"1","group_":"2","id_":"1611152302520036","name_":"卡类型","code_":"1"},{"key_":"icon_type_","desc_":"字体图标","sort_no_":3,"is_enable_":"1","group_":"2","id_":"1609281541530770","name_":"图标类型","code_":"3"},{"key_":"icon_type_","desc_":"大图标","sort_no_":2,"is_enable_":"1","group_":"2","id_":"1609281541340769","name_":"图标类型","code_":"2"},{"key_":"icon_type_","desc_":"小图标","sort_no_":1,"is_enable_":"1","group_":"1","id_":"1609281541100768","name_":"图标类型","code_":"1"},{"key_":"role_type_","desc_":"缺省","remark_":"","sort_no_":1,"is_enable_":"1","group_":"1","id_":"1609112054530003","name_":"角色类型","code_":"1"},{"key_":"skin_","desc_":"魅力灰","remark_":"","sort_no_":2,"is_enable_":"1","group_":"1","id_":"1609082333290001","name_":"界面皮肤","code_":"gray"},{"key_":"skin_","desc_":"经典蓝","sort_no_":1,"is_enable_":"1","group_":"1","id_":"1609082331410000","name_":"界面皮肤","code_":"blue"},{"key_":"dic_group_","desc_":"产品业务字典","remark_":"","sort_no_":1,"is_enable_":"1","group_":"1","id_":"1608211848120025","name_":"字典分组","code_":"2"},{"key_":"dic_group_","desc_":"系统缺省字典","sort_no_":1,"is_enable_":"1","group_":"1","id_":"1608211848120024","name_":"字典分组","code_":"1"},{"key_":"params_group_","desc_":"产品业务参数","sort_no_":2,"is_enable_":"1","group_":"1","id_":"1608211848120023","name_":"参数分组","code_":"2"},{"key_":"params_group_","desc_":"系统缺省参数","sort_no_":1,"is_enable_":"1","group_":"1","id_":"1608211848120022","name_":"参数分组","code_":"1"},{"key_":"role_grant_type_","desc_":"管理授权权限","remark_":"","sort_no_":1,"is_enable_":"1","group_":"1","id_":"1608211848120021","name_":"角色授权类型","code_":"2"},{"key_":"role_grant_type_","desc_":"业务办理权限","sort_no_":1,"is_enable_":"1","group_":"1","id_":"1608211848120020","name_":"角色授权类型","code_":"1"},{"key_":"org_type_","desc_":"缺省","remark_":"","sort_no_":1,"hotkey_":"","is_enable_":"1","group_":"1","id_":"1608211848120018","name_":"组织类型","code_":"1"},{"key_":"is_","desc_":"否","sort_no_":2,"is_enable_":"1","group_":"1","id_":"1608211848120017","name_":"是否开关","code_":"0"},{"key_":"is_","desc_":"是","sort_no_":1,"is_enable_":"1","group_":"1","id_":"1608211848120016","name_":"是否开关","code_":"1"},{"key_":"user_status_","desc_":"停用","sort_no_":3,"is_enable_":"1","group_":"1","id_":"1608211848120015","name_":"用户状态","code_":"3"},{"key_":"user_status_","desc_":"锁定","sort_no_":2,"is_enable_":"1","group_":"1","id_":"1608211848120014","name_":"用户状态","code_":"2"},{"key_":"user_status_","desc_":"正常","sort_no_":1,"is_enable_":"1","group_":"1","id_":"1608211848120013","name_":"用户状态","code_":"1"},{"key_":"user_type_","desc_":"缺省","sort_no_":1,"is_enable_":"1","group_":"1","id_":"1608211848120012","name_":"用户类型","code_":"1"},{"key_":"nav_text_color_","desc_":"#555555","sort_no_":2,"is_enable_":"1","group_":"1","id_":"1608211848120011","name_":"导航文字颜色","code_":"gray"},{"key_":"nav_text_color_","desc_":"#3399FF","sort_no_":1,"is_enable_":"1","group_":"1","id_":"1608211848120010","name_":"导航文字颜色","code_":"blue"},{"key_":"main_text_color_","desc_":"#888888","sort_no_":2,"is_enable_":"1","group_":"1","id_":"1608211848120009","name_":"文本主体色调","code_":"gray"},{"key_":"main_text_color_","desc_":"#6699CC","sort_no_":1,"is_enable_":"1","group_":"1","id_":"1608211848120008","name_":"文本主体色调","code_":"blue"},{"key_":"south_back_color_","desc_":"#F0F0F0","sort_no_":2,"is_enable_":"1","group_":"1","id_":"1608211848120007","name_":"主页面south区域背景颜色","code_":"gray"},{"key_":"south_back_color_","desc_":"#DFE8F6","sort_no_":1,"is_enable_":"1","group_":"1","id_":"1608211848120006","name_":"主页面south区域背景颜色","code_":"blue"},{"key_":"cmp_border_color_","desc_":"#BCB0B0","sort_no_":2,"is_enable_":"1","group_":"1","id_":"1608211848120005","name_":"组件边框颜色","code_":"gray"},{"key_":"cmp_border_color_","desc_":"#99BCE8","sort_no_":1,"is_enable_":"1","group_":"1","id_":"1608211848120004","name_":"组件边框颜色","code_":"blue"},{"key_":"sex_","desc_":"未知","sort_no_":3,"is_enable_":"1","group_":"1","id_":"1608211848120003","name_":"性别","code_":"3"},{"key_":"sex_","desc_":"女","sort_no_":2,"is_enable_":"1","group_":"1","id_":"1608211848120002","name_":"性别","code_":"2"},{"key_":"sex_","desc_":"男","remark_":"","sort_no_":1,"hotkey_":"","is_enable_":"1","group_":"1","id_":"1608211848120001","name_":"性别","code_":"1"}],"_total":36}  
