2018-02-27 16:44:02 INFO [Class:o.s.b.StartupInfoLogger->Thread:main] Starting StartBuilderApplication on mababa with PID 41540 (G:\01.MyClouds\svn\myclouds-builder\target\classes started by lenovo in G:\01.MyClouds\svn\myclouds-builder) 
2018-02-27 16:44:02 DEBUG [Class:o.s.b.StartupInfoLogger->Thread:main] Running with Spring Boot v1.5.8.RELEASE, Spring v4.3.12.RELEASE 
2018-02-27 16:44:02 INFO [Class:o.s.b.SpringApplication->Thread:main] No active profile set, falling back to default profiles: default 
2018-02-27 16:44:02 INFO [Class:o.s.c.s.AbstractApplicationContext->Thread:main] Refreshing org.springframework.context.annotation.AnnotationConfigApplicationContext@212bf671: startup date [Tue Feb 27 16:44:02 CST 2018]; root of context hierarchy 
2018-02-27 16:44:03 WARN [Class:o.m.s.m.ClassPathMapperScanner->Thread:main] No MyBatis mapper was found in '[com.gitee.myclouds.builder]' package. Please check your configuration. 
2018-02-27 16:44:04 INFO [Class:o.s.j.e.MBeanExporter->Thread:main] Registering beans for JMX exposure on startup 
2018-02-27 16:44:06 INFO [Class:c.g.m.b.s.BuildDomainService->Thread:main] 【MyEnumMapper.java】文件生成成功。[G:/01.MyClouds/svn/myclouds-domain-mapper/src/main/java/com/gitee/myclouds/admin/domain/myenum/MyEnumMapper.java] 
2018-02-27 16:44:07 INFO [Class:c.g.m.b.s.BuildDomainService->Thread:main] 【MyEnumMapper.xml】文件生成成功。[G:/01.MyClouds/svn/myclouds-domain-mapper/src/main/java/com/gitee/myclouds/admin/domain/myenum/MyEnumMapper.xml] 
2018-02-27 16:44:07 INFO [Class:c.g.m.b.s.BuildDomainService->Thread:main] 【MyParamMapper.java】文件生成成功。[G:/01.MyClouds/svn/myclouds-domain-mapper/src/main/java/com/gitee/myclouds/admin/domain/myparam/MyParamMapper.java] 
2018-02-27 16:44:07 INFO [Class:c.g.m.b.s.BuildDomainService->Thread:main] 【MyParamMapper.xml】文件生成成功。[G:/01.MyClouds/svn/myclouds-domain-mapper/src/main/java/com/gitee/myclouds/admin/domain/myparam/MyParamMapper.xml] 
2018-02-27 16:44:07 INFO [Class:c.g.m.b.s.BuildDomainService->Thread:main] 文件生成完成，请刷新工程目录。 
2018-02-27 16:44:07 INFO [Class:o.s.b.StartupInfoLogger->Thread:main] Started StartBuilderApplication in 6.064 seconds (JVM running for 7.339) 
2018-02-27 16:44:07 INFO [Class:o.s.c.s.AbstractApplicationContext->Thread:Thread-3] Closing org.springframework.context.annotation.AnnotationConfigApplicationContext@212bf671: startup date [Tue Feb 27 16:44:02 CST 2018]; root of context hierarchy 
2018-02-27 16:44:07 INFO [Class:o.s.j.e.MBeanExporter->Thread:Thread-3] Unregistering JMX-exposed beans on shutdown 
2018-02-27 16:55:47 INFO [Class:o.s.b.StartupInfoLogger->Thread:main] Starting StartBuilderApplication on mababa with PID 42916 (G:\01.MyClouds\svn\myclouds-builder\target\classes started by lenovo in G:\01.MyClouds\svn\myclouds-builder) 
2018-02-27 16:55:47 DEBUG [Class:o.s.b.StartupInfoLogger->Thread:main] Running with Spring Boot v1.5.8.RELEASE, Spring v4.3.12.RELEASE 
2018-02-27 16:55:47 INFO [Class:o.s.b.SpringApplication->Thread:main] No active profile set, falling back to default profiles: default 
2018-02-27 16:55:48 INFO [Class:o.s.c.s.AbstractApplicationContext->Thread:main] Refreshing org.springframework.context.annotation.AnnotationConfigApplicationContext@21be3395: startup date [Tue Feb 27 16:55:48 CST 2018]; root of context hierarchy 
2018-02-27 16:55:49 WARN [Class:o.m.s.m.ClassPathMapperScanner->Thread:main] No MyBatis mapper was found in '[com.gitee.myclouds.builder]' package. Please check your configuration. 
2018-02-27 16:55:50 INFO [Class:o.s.j.e.MBeanExporter->Thread:main] Registering beans for JMX exposure on startup 
2018-02-27 16:55:53 INFO [Class:c.g.m.b.s.BuildDomainService->Thread:main] 【MyEnumMapper.java】文件生成成功。[G:/01.MyClouds/svn/myclouds-domain-mapper/src/main/java/com/gitee/myclouds/admin/domain/myenum/MyEnumMapper.java] 
2018-02-27 16:55:53 INFO [Class:c.g.m.b.s.BuildDomainService->Thread:main] 【MyEnumMapper.xml】文件生成成功。[G:/01.MyClouds/svn/myclouds-domain-mapper/src/main/java/com/gitee/myclouds/admin/domain/myenum/MyEnumMapper.xml] 
2018-02-27 16:55:53 INFO [Class:c.g.m.b.s.BuildDomainService->Thread:main] 文件生成完成，请刷新工程目录。 
2018-02-27 16:55:53 INFO [Class:o.s.b.StartupInfoLogger->Thread:main] Started StartBuilderApplication in 6.756 seconds (JVM running for 8.512) 
2018-02-27 16:55:53 INFO [Class:o.s.c.s.AbstractApplicationContext->Thread:Thread-3] Closing org.springframework.context.annotation.AnnotationConfigApplicationContext@21be3395: startup date [Tue Feb 27 16:55:48 CST 2018]; root of context hierarchy 
2018-02-27 16:55:53 INFO [Class:o.s.j.e.MBeanExporter->Thread:Thread-3] Unregistering JMX-exposed beans on shutdown 
2018-02-27 16:57:06 INFO [Class:o.s.b.StartupInfoLogger->Thread:main] Starting StartBuilderApplication on mababa with PID 42224 (G:\01.MyClouds\svn\myclouds-builder\target\classes started by lenovo in G:\01.MyClouds\svn\myclouds-builder) 
2018-02-27 16:57:07 DEBUG [Class:o.s.b.StartupInfoLogger->Thread:main] Running with Spring Boot v1.5.8.RELEASE, Spring v4.3.12.RELEASE 
2018-02-27 16:57:07 INFO [Class:o.s.b.SpringApplication->Thread:main] No active profile set, falling back to default profiles: default 
2018-02-27 16:57:07 INFO [Class:o.s.c.s.AbstractApplicationContext->Thread:main] Refreshing org.springframework.context.annotation.AnnotationConfigApplicationContext@21be3395: startup date [Tue Feb 27 16:57:07 CST 2018]; root of context hierarchy 
2018-02-27 16:57:08 WARN [Class:o.m.s.m.ClassPathMapperScanner->Thread:main] No MyBatis mapper was found in '[com.gitee.myclouds.builder]' package. Please check your configuration. 
2018-02-27 16:57:09 INFO [Class:o.s.j.e.MBeanExporter->Thread:main] Registering beans for JMX exposure on startup 
2018-02-27 16:57:11 INFO [Class:c.g.m.b.s.BuildDomainService->Thread:main] 【MyEnumMapper.java】文件生成成功。[G:/01.MyClouds/svn/myclouds-domain-mapper/src/main/java/com/gitee/myclouds/admin/domain/myenum/MyEnumMapper.java] 
2018-02-27 16:57:12 INFO [Class:c.g.m.b.s.BuildDomainService->Thread:main] 【MyEnumMapper.xml】文件生成成功。[G:/01.MyClouds/svn/myclouds-domain-mapper/src/main/java/com/gitee/myclouds/admin/domain/myenum/MyEnumMapper.xml] 
2018-02-27 16:57:12 INFO [Class:c.g.m.b.s.BuildDomainService->Thread:main] 文件生成完成，请刷新工程目录。 
2018-02-27 16:57:12 INFO [Class:o.s.b.StartupInfoLogger->Thread:main] Started StartBuilderApplication in 6.831 seconds (JVM running for 8.299) 
2018-02-27 16:57:12 INFO [Class:o.s.c.s.AbstractApplicationContext->Thread:Thread-3] Closing org.springframework.context.annotation.AnnotationConfigApplicationContext@21be3395: startup date [Tue Feb 27 16:57:07 CST 2018]; root of context hierarchy 
2018-02-27 16:57:12 INFO [Class:o.s.j.e.MBeanExporter->Thread:Thread-3] Unregistering JMX-exposed beans on shutdown 
