2017-12-11 11:01:11 INFO [Class:o.s.b.StartupInfoLogger->Thread:main] Starting BuilderApplication on mababa with PID 17620 (G:\01.MyClouds\svn\myclouds-builder\target\classes started by lenovo in G:\01.MyClouds\svn\myclouds-builder) 
2017-12-11 11:01:11 DEBUG [Class:o.s.b.StartupInfoLogger->Thread:main] Running with Spring Boot v1.5.8.RELEASE, Spring v4.3.12.RELEASE 
2017-12-11 11:01:11 INFO [Class:o.s.b.SpringApplication->Thread:main] No active profile set, falling back to default profiles: default 
2017-12-11 11:01:11 INFO [Class:o.s.c.s.AbstractApplicationContext->Thread:main] Refreshing org.springframework.context.annotation.AnnotationConfigApplicationContext@400cff1a: startup date [Mon Dec 11 11:01:11 CST 2017]; root of context hierarchy 
2017-12-11 11:01:13 INFO [Class:o.s.j.e.MBeanExporter->Thread:main] Registering beans for JMX exposure on startup 
2017-12-11 11:01:13 WARN [Class:o.s.c.s.AbstractApplicationContext->Thread:main] Exception encountered during context initialization - cancelling refresh attempt: org.springframework.beans.factory.NoSuchBeanDefinitionException: No bean named 'builderService' available 
2017-12-11 11:01:13 INFO [Class:o.s.j.e.MBeanExporter->Thread:main] Unregistering JMX-exposed beans on shutdown 
2017-12-11 11:01:13 INFO [Class:o.s.b.a.l.AutoConfigurationReportLoggingInitializer->Thread:main] 

Error starting ApplicationContext. To display the auto-configuration report re-run your application with 'debug' enabled. 
2017-12-11 11:01:13 ERROR [Class:o.s.b.d.LoggingFailureAnalysisReporter->Thread:main] 

***************************
APPLICATION FAILED TO START
***************************

Description:

A component required a bean named 'builderService' that could not be found.


Action:

Consider defining a bean named 'builderService' in your configuration.
 
2017-12-11 11:03:39 INFO [Class:o.s.b.StartupInfoLogger->Thread:main] Starting BuilderApplication on mababa with PID 20804 (G:\01.MyClouds\svn\myclouds-builder\target\classes started by lenovo in G:\01.MyClouds\svn\myclouds-builder) 
2017-12-11 11:03:39 DEBUG [Class:o.s.b.StartupInfoLogger->Thread:main] Running with Spring Boot v1.5.8.RELEASE, Spring v4.3.12.RELEASE 
2017-12-11 11:03:39 INFO [Class:o.s.b.SpringApplication->Thread:main] No active profile set, falling back to default profiles: default 
2017-12-11 11:03:39 INFO [Class:o.s.c.s.AbstractApplicationContext->Thread:main] Refreshing org.springframework.context.annotation.AnnotationConfigApplicationContext@400cff1a: startup date [Mon Dec 11 11:03:39 CST 2017]; root of context hierarchy 
2017-12-11 11:03:40 INFO [Class:o.s.j.e.MBeanExporter->Thread:main] Registering beans for JMX exposure on startup 
2017-12-11 11:03:40 WARN [Class:o.s.c.s.AbstractApplicationContext->Thread:main] Exception encountered during context initialization - cancelling refresh attempt: org.springframework.beans.factory.NoSuchBeanDefinitionException: No bean named 'builderDaoService' available 
2017-12-11 11:03:40 INFO [Class:o.s.j.e.MBeanExporter->Thread:main] Unregistering JMX-exposed beans on shutdown 
2017-12-11 11:03:40 INFO [Class:o.s.b.a.l.AutoConfigurationReportLoggingInitializer->Thread:main] 

Error starting ApplicationContext. To display the auto-configuration report re-run your application with 'debug' enabled. 
2017-12-11 11:03:40 ERROR [Class:o.s.b.d.LoggingFailureAnalysisReporter->Thread:main] 

***************************
APPLICATION FAILED TO START
***************************

Description:

A component required a bean named 'builderDaoService' that could not be found.


Action:

Consider defining a bean named 'builderDaoService' in your configuration.
 
2017-12-11 11:04:02 INFO [Class:o.s.b.StartupInfoLogger->Thread:main] Starting BuilderApplication on mababa with PID 21148 (G:\01.MyClouds\svn\myclouds-builder\target\classes started by lenovo in G:\01.MyClouds\svn\myclouds-builder) 
2017-12-11 11:04:02 DEBUG [Class:o.s.b.StartupInfoLogger->Thread:main] Running with Spring Boot v1.5.8.RELEASE, Spring v4.3.12.RELEASE 
2017-12-11 11:04:02 INFO [Class:o.s.b.SpringApplication->Thread:main] No active profile set, falling back to default profiles: default 
2017-12-11 11:04:02 INFO [Class:o.s.c.s.AbstractApplicationContext->Thread:main] Refreshing org.springframework.context.annotation.AnnotationConfigApplicationContext@793f29ff: startup date [Mon Dec 11 11:04:02 CST 2017]; root of context hierarchy 
2017-12-11 11:04:04 INFO [Class:o.s.j.e.MBeanExporter->Thread:main] Registering beans for JMX exposure on startup 
2017-12-11 11:04:04 WARN [Class:o.s.c.s.AbstractApplicationContext->Thread:main] Exception encountered during context initialization - cancelling refresh attempt: org.springframework.beans.factory.NoSuchBeanDefinitionException: No bean named 'builderDaoService' available 
2017-12-11 11:04:04 INFO [Class:o.s.j.e.MBeanExporter->Thread:main] Unregistering JMX-exposed beans on shutdown 
2017-12-11 11:04:04 INFO [Class:o.s.b.a.l.AutoConfigurationReportLoggingInitializer->Thread:main] 

Error starting ApplicationContext. To display the auto-configuration report re-run your application with 'debug' enabled. 
2017-12-11 11:04:04 ERROR [Class:o.s.b.d.LoggingFailureAnalysisReporter->Thread:main] 

***************************
APPLICATION FAILED TO START
***************************

Description:

A component required a bean named 'builderDaoService' that could not be found.


Action:

Consider defining a bean named 'builderDaoService' in your configuration.
 
2017-12-11 11:05:36 INFO [Class:o.s.b.StartupInfoLogger->Thread:main] Starting BuilderApplication on mababa with PID 21088 (G:\01.MyClouds\svn\myclouds-builder\target\classes started by lenovo in G:\01.MyClouds\svn\myclouds-builder) 
2017-12-11 11:05:36 DEBUG [Class:o.s.b.StartupInfoLogger->Thread:main] Running with Spring Boot v1.5.8.RELEASE, Spring v4.3.12.RELEASE 
2017-12-11 11:05:36 INFO [Class:o.s.b.SpringApplication->Thread:main] No active profile set, falling back to default profiles: default 
2017-12-11 11:05:36 INFO [Class:o.s.c.s.AbstractApplicationContext->Thread:main] Refreshing org.springframework.context.annotation.AnnotationConfigApplicationContext@793f29ff: startup date [Mon Dec 11 11:05:36 CST 2017]; root of context hierarchy 
2017-12-11 11:05:38 INFO [Class:o.s.j.e.MBeanExporter->Thread:main] Registering beans for JMX exposure on startup 
2017-12-11 11:05:38 INFO [Class:o.s.b.a.l.AutoConfigurationReportLoggingInitializer->Thread:main] 

Error starting ApplicationContext. To display the auto-configuration report re-run your application with 'debug' enabled. 
2017-12-11 11:05:38 ERROR [Class:o.s.b.SpringApplication->Thread:main] Application startup failed 
java.lang.NullPointerException: null
	at com.gitee.myclouds.toolbox.util.MyListUtil.select(MyListUtil.java:64)
	at com.gitee.myclouds.builder.util.DBMetaInfoUtil.listTableVOs(DBMetaInfoUtil.java:142)
	at com.gitee.myclouds.builder.util.DBMetaInfoUtil.getTableVO(DBMetaInfoUtil.java:156)
	at com.gitee.myclouds.builder.service.BuildDaoService.buildDao(BuildDaoService.java:79)
	at com.gitee.myclouds.builder.listener.BuilderApplicationStartupListener.onApplicationEvent(BuilderApplicationStartupListener.java:24)
	at com.gitee.myclouds.builder.listener.BuilderApplicationStartupListener.onApplicationEvent(BuilderApplicationStartupListener.java:1)
	at org.springframework.context.event.SimpleApplicationEventMulticaster.doInvokeListener(SimpleApplicationEventMulticaster.java:172)
	at org.springframework.context.event.SimpleApplicationEventMulticaster.invokeListener(SimpleApplicationEventMulticaster.java:165)
	at org.springframework.context.event.SimpleApplicationEventMulticaster.multicastEvent(SimpleApplicationEventMulticaster.java:139)
	at org.springframework.context.support.AbstractApplicationContext.publishEvent(AbstractApplicationContext.java:393)
	at org.springframework.context.support.AbstractApplicationContext.publishEvent(AbstractApplicationContext.java:347)
	at org.springframework.context.support.AbstractApplicationContext.finishRefresh(AbstractApplicationContext.java:883)
	at org.springframework.context.support.AbstractApplicationContext.refresh(AbstractApplicationContext.java:546)
	at org.springframework.boot.SpringApplication.refresh(SpringApplication.java:693)
	at org.springframework.boot.SpringApplication.refreshContext(SpringApplication.java:360)
	at org.springframework.boot.SpringApplication.run(SpringApplication.java:303)
	at com.gitee.myclouds.builder.BuilderApplication.main(BuilderApplication.java:16)
2017-12-11 11:05:38 INFO [Class:o.s.c.s.AbstractApplicationContext->Thread:main] Closing org.springframework.context.annotation.AnnotationConfigApplicationContext@793f29ff: startup date [Mon Dec 11 11:05:36 CST 2017]; root of context hierarchy 
2017-12-11 11:05:38 INFO [Class:o.s.j.e.MBeanExporter->Thread:main] Unregistering JMX-exposed beans on shutdown 
2017-12-11 11:16:15 INFO [Class:o.s.b.StartupInfoLogger->Thread:main] Starting BuilderApplication on mababa with PID 20656 (G:\01.MyClouds\svn\myclouds-builder\target\classes started by lenovo in G:\01.MyClouds\svn\myclouds-builder) 
2017-12-11 11:16:15 DEBUG [Class:o.s.b.StartupInfoLogger->Thread:main] Running with Spring Boot v1.5.8.RELEASE, Spring v4.3.12.RELEASE 
2017-12-11 11:16:15 INFO [Class:o.s.b.SpringApplication->Thread:main] No active profile set, falling back to default profiles: default 
2017-12-11 11:16:16 INFO [Class:o.s.c.s.AbstractApplicationContext->Thread:main] Refreshing org.springframework.context.annotation.AnnotationConfigApplicationContext@400cff1a: startup date [Mon Dec 11 11:16:16 CST 2017]; root of context hierarchy 
2017-12-11 11:16:17 INFO [Class:o.s.j.e.MBeanExporter->Thread:main] Registering beans for JMX exposure on startup 
2017-12-11 11:16:18 INFO [Class:o.s.b.a.l.AutoConfigurationReportLoggingInitializer->Thread:main] 

Error starting ApplicationContext. To display the auto-configuration report re-run your application with 'debug' enabled. 
2017-12-11 11:16:18 ERROR [Class:o.s.b.SpringApplication->Thread:main] Application startup failed 
java.lang.NoClassDefFoundError: com/gentlyweb/utils/Getter
	at org.josql.expressions.Accessor.init(Accessor.java:55)
	at org.josql.expressions.BinaryExpression.init(BinaryExpression.java:82)
	at org.josql.expressions.LikeExpression.init(LikeExpression.java:80)
	at org.josql.Query.init(Query.java:2435)
	at org.josql.Query.parse(Query.java:2356)
	at com.gitee.myclouds.toolbox.util.MyListUtil.select(MyListUtil.java:52)
	at com.gitee.myclouds.builder.util.DBMetaInfoUtil.listTableVOs(DBMetaInfoUtil.java:142)
	at com.gitee.myclouds.builder.util.DBMetaInfoUtil.getTableVO(DBMetaInfoUtil.java:156)
	at com.gitee.myclouds.builder.service.BuildDaoService.buildDao(BuildDaoService.java:79)
	at com.gitee.myclouds.builder.listener.BuilderApplicationStartupListener.onApplicationEvent(BuilderApplicationStartupListener.java:24)
	at com.gitee.myclouds.builder.listener.BuilderApplicationStartupListener.onApplicationEvent(BuilderApplicationStartupListener.java:1)
	at org.springframework.context.event.SimpleApplicationEventMulticaster.doInvokeListener(SimpleApplicationEventMulticaster.java:172)
	at org.springframework.context.event.SimpleApplicationEventMulticaster.invokeListener(SimpleApplicationEventMulticaster.java:165)
	at org.springframework.context.event.SimpleApplicationEventMulticaster.multicastEvent(SimpleApplicationEventMulticaster.java:139)
	at org.springframework.context.support.AbstractApplicationContext.publishEvent(AbstractApplicationContext.java:393)
	at org.springframework.context.support.AbstractApplicationContext.publishEvent(AbstractApplicationContext.java:347)
	at org.springframework.context.support.AbstractApplicationContext.finishRefresh(AbstractApplicationContext.java:883)
	at org.springframework.context.support.AbstractApplicationContext.refresh(AbstractApplicationContext.java:546)
	at org.springframework.boot.SpringApplication.refresh(SpringApplication.java:693)
	at org.springframework.boot.SpringApplication.refreshContext(SpringApplication.java:360)
	at org.springframework.boot.SpringApplication.run(SpringApplication.java:303)
	at com.gitee.myclouds.builder.BuilderApplication.main(BuilderApplication.java:16)
Caused by: java.lang.ClassNotFoundException: com.gentlyweb.utils.Getter
	at java.net.URLClassLoader.findClass(URLClassLoader.java:381)
	at java.lang.ClassLoader.loadClass(ClassLoader.java:424)
	at sun.misc.Launcher$AppClassLoader.loadClass(Launcher.java:331)
	at java.lang.ClassLoader.loadClass(ClassLoader.java:357)
	... 22 common frames omitted
2017-12-11 11:16:18 INFO [Class:o.s.c.s.AbstractApplicationContext->Thread:main] Closing org.springframework.context.annotation.AnnotationConfigApplicationContext@400cff1a: startup date [Mon Dec 11 11:16:16 CST 2017]; root of context hierarchy 
2017-12-11 11:16:18 INFO [Class:o.s.j.e.MBeanExporter->Thread:main] Unregistering JMX-exposed beans on shutdown 
2017-12-11 11:26:29 INFO [Class:o.s.b.StartupInfoLogger->Thread:main] Starting BuilderApplication on mababa with PID 24220 (G:\01.MyClouds\svn\myclouds-builder\target\classes started by lenovo in G:\01.MyClouds\svn\myclouds-builder) 
2017-12-11 11:26:29 DEBUG [Class:o.s.b.StartupInfoLogger->Thread:main] Running with Spring Boot v1.5.8.RELEASE, Spring v4.3.12.RELEASE 
2017-12-11 11:26:29 INFO [Class:o.s.b.SpringApplication->Thread:main] No active profile set, falling back to default profiles: default 
2017-12-11 11:26:29 INFO [Class:o.s.c.s.AbstractApplicationContext->Thread:main] Refreshing org.springframework.context.annotation.AnnotationConfigApplicationContext@525f1e4e: startup date [Mon Dec 11 11:26:29 CST 2017]; root of context hierarchy 
2017-12-11 11:26:30 INFO [Class:o.s.j.e.MBeanExporter->Thread:main] Registering beans for JMX exposure on startup 
2017-12-11 11:26:31 ERROR [Class:o.a.v.r.l.Log4JLogChute->Thread:main] ResourceManager : unable to find resource '/com/gitee/myclouds/builder/vm/po.java.vm' in any resource loader. 
2017-12-11 11:26:31 INFO [Class:o.s.b.a.l.AutoConfigurationReportLoggingInitializer->Thread:main] 

Error starting ApplicationContext. To display the auto-configuration report re-run your application with 'debug' enabled. 
2017-12-11 11:26:31 ERROR [Class:o.s.b.SpringApplication->Thread:main] Application startup failed 
org.apache.velocity.exception.ResourceNotFoundException: Unable to find resource '/com/gitee/myclouds/builder/vm/po.java.vm'
	at org.apache.velocity.runtime.resource.ResourceManagerImpl.loadResource(ResourceManagerImpl.java:474)
	at org.apache.velocity.runtime.resource.ResourceManagerImpl.getResource(ResourceManagerImpl.java:352)
	at org.apache.velocity.runtime.RuntimeInstance.getTemplate(RuntimeInstance.java:1533)
	at org.apache.velocity.runtime.RuntimeInstance.getTemplate(RuntimeInstance.java:1514)
	at org.apache.velocity.runtime.RuntimeSingleton.getTemplate(RuntimeSingleton.java:299)
	at org.apache.velocity.app.Velocity.getTemplate(Velocity.java:358)
	at com.gitee.myclouds.builder.util.BuilderUtil.mergeFileTemplate(BuilderUtil.java:258)
	at com.gitee.myclouds.builder.service.BuildDaoService.buildPO(BuildDaoService.java:117)
	at com.gitee.myclouds.builder.service.BuildDaoService.buildDao(BuildDaoService.java:90)
	at com.gitee.myclouds.builder.listener.BuilderApplicationStartupListener.onApplicationEvent(BuilderApplicationStartupListener.java:24)
	at com.gitee.myclouds.builder.listener.BuilderApplicationStartupListener.onApplicationEvent(BuilderApplicationStartupListener.java:1)
	at org.springframework.context.event.SimpleApplicationEventMulticaster.doInvokeListener(SimpleApplicationEventMulticaster.java:172)
	at org.springframework.context.event.SimpleApplicationEventMulticaster.invokeListener(SimpleApplicationEventMulticaster.java:165)
	at org.springframework.context.event.SimpleApplicationEventMulticaster.multicastEvent(SimpleApplicationEventMulticaster.java:139)
	at org.springframework.context.support.AbstractApplicationContext.publishEvent(AbstractApplicationContext.java:393)
	at org.springframework.context.support.AbstractApplicationContext.publishEvent(AbstractApplicationContext.java:347)
	at org.springframework.context.support.AbstractApplicationContext.finishRefresh(AbstractApplicationContext.java:883)
	at org.springframework.context.support.AbstractApplicationContext.refresh(AbstractApplicationContext.java:546)
	at org.springframework.boot.SpringApplication.refresh(SpringApplication.java:693)
	at org.springframework.boot.SpringApplication.refreshContext(SpringApplication.java:360)
	at org.springframework.boot.SpringApplication.run(SpringApplication.java:303)
	at com.gitee.myclouds.builder.BuilderApplication.main(BuilderApplication.java:16)
2017-12-11 11:26:31 INFO [Class:o.s.c.s.AbstractApplicationContext->Thread:main] Closing org.springframework.context.annotation.AnnotationConfigApplicationContext@525f1e4e: startup date [Mon Dec 11 11:26:29 CST 2017]; root of context hierarchy 
2017-12-11 11:26:31 INFO [Class:o.s.j.e.MBeanExporter->Thread:main] Unregistering JMX-exposed beans on shutdown 
2017-12-11 11:28:56 INFO [Class:o.s.b.StartupInfoLogger->Thread:main] Starting BuilderApplication on mababa with PID 22260 (G:\01.MyClouds\svn\myclouds-builder\target\classes started by lenovo in G:\01.MyClouds\svn\myclouds-builder) 
2017-12-11 11:28:56 DEBUG [Class:o.s.b.StartupInfoLogger->Thread:main] Running with Spring Boot v1.5.8.RELEASE, Spring v4.3.12.RELEASE 
2017-12-11 11:28:56 INFO [Class:o.s.b.SpringApplication->Thread:main] No active profile set, falling back to default profiles: default 
2017-12-11 11:28:56 INFO [Class:o.s.c.s.AbstractApplicationContext->Thread:main] Refreshing org.springframework.context.annotation.AnnotationConfigApplicationContext@563f38c4: startup date [Mon Dec 11 11:28:56 CST 2017]; root of context hierarchy 
2017-12-11 11:28:57 INFO [Class:o.s.j.e.MBeanExporter->Thread:main] Registering beans for JMX exposure on startup 
2017-12-11 11:29:12 ERROR [Class:o.a.v.r.l.Log4JLogChute->Thread:main] ResourceManager : unable to find resource '/com/gitee/myclouds/builder/vm/po.java.vm' in any resource loader. 
2017-12-11 11:33:25 INFO [Class:o.s.b.a.l.AutoConfigurationReportLoggingInitializer->Thread:main] 

Error starting ApplicationContext. To display the auto-configuration report re-run your application with 'debug' enabled. 
2017-12-11 11:33:25 ERROR [Class:o.s.b.SpringApplication->Thread:main] Application startup failed 
org.apache.velocity.exception.ResourceNotFoundException: Unable to find resource '/com/gitee/myclouds/builder/vm/po.java.vm'
	at org.apache.velocity.runtime.resource.ResourceManagerImpl.loadResource(ResourceManagerImpl.java:474)
	at org.apache.velocity.runtime.resource.ResourceManagerImpl.getResource(ResourceManagerImpl.java:352)
	at org.apache.velocity.runtime.RuntimeInstance.getTemplate(RuntimeInstance.java:1533)
	at org.apache.velocity.runtime.RuntimeInstance.getTemplate(RuntimeInstance.java:1514)
	at org.apache.velocity.runtime.RuntimeSingleton.getTemplate(RuntimeSingleton.java:299)
	at org.apache.velocity.app.Velocity.getTemplate(Velocity.java:358)
	at com.gitee.myclouds.builder.util.BuilderUtil.mergeFileTemplate(BuilderUtil.java:258)
	at com.gitee.myclouds.builder.service.BuildDaoService.buildPO(BuildDaoService.java:117)
	at com.gitee.myclouds.builder.service.BuildDaoService.buildDao(BuildDaoService.java:90)
	at com.gitee.myclouds.builder.listener.BuilderApplicationStartupListener.onApplicationEvent(BuilderApplicationStartupListener.java:24)
	at com.gitee.myclouds.builder.listener.BuilderApplicationStartupListener.onApplicationEvent(BuilderApplicationStartupListener.java:1)
	at org.springframework.context.event.SimpleApplicationEventMulticaster.doInvokeListener(SimpleApplicationEventMulticaster.java:172)
	at org.springframework.context.event.SimpleApplicationEventMulticaster.invokeListener(SimpleApplicationEventMulticaster.java:165)
	at org.springframework.context.event.SimpleApplicationEventMulticaster.multicastEvent(SimpleApplicationEventMulticaster.java:139)
	at org.springframework.context.support.AbstractApplicationContext.publishEvent(AbstractApplicationContext.java:393)
	at org.springframework.context.support.AbstractApplicationContext.publishEvent(AbstractApplicationContext.java:347)
	at org.springframework.context.support.AbstractApplicationContext.finishRefresh(AbstractApplicationContext.java:883)
	at org.springframework.context.support.AbstractApplicationContext.refresh(AbstractApplicationContext.java:546)
	at org.springframework.boot.SpringApplication.refresh(SpringApplication.java:693)
	at org.springframework.boot.SpringApplication.refreshContext(SpringApplication.java:360)
	at org.springframework.boot.SpringApplication.run(SpringApplication.java:303)
	at com.gitee.myclouds.builder.BuilderApplication.main(BuilderApplication.java:16)
2017-12-11 11:33:25 INFO [Class:o.s.c.s.AbstractApplicationContext->Thread:main] Closing org.springframework.context.annotation.AnnotationConfigApplicationContext@563f38c4: startup date [Mon Dec 11 11:28:56 CST 2017]; root of context hierarchy 
2017-12-11 11:33:25 INFO [Class:o.s.j.e.MBeanExporter->Thread:main] Unregistering JMX-exposed beans on shutdown 
2017-12-11 11:35:08 INFO [Class:o.s.b.StartupInfoLogger->Thread:main] Starting BuilderApplication on mababa with PID 19528 (G:\01.MyClouds\svn\myclouds-builder\target\classes started by lenovo in G:\01.MyClouds\svn\myclouds-builder) 
2017-12-11 11:35:08 DEBUG [Class:o.s.b.StartupInfoLogger->Thread:main] Running with Spring Boot v1.5.8.RELEASE, Spring v4.3.12.RELEASE 
2017-12-11 11:35:08 INFO [Class:o.s.b.SpringApplication->Thread:main] No active profile set, falling back to default profiles: default 
2017-12-11 11:35:08 INFO [Class:o.s.c.s.AbstractApplicationContext->Thread:main] Refreshing org.springframework.context.annotation.AnnotationConfigApplicationContext@563f38c4: startup date [Mon Dec 11 11:35:08 CST 2017]; root of context hierarchy 
2017-12-11 11:35:10 INFO [Class:o.s.j.e.MBeanExporter->Thread:main] Registering beans for JMX exposure on startup 
2017-12-11 11:36:44 ERROR [Class:o.a.v.r.l.Log4JLogChute->Thread:main] ResourceManager : unable to find resource '/com/gitee/myclouds/builder/vm/po.java.vm' in any resource loader. 
2017-12-11 11:36:44 INFO [Class:o.s.b.a.l.AutoConfigurationReportLoggingInitializer->Thread:main] 

Error starting ApplicationContext. To display the auto-configuration report re-run your application with 'debug' enabled. 
2017-12-11 11:36:44 ERROR [Class:o.s.b.SpringApplication->Thread:main] Application startup failed 
org.apache.velocity.exception.ResourceNotFoundException: Unable to find resource '/com/gitee/myclouds/builder/vm/po.java.vm'
	at org.apache.velocity.runtime.resource.ResourceManagerImpl.loadResource(ResourceManagerImpl.java:474)
	at org.apache.velocity.runtime.resource.ResourceManagerImpl.getResource(ResourceManagerImpl.java:352)
	at org.apache.velocity.runtime.RuntimeInstance.getTemplate(RuntimeInstance.java:1533)
	at org.apache.velocity.runtime.RuntimeInstance.getTemplate(RuntimeInstance.java:1514)
	at org.apache.velocity.runtime.RuntimeSingleton.getTemplate(RuntimeSingleton.java:299)
	at org.apache.velocity.app.Velocity.getTemplate(Velocity.java:358)
	at com.gitee.myclouds.builder.util.BuilderUtil.mergeFileTemplate(BuilderUtil.java:258)
	at com.gitee.myclouds.builder.service.BuildDaoService.buildPO(BuildDaoService.java:117)
	at com.gitee.myclouds.builder.service.BuildDaoService.buildDao(BuildDaoService.java:90)
	at com.gitee.myclouds.builder.listener.BuilderApplicationStartupListener.onApplicationEvent(BuilderApplicationStartupListener.java:24)
	at com.gitee.myclouds.builder.listener.BuilderApplicationStartupListener.onApplicationEvent(BuilderApplicationStartupListener.java:1)
	at org.springframework.context.event.SimpleApplicationEventMulticaster.doInvokeListener(SimpleApplicationEventMulticaster.java:172)
	at org.springframework.context.event.SimpleApplicationEventMulticaster.invokeListener(SimpleApplicationEventMulticaster.java:165)
	at org.springframework.context.event.SimpleApplicationEventMulticaster.multicastEvent(SimpleApplicationEventMulticaster.java:139)
	at org.springframework.context.support.AbstractApplicationContext.publishEvent(AbstractApplicationContext.java:393)
	at org.springframework.context.support.AbstractApplicationContext.publishEvent(AbstractApplicationContext.java:347)
	at org.springframework.context.support.AbstractApplicationContext.finishRefresh(AbstractApplicationContext.java:883)
	at org.springframework.context.support.AbstractApplicationContext.refresh(AbstractApplicationContext.java:546)
	at org.springframework.boot.SpringApplication.refresh(SpringApplication.java:693)
	at org.springframework.boot.SpringApplication.refreshContext(SpringApplication.java:360)
	at org.springframework.boot.SpringApplication.run(SpringApplication.java:303)
	at com.gitee.myclouds.builder.BuilderApplication.main(BuilderApplication.java:16)
2017-12-11 11:36:44 INFO [Class:o.s.c.s.AbstractApplicationContext->Thread:main] Closing org.springframework.context.annotation.AnnotationConfigApplicationContext@563f38c4: startup date [Mon Dec 11 11:35:08 CST 2017]; root of context hierarchy 
2017-12-11 11:36:44 INFO [Class:o.s.j.e.MBeanExporter->Thread:main] Unregistering JMX-exposed beans on shutdown 
2017-12-11 11:39:28 INFO [Class:o.s.b.StartupInfoLogger->Thread:main] Starting BuilderApplication on mababa with PID 23376 (G:\01.MyClouds\svn\myclouds-builder\target\classes started by lenovo in G:\01.MyClouds\svn\myclouds-builder) 
2017-12-11 11:39:28 DEBUG [Class:o.s.b.StartupInfoLogger->Thread:main] Running with Spring Boot v1.5.8.RELEASE, Spring v4.3.12.RELEASE 
2017-12-11 11:39:28 INFO [Class:o.s.b.SpringApplication->Thread:main] No active profile set, falling back to default profiles: default 
2017-12-11 11:39:28 INFO [Class:o.s.c.s.AbstractApplicationContext->Thread:main] Refreshing org.springframework.context.annotation.AnnotationConfigApplicationContext@563f38c4: startup date [Mon Dec 11 11:39:28 CST 2017]; root of context hierarchy 
2017-12-11 11:39:30 INFO [Class:o.s.j.e.MBeanExporter->Thread:main] Registering beans for JMX exposure on startup 
2017-12-11 11:39:47 ERROR [Class:o.a.v.r.l.Log4JLogChute->Thread:main] ResourceManager : unable to find resource 'com/gitee/myclouds/builder/vm/po.java.vm' in any resource loader. 
2017-12-11 11:39:49 INFO [Class:o.s.b.a.l.AutoConfigurationReportLoggingInitializer->Thread:main] 

Error starting ApplicationContext. To display the auto-configuration report re-run your application with 'debug' enabled. 
2017-12-11 11:39:49 ERROR [Class:o.s.b.SpringApplication->Thread:main] Application startup failed 
org.apache.velocity.exception.ResourceNotFoundException: Unable to find resource 'com/gitee/myclouds/builder/vm/po.java.vm'
	at org.apache.velocity.runtime.resource.ResourceManagerImpl.loadResource(ResourceManagerImpl.java:474)
	at org.apache.velocity.runtime.resource.ResourceManagerImpl.getResource(ResourceManagerImpl.java:352)
	at org.apache.velocity.runtime.RuntimeInstance.getTemplate(RuntimeInstance.java:1533)
	at org.apache.velocity.runtime.RuntimeInstance.getTemplate(RuntimeInstance.java:1514)
	at org.apache.velocity.runtime.RuntimeSingleton.getTemplate(RuntimeSingleton.java:299)
	at org.apache.velocity.app.Velocity.getTemplate(Velocity.java:358)
	at com.gitee.myclouds.builder.util.BuilderUtil.mergeFileTemplate(BuilderUtil.java:258)
	at com.gitee.myclouds.builder.service.BuildDaoService.buildPO(BuildDaoService.java:117)
	at com.gitee.myclouds.builder.service.BuildDaoService.buildDao(BuildDaoService.java:90)
	at com.gitee.myclouds.builder.listener.BuilderApplicationStartupListener.onApplicationEvent(BuilderApplicationStartupListener.java:24)
	at com.gitee.myclouds.builder.listener.BuilderApplicationStartupListener.onApplicationEvent(BuilderApplicationStartupListener.java:1)
	at org.springframework.context.event.SimpleApplicationEventMulticaster.doInvokeListener(SimpleApplicationEventMulticaster.java:172)
	at org.springframework.context.event.SimpleApplicationEventMulticaster.invokeListener(SimpleApplicationEventMulticaster.java:165)
	at org.springframework.context.event.SimpleApplicationEventMulticaster.multicastEvent(SimpleApplicationEventMulticaster.java:139)
	at org.springframework.context.support.AbstractApplicationContext.publishEvent(AbstractApplicationContext.java:393)
	at org.springframework.context.support.AbstractApplicationContext.publishEvent(AbstractApplicationContext.java:347)
	at org.springframework.context.support.AbstractApplicationContext.finishRefresh(AbstractApplicationContext.java:883)
	at org.springframework.context.support.AbstractApplicationContext.refresh(AbstractApplicationContext.java:546)
	at org.springframework.boot.SpringApplication.refresh(SpringApplication.java:693)
	at org.springframework.boot.SpringApplication.refreshContext(SpringApplication.java:360)
	at org.springframework.boot.SpringApplication.run(SpringApplication.java:303)
	at com.gitee.myclouds.builder.BuilderApplication.main(BuilderApplication.java:16)
2017-12-11 11:39:49 INFO [Class:o.s.c.s.AbstractApplicationContext->Thread:main] Closing org.springframework.context.annotation.AnnotationConfigApplicationContext@563f38c4: startup date [Mon Dec 11 11:39:28 CST 2017]; root of context hierarchy 
2017-12-11 11:39:49 INFO [Class:o.s.j.e.MBeanExporter->Thread:main] Unregistering JMX-exposed beans on shutdown 
2017-12-11 13:37:07 ERROR [Class:o.a.v.r.l.Log4JLogChute->Thread:main] ResourceManager : unable to find resource 'com/gitee/myclouds/builder/vm/po.java.vm' in any resource loader. 
2017-12-11 13:38:29 ERROR [Class:o.a.v.r.l.Log4JLogChute->Thread:main] ResourceManager : unable to find resource 'G:\01.MyClouds\svn\myclouds-builder\src\main\java\com\gitee\myclouds\builder\vm\po.java.vm' in any resource loader. 
2017-12-11 13:41:31 ERROR [Class:o.a.v.r.l.Log4JLogChute->Thread:main] ResourceManager : unable to find resource 'com/gitee/myclouds/builder/vm/po.java.vm' in any resource loader. 
2017-12-11 13:42:02 ERROR [Class:o.a.v.r.l.Log4JLogChute->Thread:main] ResourceManager : unable to find resource '/com/gitee/myclouds/builder/vm/po.java.vm' in any resource loader. 
2017-12-11 13:43:05 ERROR [Class:o.a.v.r.l.Log4JLogChute->Thread:main] ResourceManager : unable to find resource '/com/gitee/myclouds/builder/vm/po.java.vm' in any resource loader. 
2017-12-11 13:54:56 ERROR [Class:o.a.v.r.l.Log4JLogChute->Thread:main] ResourceManager : unable to find resource '/com/gitee/myclouds/builder/vm/po.java.vm' in any resource loader. 
2017-12-11 13:56:21 ERROR [Class:o.a.v.r.l.Log4JLogChute->Thread:main] ResourceManager : unable to find resource '/com/gitee/myclouds/builder/vm/po.java.vm' in any resource loader. 
2017-12-11 14:17:45 INFO [Class:o.s.b.StartupInfoLogger->Thread:main] Starting BuilderApplication on mababa with PID 33688 (G:\01.MyClouds\svn\myclouds-builder\target\classes started by lenovo in G:\01.MyClouds\svn\myclouds-builder) 
2017-12-11 14:17:45 DEBUG [Class:o.s.b.StartupInfoLogger->Thread:main] Running with Spring Boot v1.5.8.RELEASE, Spring v4.3.12.RELEASE 
2017-12-11 14:17:45 INFO [Class:o.s.b.SpringApplication->Thread:main] No active profile set, falling back to default profiles: default 
2017-12-11 14:17:45 INFO [Class:o.s.c.s.AbstractApplicationContext->Thread:main] Refreshing org.springframework.context.annotation.AnnotationConfigApplicationContext@525f1e4e: startup date [Mon Dec 11 14:17:45 CST 2017]; root of context hierarchy 
2017-12-11 14:17:46 INFO [Class:o.s.j.e.MBeanExporter->Thread:main] Registering beans for JMX exposure on startup 
2017-12-11 14:17:48 INFO [Class:o.s.b.StartupInfoLogger->Thread:main] Started BuilderApplication in 3.308 seconds (JVM running for 4.195) 
2017-12-11 14:17:48 INFO [Class:o.s.c.s.AbstractApplicationContext->Thread:Thread-3] Closing org.springframework.context.annotation.AnnotationConfigApplicationContext@525f1e4e: startup date [Mon Dec 11 14:17:45 CST 2017]; root of context hierarchy 
2017-12-11 14:17:48 INFO [Class:o.s.j.e.MBeanExporter->Thread:Thread-3] Unregistering JMX-exposed beans on shutdown 
2017-12-11 14:24:32 INFO [Class:o.s.b.StartupInfoLogger->Thread:main] Starting BuilderApplication on mababa with PID 7224 (G:\01.MyClouds\svn\myclouds-builder\target\classes started by lenovo in G:\01.MyClouds\svn\myclouds-builder) 
2017-12-11 14:24:32 DEBUG [Class:o.s.b.StartupInfoLogger->Thread:main] Running with Spring Boot v1.5.8.RELEASE, Spring v4.3.12.RELEASE 
2017-12-11 14:24:32 INFO [Class:o.s.b.SpringApplication->Thread:main] No active profile set, falling back to default profiles: default 
2017-12-11 14:24:32 INFO [Class:o.s.c.s.AbstractApplicationContext->Thread:main] Refreshing org.springframework.context.annotation.AnnotationConfigApplicationContext@525f1e4e: startup date [Mon Dec 11 14:24:32 CST 2017]; root of context hierarchy 
2017-12-11 14:24:34 INFO [Class:o.s.j.e.MBeanExporter->Thread:main] Registering beans for JMX exposure on startup 
2017-12-11 14:24:34 INFO [Class:c.g.m.b.s.BuildDaoService->Thread:main] PO文件[com.gitee.myclouds.builder.test.dao.po.SysParamPO.java]生成成功。 
2017-12-11 14:24:35 INFO [Class:c.g.m.b.s.BuildDaoService->Thread:main] Dao Java文件[com.gitee.myclouds.builder.test.dao.SysParamDao.java]生成成功。 
2017-12-11 14:24:35 INFO [Class:c.g.m.b.s.BuildDaoService->Thread:main] Dao Xml文件[com.gitee.myclouds.builder.test.dao.sqlmap.SysParamDao.xml]生成成功。 
2017-12-11 14:24:35 INFO [Class:o.s.b.StartupInfoLogger->Thread:main] Started BuilderApplication in 2.995 seconds (JVM running for 3.771) 
2017-12-11 14:24:35 INFO [Class:o.s.c.s.AbstractApplicationContext->Thread:Thread-3] Closing org.springframework.context.annotation.AnnotationConfigApplicationContext@525f1e4e: startup date [Mon Dec 11 14:24:32 CST 2017]; root of context hierarchy 
2017-12-11 14:24:35 INFO [Class:o.s.j.e.MBeanExporter->Thread:Thread-3] Unregistering JMX-exposed beans on shutdown 
2017-12-11 15:04:05 INFO [Class:o.s.b.StartupInfoLogger->Thread:main] Starting BuilderApplication on mababa with PID 36012 (G:\01.MyClouds\svn\myclouds-builder\target\classes started by lenovo in G:\01.MyClouds\svn\myclouds-builder) 
2017-12-11 15:04:05 DEBUG [Class:o.s.b.StartupInfoLogger->Thread:main] Running with Spring Boot v1.5.8.RELEASE, Spring v4.3.12.RELEASE 
2017-12-11 15:04:05 INFO [Class:o.s.b.SpringApplication->Thread:main] No active profile set, falling back to default profiles: default 
2017-12-11 15:04:05 INFO [Class:o.s.c.s.AbstractApplicationContext->Thread:main] Refreshing org.springframework.context.annotation.AnnotationConfigApplicationContext@3ec300f1: startup date [Mon Dec 11 15:04:05 CST 2017]; root of context hierarchy 
2017-12-11 15:04:05 WARN [Class:o.m.s.m.ClassPathMapperScanner->Thread:main] No MyBatis mapper was found in '[com.gitee.myclouds.builder]' package. Please check your configuration. 
2017-12-11 15:04:07 INFO [Class:o.s.j.e.MBeanExporter->Thread:main] Registering beans for JMX exposure on startup 
2017-12-11 15:04:09 INFO [Class:c.g.m.b.s.BuildDaoService->Thread:main] PO文件[com.gitee.myclouds.builder.test.dao.po.SysParamPO.java]生成成功。 
2017-12-11 15:04:09 INFO [Class:c.g.m.b.s.BuildDaoService->Thread:main] Dao Java文件[com.gitee.myclouds.builder.test.dao.SysParamDao.java]生成成功。 
2017-12-11 15:04:09 INFO [Class:c.g.m.b.s.BuildDaoService->Thread:main] Dao Xml文件[com.gitee.myclouds.builder.test.dao.sqlmap.SysParamDao.xml]生成成功。 
2017-12-11 15:04:09 INFO [Class:o.s.b.StartupInfoLogger->Thread:main] Started BuilderApplication in 4.459 seconds (JVM running for 5.324) 
2017-12-11 15:04:09 INFO [Class:o.s.c.s.AbstractApplicationContext->Thread:Thread-3] Closing org.springframework.context.annotation.AnnotationConfigApplicationContext@3ec300f1: startup date [Mon Dec 11 15:04:05 CST 2017]; root of context hierarchy 
2017-12-11 15:04:09 INFO [Class:o.s.j.e.MBeanExporter->Thread:Thread-3] Unregistering JMX-exposed beans on shutdown 
2017-12-11 15:05:45 INFO [Class:o.s.b.StartupInfoLogger->Thread:main] Starting BuilderApplication on mababa with PID 37832 (G:\01.MyClouds\svn\myclouds-builder\target\classes started by lenovo in G:\01.MyClouds\svn\myclouds-builder) 
2017-12-11 15:05:45 DEBUG [Class:o.s.b.StartupInfoLogger->Thread:main] Running with Spring Boot v1.5.8.RELEASE, Spring v4.3.12.RELEASE 
2017-12-11 15:05:45 INFO [Class:o.s.b.SpringApplication->Thread:main] No active profile set, falling back to default profiles: default 
2017-12-11 15:05:45 INFO [Class:o.s.c.s.AbstractApplicationContext->Thread:main] Refreshing org.springframework.context.annotation.AnnotationConfigApplicationContext@3ec300f1: startup date [Mon Dec 11 15:05:45 CST 2017]; root of context hierarchy 
2017-12-11 15:05:46 WARN [Class:o.m.s.m.ClassPathMapperScanner->Thread:main] No MyBatis mapper was found in '[com.gitee.myclouds.builder]' package. Please check your configuration. 
2017-12-11 15:05:47 INFO [Class:o.s.j.e.MBeanExporter->Thread:main] Registering beans for JMX exposure on startup 
2017-12-11 15:05:48 INFO [Class:c.g.m.b.s.BuildDaoService->Thread:main] PO文件[com.gitee.myclouds.builder.test.dao.SysParamPO.java]生成成功。 
2017-12-11 15:05:48 INFO [Class:c.g.m.b.s.BuildDaoService->Thread:main] Dao Java文件[com.gitee.myclouds.builder.test.dao.SysParamDao.java]生成成功。 
2017-12-11 15:05:48 INFO [Class:c.g.m.b.s.BuildDaoService->Thread:main] Dao Xml文件[com.gitee.myclouds.builder.test.dao.sqlmap.SysParamDao.xml]生成成功。 
2017-12-11 15:05:48 INFO [Class:o.s.b.StartupInfoLogger->Thread:main] Started BuilderApplication in 3.683 seconds (JVM running for 4.522) 
2017-12-11 15:05:48 INFO [Class:o.s.c.s.AbstractApplicationContext->Thread:Thread-3] Closing org.springframework.context.annotation.AnnotationConfigApplicationContext@3ec300f1: startup date [Mon Dec 11 15:05:45 CST 2017]; root of context hierarchy 
2017-12-11 15:05:48 INFO [Class:o.s.j.e.MBeanExporter->Thread:Thread-3] Unregistering JMX-exposed beans on shutdown 
2017-12-11 15:57:19 INFO [Class:o.s.b.StartupInfoLogger->Thread:main] Starting BuilderApplication on mababa with PID 38924 (G:\01.MyClouds\svn\myclouds-builder\target\classes started by lenovo in G:\01.MyClouds\svn\myclouds-builder) 
2017-12-11 15:57:19 DEBUG [Class:o.s.b.StartupInfoLogger->Thread:main] Running with Spring Boot v1.5.8.RELEASE, Spring v4.3.12.RELEASE 
2017-12-11 15:57:19 INFO [Class:o.s.b.SpringApplication->Thread:main] No active profile set, falling back to default profiles: default 
2017-12-11 15:57:19 INFO [Class:o.s.c.s.AbstractApplicationContext->Thread:main] Refreshing org.springframework.context.annotation.AnnotationConfigApplicationContext@3ec300f1: startup date [Mon Dec 11 15:57:19 CST 2017]; root of context hierarchy 
2017-12-11 15:57:19 WARN [Class:o.m.s.m.ClassPathMapperScanner->Thread:main] No MyBatis mapper was found in '[com.gitee.myclouds.builder]' package. Please check your configuration. 
2017-12-11 15:57:20 INFO [Class:o.s.j.e.MBeanExporter->Thread:main] Registering beans for JMX exposure on startup 
2017-12-11 15:57:22 INFO [Class:c.g.m.b.s.BuildDaoService->Thread:main] PO文件[com.gitee.myclouds.builder.test.dao.po.SysParamPO.java]生成成功。 
2017-12-11 15:57:22 INFO [Class:c.g.m.b.s.BuildDaoService->Thread:main] Dao Java文件[com.gitee.myclouds.builder.test.dao.SysParamDao.java]生成成功。 
2017-12-11 15:57:22 INFO [Class:c.g.m.b.s.BuildDaoService->Thread:main] Dao Xml文件[com.gitee.myclouds.builder.test.dao.sqlmap.SysParamDao.xml]生成成功。 
2017-12-11 15:57:22 INFO [Class:o.s.b.StartupInfoLogger->Thread:main] Started BuilderApplication in 3.492 seconds (JVM running for 4.22) 
2017-12-11 15:57:22 INFO [Class:o.s.c.s.AbstractApplicationContext->Thread:Thread-3] Closing org.springframework.context.annotation.AnnotationConfigApplicationContext@3ec300f1: startup date [Mon Dec 11 15:57:19 CST 2017]; root of context hierarchy 
2017-12-11 15:57:22 INFO [Class:o.s.j.e.MBeanExporter->Thread:Thread-3] Unregistering JMX-exposed beans on shutdown 
2017-12-11 16:15:59 INFO [Class:o.s.b.StartupInfoLogger->Thread:main] Starting BuilderApplication on mababa with PID 41728 (G:\01.MyClouds\svn\myclouds-builder\target\classes started by lenovo in G:\01.MyClouds\svn\myclouds-builder) 
2017-12-11 16:15:59 DEBUG [Class:o.s.b.StartupInfoLogger->Thread:main] Running with Spring Boot v1.5.8.RELEASE, Spring v4.3.12.RELEASE 
2017-12-11 16:15:59 INFO [Class:o.s.b.SpringApplication->Thread:main] No active profile set, falling back to default profiles: default 
2017-12-11 16:15:59 INFO [Class:o.s.c.s.AbstractApplicationContext->Thread:main] Refreshing org.springframework.context.annotation.AnnotationConfigApplicationContext@3ec300f1: startup date [Mon Dec 11 16:15:59 CST 2017]; root of context hierarchy 
2017-12-11 16:16:00 WARN [Class:o.m.s.m.ClassPathMapperScanner->Thread:main] No MyBatis mapper was found in '[com.gitee.myclouds.builder]' package. Please check your configuration. 
2017-12-11 16:16:01 INFO [Class:o.s.j.e.MBeanExporter->Thread:main] Registering beans for JMX exposure on startup 
2017-12-11 16:16:02 INFO [Class:c.g.m.b.s.BuildDaoService->Thread:main] PO Java文件[G:/01.MyClouds/svn/myclouds-builder/src/test/java/com/gitee/myclouds/builder/test/dao///SysParamMapper.java]生成成功。 
2017-12-11 16:16:02 INFO [Class:c.g.m.b.s.BuildDaoService->Thread:main] Mapper Java文件[G:/01.MyClouds/svn/myclouds-builder/src/test/java/com/gitee/myclouds/builder/test/dao///SysParamMapper.java]生成成功。 
2017-12-11 16:16:02 INFO [Class:c.g.m.b.s.BuildDaoService->Thread:main] Mapper Xml文件[G:/01.MyClouds/svn/myclouds-builder/src/test/java/com/gitee/myclouds/builder/test/dao///SysParamMapper.xml]生成成功。 
2017-12-11 16:16:02 INFO [Class:o.s.b.StartupInfoLogger->Thread:main] Started BuilderApplication in 3.269 seconds (JVM running for 4.061) 
2017-12-11 16:16:02 INFO [Class:o.s.c.s.AbstractApplicationContext->Thread:Thread-3] Closing org.springframework.context.annotation.AnnotationConfigApplicationContext@3ec300f1: startup date [Mon Dec 11 16:15:59 CST 2017]; root of context hierarchy 
2017-12-11 16:16:02 INFO [Class:o.s.j.e.MBeanExporter->Thread:Thread-3] Unregistering JMX-exposed beans on shutdown 
2017-12-11 16:17:36 INFO [Class:o.s.b.StartupInfoLogger->Thread:main] Starting BuilderApplication on mababa with PID 41280 (G:\01.MyClouds\svn\myclouds-builder\target\classes started by lenovo in G:\01.MyClouds\svn\myclouds-builder) 
2017-12-11 16:17:36 DEBUG [Class:o.s.b.StartupInfoLogger->Thread:main] Running with Spring Boot v1.5.8.RELEASE, Spring v4.3.12.RELEASE 
2017-12-11 16:17:36 INFO [Class:o.s.b.SpringApplication->Thread:main] No active profile set, falling back to default profiles: default 
2017-12-11 16:17:36 INFO [Class:o.s.c.s.AbstractApplicationContext->Thread:main] Refreshing org.springframework.context.annotation.AnnotationConfigApplicationContext@4b013c76: startup date [Mon Dec 11 16:17:36 CST 2017]; root of context hierarchy 
2017-12-11 16:17:37 WARN [Class:o.m.s.m.ClassPathMapperScanner->Thread:main] No MyBatis mapper was found in '[com.gitee.myclouds.builder]' package. Please check your configuration. 
2017-12-11 16:17:38 INFO [Class:o.s.j.e.MBeanExporter->Thread:main] Registering beans for JMX exposure on startup 
2017-12-11 16:17:40 INFO [Class:c.g.m.b.s.BuildDaoService->Thread:main] PO Java文件[G:/01.MyClouds/svn/myclouds-builder/src/test/java/com/gitee/myclouds/builder/test/dao/SysParamMapper.java]生成成功。 
2017-12-11 16:17:40 INFO [Class:c.g.m.b.s.BuildDaoService->Thread:main] Mapper Java文件[G:/01.MyClouds/svn/myclouds-builder/src/test/java/com/gitee/myclouds/builder/test/dao/SysParamMapper.java]生成成功。 
2017-12-11 16:17:40 INFO [Class:c.g.m.b.s.BuildDaoService->Thread:main] Mapper Xml文件[G:/01.MyClouds/svn/myclouds-builder/src/test/java/com/gitee/myclouds/builder/test/dao/SysParamMapper.xml]生成成功。 
2017-12-11 16:17:40 INFO [Class:o.s.b.StartupInfoLogger->Thread:main] Started BuilderApplication in 4.762 seconds (JVM running for 5.747) 
2017-12-11 16:17:40 INFO [Class:o.s.c.s.AbstractApplicationContext->Thread:Thread-3] Closing org.springframework.context.annotation.AnnotationConfigApplicationContext@4b013c76: startup date [Mon Dec 11 16:17:36 CST 2017]; root of context hierarchy 
2017-12-11 16:17:40 INFO [Class:o.s.j.e.MBeanExporter->Thread:Thread-3] Unregistering JMX-exposed beans on shutdown 
2017-12-11 16:21:14 INFO [Class:o.s.b.StartupInfoLogger->Thread:main] Starting BuilderApplication on mababa with PID 41372 (G:\01.MyClouds\svn\myclouds-builder\target\classes started by lenovo in G:\01.MyClouds\svn\myclouds-builder) 
2017-12-11 16:21:14 DEBUG [Class:o.s.b.StartupInfoLogger->Thread:main] Running with Spring Boot v1.5.8.RELEASE, Spring v4.3.12.RELEASE 
2017-12-11 16:21:14 INFO [Class:o.s.b.SpringApplication->Thread:main] No active profile set, falling back to default profiles: default 
2017-12-11 16:21:14 INFO [Class:o.s.c.s.AbstractApplicationContext->Thread:main] Refreshing org.springframework.context.annotation.AnnotationConfigApplicationContext@3ec300f1: startup date [Mon Dec 11 16:21:14 CST 2017]; root of context hierarchy 
2017-12-11 16:21:14 WARN [Class:o.m.s.m.ClassPathMapperScanner->Thread:main] No MyBatis mapper was found in '[com.gitee.myclouds.builder]' package. Please check your configuration. 
2017-12-11 16:21:16 INFO [Class:o.s.j.e.MBeanExporter->Thread:main] Registering beans for JMX exposure on startup 
2017-12-11 16:21:17 INFO [Class:c.g.m.b.s.BuildDaoService->Thread:main] PO Java文件[G:/01.MyClouds/svn/myclouds-builder/src/test/java/com/gitee/myclouds/builder/test/dao/SysParamMapper.java]生成成功。 
2017-12-11 16:21:17 INFO [Class:c.g.m.b.s.BuildDaoService->Thread:main] Mapper Java文件[G:/01.MyClouds/svn/myclouds-builder/src/test/java/com/gitee/myclouds/builder/test/dao/SysParamMapper.java]生成成功。 
2017-12-11 16:21:17 INFO [Class:c.g.m.b.s.BuildDaoService->Thread:main] Mapper Xml文件[G:/01.MyClouds/svn/myclouds-builder/src/test/java/com/gitee/myclouds/builder/test/dao/SysParamMapper.xml]生成成功。 
2017-12-11 16:21:17 INFO [Class:o.s.b.StartupInfoLogger->Thread:main] Started BuilderApplication in 3.357 seconds (JVM running for 4.088) 
2017-12-11 16:21:17 INFO [Class:o.s.c.s.AbstractApplicationContext->Thread:Thread-3] Closing org.springframework.context.annotation.AnnotationConfigApplicationContext@3ec300f1: startup date [Mon Dec 11 16:21:14 CST 2017]; root of context hierarchy 
2017-12-11 16:21:17 INFO [Class:o.s.j.e.MBeanExporter->Thread:Thread-3] Unregistering JMX-exposed beans on shutdown 
2017-12-11 16:22:27 INFO [Class:o.s.b.StartupInfoLogger->Thread:main] Starting BuilderApplication on mababa with PID 42772 (G:\01.MyClouds\svn\myclouds-builder\target\classes started by lenovo in G:\01.MyClouds\svn\myclouds-builder) 
2017-12-11 16:22:27 DEBUG [Class:o.s.b.StartupInfoLogger->Thread:main] Running with Spring Boot v1.5.8.RELEASE, Spring v4.3.12.RELEASE 
2017-12-11 16:22:27 INFO [Class:o.s.b.SpringApplication->Thread:main] No active profile set, falling back to default profiles: default 
2017-12-11 16:22:27 INFO [Class:o.s.c.s.AbstractApplicationContext->Thread:main] Refreshing org.springframework.context.annotation.AnnotationConfigApplicationContext@3b6d844d: startup date [Mon Dec 11 16:22:27 CST 2017]; root of context hierarchy 
2017-12-11 16:22:28 WARN [Class:o.m.s.m.ClassPathMapperScanner->Thread:main] No MyBatis mapper was found in '[com.gitee.myclouds.builder]' package. Please check your configuration. 
2017-12-11 16:22:29 INFO [Class:o.s.j.e.MBeanExporter->Thread:main] Registering beans for JMX exposure on startup 
2017-12-11 16:22:30 INFO [Class:c.g.m.b.s.BuildDaoService->Thread:main] PO Java文件生成成功。[G:/01.MyClouds/svn/myclouds-builder/src/test/java/com/gitee/myclouds/builder/test/dao/SysParamMapper.java] 
2017-12-11 16:22:30 INFO [Class:c.g.m.b.s.BuildDaoService->Thread:main] Mapper Java文件生成成功。[G:/01.MyClouds/svn/myclouds-builder/src/test/java/com/gitee/myclouds/builder/test/dao/SysParamMapper.java] 
2017-12-11 16:22:31 INFO [Class:c.g.m.b.s.BuildDaoService->Thread:main] Mapper Xml文件生成成功。[G:/01.MyClouds/svn/myclouds-builder/src/test/java/com/gitee/myclouds/builder/test/dao/SysParamMapper.xml] 
2017-12-11 16:22:31 INFO [Class:o.s.b.StartupInfoLogger->Thread:main] Started BuilderApplication in 4.162 seconds (JVM running for 5.129) 
2017-12-11 16:22:31 INFO [Class:o.s.c.s.AbstractApplicationContext->Thread:Thread-3] Closing org.springframework.context.annotation.AnnotationConfigApplicationContext@3b6d844d: startup date [Mon Dec 11 16:22:27 CST 2017]; root of context hierarchy 
2017-12-11 16:22:31 INFO [Class:o.s.j.e.MBeanExporter->Thread:Thread-3] Unregistering JMX-exposed beans on shutdown 
2017-12-11 16:27:38 INFO [Class:o.s.b.StartupInfoLogger->Thread:main] Starting BuilderApplication on mababa with PID 41604 (G:\01.MyClouds\svn\myclouds-builder\target\classes started by lenovo in G:\01.MyClouds\svn\myclouds-builder) 
2017-12-11 16:27:38 DEBUG [Class:o.s.b.StartupInfoLogger->Thread:main] Running with Spring Boot v1.5.8.RELEASE, Spring v4.3.12.RELEASE 
2017-12-11 16:27:38 INFO [Class:o.s.b.SpringApplication->Thread:main] No active profile set, falling back to default profiles: default 
2017-12-11 16:27:38 INFO [Class:o.s.c.s.AbstractApplicationContext->Thread:main] Refreshing org.springframework.context.annotation.AnnotationConfigApplicationContext@4b013c76: startup date [Mon Dec 11 16:27:38 CST 2017]; root of context hierarchy 
2017-12-11 16:27:38 WARN [Class:o.m.s.m.ClassPathMapperScanner->Thread:main] No MyBatis mapper was found in '[com.gitee.myclouds.builder]' package. Please check your configuration. 
2017-12-11 16:27:40 INFO [Class:o.s.j.e.MBeanExporter->Thread:main] Registering beans for JMX exposure on startup 
2017-12-11 16:27:41 INFO [Class:c.g.m.b.s.BuildDaoService->Thread:main] PO Java文件生成成功。[G:/01.MyClouds/svn/myclouds-builder/src/test/java/com/gitee/myclouds/builder/test/dao/SysParamPO.java] 
2017-12-11 16:27:41 INFO [Class:c.g.m.b.s.BuildDaoService->Thread:main] Mapper Java文件生成成功。[G:/01.MyClouds/svn/myclouds-builder/src/test/java/com/gitee/myclouds/builder/test/dao/SysParamMapper.java] 
2017-12-11 16:27:41 INFO [Class:c.g.m.b.s.BuildDaoService->Thread:main] Mapper Xml文件生成成功。[G:/01.MyClouds/svn/myclouds-builder/src/test/java/com/gitee/myclouds/builder/test/dao/SysParamMapper.xml] 
2017-12-11 16:27:41 INFO [Class:o.s.b.StartupInfoLogger->Thread:main] Started BuilderApplication in 4.018 seconds (JVM running for 5.075) 
2017-12-11 16:27:41 INFO [Class:o.s.c.s.AbstractApplicationContext->Thread:Thread-3] Closing org.springframework.context.annotation.AnnotationConfigApplicationContext@4b013c76: startup date [Mon Dec 11 16:27:38 CST 2017]; root of context hierarchy 
2017-12-11 16:27:41 INFO [Class:o.s.j.e.MBeanExporter->Thread:Thread-3] Unregistering JMX-exposed beans on shutdown 
2017-12-11 16:31:39 INFO [Class:o.s.b.StartupInfoLogger->Thread:main] Starting BuilderApplication on mababa with PID 41460 (G:\01.MyClouds\svn\myclouds-builder\target\classes started by lenovo in G:\01.MyClouds\svn\myclouds-builder) 
2017-12-11 16:31:39 DEBUG [Class:o.s.b.StartupInfoLogger->Thread:main] Running with Spring Boot v1.5.8.RELEASE, Spring v4.3.12.RELEASE 
2017-12-11 16:31:39 INFO [Class:o.s.b.SpringApplication->Thread:main] No active profile set, falling back to default profiles: default 
2017-12-11 16:31:39 INFO [Class:o.s.c.s.AbstractApplicationContext->Thread:main] Refreshing org.springframework.context.annotation.AnnotationConfigApplicationContext@4b013c76: startup date [Mon Dec 11 16:31:39 CST 2017]; root of context hierarchy 
2017-12-11 16:31:40 WARN [Class:o.m.s.m.ClassPathMapperScanner->Thread:main] No MyBatis mapper was found in '[com.gitee.myclouds.builder]' package. Please check your configuration. 
2017-12-11 16:31:41 INFO [Class:o.s.j.e.MBeanExporter->Thread:main] Registering beans for JMX exposure on startup 
2017-12-11 16:31:42 INFO [Class:c.g.m.b.s.BuildDaoService->Thread:main] PO Java文件生成成功。[G:/01.MyClouds/svn/myclouds-builder/src/test/java/com/gitee/myclouds/builder/test/dao/SysParamPO.java] 
2017-12-11 16:31:42 INFO [Class:c.g.m.b.s.BuildDaoService->Thread:main] Mapper Java文件生成成功。[G:/01.MyClouds/svn/myclouds-builder/src/test/java/com/gitee/myclouds/builder/test/dao/SysParamMapper.java] 
2017-12-11 16:31:43 INFO [Class:c.g.m.b.s.BuildDaoService->Thread:main] Mapper Xml文件生成成功。[G:/01.MyClouds/svn/myclouds-builder/src/test/java/com/gitee/myclouds/builder/test/dao/SysParamMapper.xml] 
2017-12-11 16:31:43 INFO [Class:c.g.m.b.s.BuildDaoService->Thread:main] 文件生成完成，请刷新工程目录文件。 
2017-12-11 16:31:43 INFO [Class:o.s.b.StartupInfoLogger->Thread:main] Started BuilderApplication in 3.909 seconds (JVM running for 4.791) 
2017-12-11 16:31:43 INFO [Class:o.s.c.s.AbstractApplicationContext->Thread:Thread-3] Closing org.springframework.context.annotation.AnnotationConfigApplicationContext@4b013c76: startup date [Mon Dec 11 16:31:39 CST 2017]; root of context hierarchy 
2017-12-11 16:31:43 INFO [Class:o.s.j.e.MBeanExporter->Thread:Thread-3] Unregistering JMX-exposed beans on shutdown 
2017-12-11 16:58:01 INFO [Class:o.s.b.StartupInfoLogger->Thread:main] Starting BuilderApplication on mababa with PID 43508 (G:\01.MyClouds\svn\myclouds-builder\target\classes started by lenovo in G:\01.MyClouds\svn\myclouds-builder) 
2017-12-11 16:58:01 DEBUG [Class:o.s.b.StartupInfoLogger->Thread:main] Running with Spring Boot v1.5.8.RELEASE, Spring v4.3.12.RELEASE 
2017-12-11 16:58:01 INFO [Class:o.s.b.SpringApplication->Thread:main] No active profile set, falling back to default profiles: default 
2017-12-11 16:58:01 INFO [Class:o.s.c.s.AbstractApplicationContext->Thread:main] Refreshing org.springframework.context.annotation.AnnotationConfigApplicationContext@4b013c76: startup date [Mon Dec 11 16:58:01 CST 2017]; root of context hierarchy 
2017-12-11 16:58:02 WARN [Class:o.m.s.m.ClassPathMapperScanner->Thread:main] No MyBatis mapper was found in '[com.gitee.myclouds.builder]' package. Please check your configuration. 
2017-12-11 16:58:03 INFO [Class:o.s.j.e.MBeanExporter->Thread:main] Registering beans for JMX exposure on startup 
2017-12-11 16:58:05 INFO [Class:c.g.m.b.s.BuildDaoService->Thread:main] PO Java文件生成成功。[G:/01.MyClouds/svn/myclouds-builder/src/test/java/com/gitee/myclouds/builder/test/dao/SysParamPO.java] 
2017-12-11 16:58:05 INFO [Class:c.g.m.b.s.BuildDaoService->Thread:main] Mapper Java文件生成成功。[G:/01.MyClouds/svn/myclouds-builder/src/test/java/com/gitee/myclouds/builder/test/dao/SysParamMapper.java] 
2017-12-11 16:58:05 INFO [Class:c.g.m.b.s.BuildDaoService->Thread:main] Mapper Xml文件生成成功。[G:/01.MyClouds/svn/myclouds-builder/src/test/java/com/gitee/myclouds/builder/test/dao/SysParamMapper.xml] 
2017-12-11 16:58:05 INFO [Class:c.g.m.b.s.BuildDaoService->Thread:main] 文件生成完成，请刷新工程目录文件。 
2017-12-11 16:58:05 INFO [Class:o.s.b.StartupInfoLogger->Thread:main] Started BuilderApplication in 4.217 seconds (JVM running for 5.256) 
2017-12-11 16:58:05 INFO [Class:o.s.c.s.AbstractApplicationContext->Thread:Thread-3] Closing org.springframework.context.annotation.AnnotationConfigApplicationContext@4b013c76: startup date [Mon Dec 11 16:58:01 CST 2017]; root of context hierarchy 
2017-12-11 16:58:05 INFO [Class:o.s.j.e.MBeanExporter->Thread:Thread-3] Unregistering JMX-exposed beans on shutdown 
2017-12-11 17:01:14 INFO [Class:o.s.b.StartupInfoLogger->Thread:main] Starting BuilderApplication on mababa with PID 43084 (G:\01.MyClouds\svn\myclouds-builder\target\classes started by lenovo in G:\01.MyClouds\svn\myclouds-builder) 
2017-12-11 17:01:14 DEBUG [Class:o.s.b.StartupInfoLogger->Thread:main] Running with Spring Boot v1.5.8.RELEASE, Spring v4.3.12.RELEASE 
2017-12-11 17:01:14 INFO [Class:o.s.b.SpringApplication->Thread:main] No active profile set, falling back to default profiles: default 
2017-12-11 17:01:14 INFO [Class:o.s.c.s.AbstractApplicationContext->Thread:main] Refreshing org.springframework.context.annotation.AnnotationConfigApplicationContext@3ec300f1: startup date [Mon Dec 11 17:01:14 CST 2017]; root of context hierarchy 
2017-12-11 17:01:14 WARN [Class:o.m.s.m.ClassPathMapperScanner->Thread:main] No MyBatis mapper was found in '[com.gitee.myclouds.builder]' package. Please check your configuration. 
2017-12-11 17:01:15 INFO [Class:o.s.j.e.MBeanExporter->Thread:main] Registering beans for JMX exposure on startup 
2017-12-11 17:01:17 INFO [Class:c.g.m.b.s.BuildDaoService->Thread:main] PO Java文件生成成功。[G:/01.MyClouds/svn/myclouds-builder/src/test/java/com/gitee/myclouds/builder/test/dao/SysParamPO.java] 
2017-12-11 17:01:17 INFO [Class:c.g.m.b.s.BuildDaoService->Thread:main] Mapper Java文件生成成功。[G:/01.MyClouds/svn/myclouds-builder/src/test/java/com/gitee/myclouds/builder/test/dao/SysParamMapper.java] 
2017-12-11 17:01:17 INFO [Class:c.g.m.b.s.BuildDaoService->Thread:main] Mapper Xml文件生成成功。[G:/01.MyClouds/svn/myclouds-builder/src/test/java/com/gitee/myclouds/builder/test/dao/SysParamMapper.xml] 
2017-12-11 17:01:17 INFO [Class:c.g.m.b.s.BuildDaoService->Thread:main] 文件生成完成，请刷新工程目录文件。 
2017-12-11 17:01:17 INFO [Class:o.s.b.StartupInfoLogger->Thread:main] Started BuilderApplication in 3.43 seconds (JVM running for 4.302) 
2017-12-11 17:01:17 INFO [Class:o.s.c.s.AbstractApplicationContext->Thread:Thread-3] Closing org.springframework.context.annotation.AnnotationConfigApplicationContext@3ec300f1: startup date [Mon Dec 11 17:01:14 CST 2017]; root of context hierarchy 
2017-12-11 17:01:17 INFO [Class:o.s.j.e.MBeanExporter->Thread:Thread-3] Unregistering JMX-exposed beans on shutdown 
2017-12-11 17:46:31 INFO [Class:o.s.b.StartupInfoLogger->Thread:main] Starting BuilderApplication on mababa with PID 47016 (G:\01.MyClouds\svn\myclouds-builder\target\classes started by lenovo in G:\01.MyClouds\svn\myclouds-builder) 
2017-12-11 17:46:31 DEBUG [Class:o.s.b.StartupInfoLogger->Thread:main] Running with Spring Boot v1.5.8.RELEASE, Spring v4.3.12.RELEASE 
2017-12-11 17:46:31 INFO [Class:o.s.b.SpringApplication->Thread:main] No active profile set, falling back to default profiles: default 
2017-12-11 17:46:31 INFO [Class:o.s.c.s.AbstractApplicationContext->Thread:main] Refreshing org.springframework.context.annotation.AnnotationConfigApplicationContext@3bcd05cb: startup date [Mon Dec 11 17:46:31 CST 2017]; root of context hierarchy 
2017-12-11 17:46:32 WARN [Class:o.m.s.m.ClassPathMapperScanner->Thread:main] No MyBatis mapper was found in '[com.gitee.myclouds.builder]' package. Please check your configuration. 
2017-12-11 17:46:34 INFO [Class:o.s.j.e.MBeanExporter->Thread:main] Registering beans for JMX exposure on startup 
2017-12-11 17:46:35 INFO [Class:c.g.m.b.s.BuildDaoService->Thread:main] PO Java文件生成成功。[G:/01.MyClouds/svn/myclouds-builder/src/test/java/com/gitee/myclouds/builder/test/dao/SysParamPO.java] 
2017-12-11 17:46:35 INFO [Class:c.g.m.b.s.BuildDaoService->Thread:main] Mapper Java文件生成成功。[G:/01.MyClouds/svn/myclouds-builder/src/test/java/com/gitee/myclouds/builder/test/dao/SysParamMapper.java] 
2017-12-11 17:46:35 INFO [Class:c.g.m.b.s.BuildDaoService->Thread:main] Mapper Xml文件生成成功。[G:/01.MyClouds/svn/myclouds-builder/src/test/java/com/gitee/myclouds/builder/test/dao/SysParamMapper.xml] 
2017-12-11 17:46:36 INFO [Class:c.g.m.b.s.BuildDaoService->Thread:main] PO Java文件生成成功。[G:/01.MyClouds/svn/myclouds-builder/src/test/java/com/gitee/myclouds/builder/test/dao/SysTestCodePO.java] 
2017-12-11 17:46:36 INFO [Class:c.g.m.b.s.BuildDaoService->Thread:main] Mapper Java文件生成成功。[G:/01.MyClouds/svn/myclouds-builder/src/test/java/com/gitee/myclouds/builder/test/dao/SysTestCodeMapper.java] 
2017-12-11 17:46:36 INFO [Class:c.g.m.b.s.BuildDaoService->Thread:main] Mapper Xml文件生成成功。[G:/01.MyClouds/svn/myclouds-builder/src/test/java/com/gitee/myclouds/builder/test/dao/SysTestCodeMapper.xml] 
2017-12-11 17:46:36 INFO [Class:c.g.m.b.s.BuildDaoService->Thread:main] 文件生成完成，请刷新工程目录文件。 
2017-12-11 17:46:36 INFO [Class:o.s.b.StartupInfoLogger->Thread:main] Started BuilderApplication in 5.127 seconds (JVM running for 6.454) 
2017-12-11 17:46:36 INFO [Class:o.s.c.s.AbstractApplicationContext->Thread:Thread-3] Closing org.springframework.context.annotation.AnnotationConfigApplicationContext@3bcd05cb: startup date [Mon Dec 11 17:46:31 CST 2017]; root of context hierarchy 
2017-12-11 17:46:36 INFO [Class:o.s.j.e.MBeanExporter->Thread:Thread-3] Unregistering JMX-exposed beans on shutdown 
