2018-01-24 16:13:50 INFO [Class:o.s.b.StartupInfoLogger->Thread:main] Starting StartBuilderApplication on mababa with PID 215380 (G:\01.MyClouds\svn\myclouds-builder\target\classes started by lenovo in G:\01.MyClouds\svn\myclouds-builder) 
2018-01-24 16:13:50 DEBUG [Class:o.s.b.StartupInfoLogger->Thread:main] Running with Spring Boot v1.5.8.RELEASE, Spring v4.3.12.RELEASE 
2018-01-24 16:13:50 INFO [Class:o.s.b.SpringApplication->Thread:main] No active profile set, falling back to default profiles: default 
2018-01-24 16:13:51 INFO [Class:o.s.c.s.AbstractApplicationContext->Thread:main] Refreshing org.springframework.context.annotation.AnnotationConfigApplicationContext@17c386de: startup date [Wed Jan 24 16:13:51 CST 2018]; root of context hierarchy 
2018-01-24 16:13:51 WARN [Class:o.m.s.m.ClassPathMapperScanner->Thread:main] No MyBatis mapper was found in '[com.gitee.myclouds.builder]' package. Please check your configuration. 
2018-01-24 16:13:52 INFO [Class:o.s.j.e.MBeanExporter->Thread:main] Registering beans for JMX exposure on startup 
2018-01-24 16:13:54 INFO [Class:c.g.m.b.s.BuildDomainService->Thread:main] 【MyEnumEntity.java】文件生成成功。[G:/01.MyClouds/svn/myclouds-admin/myclouds-admin-service/src/main/java/com/gitee/myclouds/admin/service/domain/myenum/MyEnumEntity.java] 
2018-01-24 16:13:54 INFO [Class:c.g.m.b.s.BuildDomainService->Thread:main] 【MyEnumMapper.java】文件生成成功。[G:/01.MyClouds/svn/myclouds-admin/myclouds-admin-service/src/main/java/com/gitee/myclouds/admin/service/domain/myenum/MyEnumMapper.java] 
2018-01-24 16:13:54 INFO [Class:c.g.m.b.s.BuildDomainService->Thread:main] 【MyEnumMapper.xml】文件生成成功。[G:/01.MyClouds/svn/myclouds-admin/myclouds-admin-service/src/main/java/com/gitee/myclouds/admin/service/domain/myenum/MyEnumMapper.xml] 
2018-01-24 16:13:54 INFO [Class:c.g.m.b.s.BuildDomainService->Thread:main] 文件生成完成，请刷新工程目录。 
2018-01-24 16:13:54 INFO [Class:o.s.b.StartupInfoLogger->Thread:main] Started StartBuilderApplication in 3.983 seconds (JVM running for 4.984) 
2018-01-24 16:13:54 INFO [Class:o.s.c.s.AbstractApplicationContext->Thread:Thread-3] Closing org.springframework.context.annotation.AnnotationConfigApplicationContext@17c386de: startup date [Wed Jan 24 16:13:51 CST 2018]; root of context hierarchy 
2018-01-24 16:13:54 INFO [Class:o.s.j.e.MBeanExporter->Thread:Thread-3] Unregistering JMX-exposed beans on shutdown 
2018-01-24 16:14:16 INFO [Class:o.s.b.StartupInfoLogger->Thread:main] Starting StartBuilderApplication on mababa with PID 215832 (G:\01.MyClouds\svn\myclouds-builder\target\classes started by lenovo in G:\01.MyClouds\svn\myclouds-builder) 
2018-01-24 16:14:16 DEBUG [Class:o.s.b.StartupInfoLogger->Thread:main] Running with Spring Boot v1.5.8.RELEASE, Spring v4.3.12.RELEASE 
2018-01-24 16:14:16 INFO [Class:o.s.b.SpringApplication->Thread:main] No active profile set, falling back to default profiles: default 
2018-01-24 16:14:16 INFO [Class:o.s.c.s.AbstractApplicationContext->Thread:main] Refreshing org.springframework.context.annotation.AnnotationConfigApplicationContext@1e16c0aa: startup date [Wed Jan 24 16:14:16 CST 2018]; root of context hierarchy 
2018-01-24 16:14:17 WARN [Class:o.m.s.m.ClassPathMapperScanner->Thread:main] No MyBatis mapper was found in '[com.gitee.myclouds.builder]' package. Please check your configuration. 
2018-01-24 16:14:18 INFO [Class:o.s.j.e.MBeanExporter->Thread:main] Registering beans for JMX exposure on startup 
2018-01-24 16:15:08 INFO [Class:c.g.m.b.s.BuildDomainService->Thread:main] 【MyEnumEntity.java】文件生成成功。[G:/01.MyClouds/svn/myclouds-admin/myclouds-admin-service/src/main/java/com/gitee/myclouds/admin/service/domain/myenum/MyEnumEntity.java] 
2018-01-24 16:15:09 INFO [Class:c.g.m.b.s.BuildDomainService->Thread:main] 【MyEnumMapper.java】文件生成成功。[G:/01.MyClouds/svn/myclouds-admin/myclouds-admin-service/src/main/java/com/gitee/myclouds/admin/service/domain/myenum/MyEnumMapper.java] 
2018-01-24 16:15:09 INFO [Class:c.g.m.b.s.BuildDomainService->Thread:main] 【MyEnumMapper.xml】文件生成成功。[G:/01.MyClouds/svn/myclouds-admin/myclouds-admin-service/src/main/java/com/gitee/myclouds/admin/service/domain/myenum/MyEnumMapper.xml] 
2018-01-24 16:15:09 INFO [Class:c.g.m.b.s.BuildDomainService->Thread:main] 文件生成完成，请刷新工程目录。 
2018-01-24 16:15:09 INFO [Class:o.s.b.StartupInfoLogger->Thread:main] Started StartBuilderApplication in 53.82 seconds (JVM running for 55.046) 
2018-01-24 16:15:09 INFO [Class:o.s.c.s.AbstractApplicationContext->Thread:Thread-3] Closing org.springframework.context.annotation.AnnotationConfigApplicationContext@1e16c0aa: startup date [Wed Jan 24 16:14:16 CST 2018]; root of context hierarchy 
2018-01-24 16:15:09 INFO [Class:o.s.j.e.MBeanExporter->Thread:Thread-3] Unregistering JMX-exposed beans on shutdown 
2018-01-24 16:15:37 INFO [Class:o.s.b.StartupInfoLogger->Thread:main] Starting StartBuilderApplication on mababa with PID 216248 (G:\01.MyClouds\svn\myclouds-builder\target\classes started by lenovo in G:\01.MyClouds\svn\myclouds-builder) 
2018-01-24 16:15:37 DEBUG [Class:o.s.b.StartupInfoLogger->Thread:main] Running with Spring Boot v1.5.8.RELEASE, Spring v4.3.12.RELEASE 
2018-01-24 16:15:37 INFO [Class:o.s.b.SpringApplication->Thread:main] No active profile set, falling back to default profiles: default 
2018-01-24 16:15:38 INFO [Class:o.s.c.s.AbstractApplicationContext->Thread:main] Refreshing org.springframework.context.annotation.AnnotationConfigApplicationContext@1e16c0aa: startup date [Wed Jan 24 16:15:38 CST 2018]; root of context hierarchy 
2018-01-24 16:15:38 WARN [Class:o.m.s.m.ClassPathMapperScanner->Thread:main] No MyBatis mapper was found in '[com.gitee.myclouds.builder]' package. Please check your configuration. 
2018-01-24 16:15:40 INFO [Class:o.s.j.e.MBeanExporter->Thread:main] Registering beans for JMX exposure on startup 
2018-01-24 16:16:28 INFO [Class:c.g.m.b.s.BuildDomainService->Thread:main] 【MyEnumEntity.java】文件生成成功。[G:/01.MyClouds/svn/myclouds-admin/myclouds-admin-service/src/main/java/com/gitee/myclouds/admin/service/domain/myenum/MyEnumEntity.java] 
2018-01-24 16:16:28 INFO [Class:c.g.m.b.s.BuildDomainService->Thread:main] 【MyEnumMapper.java】文件生成成功。[G:/01.MyClouds/svn/myclouds-admin/myclouds-admin-service/src/main/java/com/gitee/myclouds/admin/service/domain/myenum/MyEnumMapper.java] 
2018-01-24 16:16:28 INFO [Class:c.g.m.b.s.BuildDomainService->Thread:main] 【MyEnumMapper.xml】文件生成成功。[G:/01.MyClouds/svn/myclouds-admin/myclouds-admin-service/src/main/java/com/gitee/myclouds/admin/service/domain/myenum/MyEnumMapper.xml] 
2018-01-24 16:16:28 INFO [Class:c.g.m.b.s.BuildDomainService->Thread:main] 文件生成完成，请刷新工程目录。 
2018-01-24 16:16:28 INFO [Class:o.s.b.StartupInfoLogger->Thread:main] Started StartBuilderApplication in 51.364 seconds (JVM running for 52.629) 
2018-01-24 16:16:28 INFO [Class:o.s.c.s.AbstractApplicationContext->Thread:Thread-3] Closing org.springframework.context.annotation.AnnotationConfigApplicationContext@1e16c0aa: startup date [Wed Jan 24 16:15:38 CST 2018]; root of context hierarchy 
2018-01-24 16:16:28 INFO [Class:o.s.j.e.MBeanExporter->Thread:Thread-3] Unregistering JMX-exposed beans on shutdown 
2018-01-24 16:17:33 INFO [Class:o.s.b.StartupInfoLogger->Thread:main] Starting StartBuilderApplication on mababa with PID 212260 (G:\01.MyClouds\svn\myclouds-builder\target\classes started by lenovo in G:\01.MyClouds\svn\myclouds-builder) 
2018-01-24 16:17:33 DEBUG [Class:o.s.b.StartupInfoLogger->Thread:main] Running with Spring Boot v1.5.8.RELEASE, Spring v4.3.12.RELEASE 
2018-01-24 16:17:33 INFO [Class:o.s.b.SpringApplication->Thread:main] No active profile set, falling back to default profiles: default 
2018-01-24 16:17:33 INFO [Class:o.s.c.s.AbstractApplicationContext->Thread:main] Refreshing org.springframework.context.annotation.AnnotationConfigApplicationContext@1e16c0aa: startup date [Wed Jan 24 16:17:33 CST 2018]; root of context hierarchy 
2018-01-24 16:17:34 WARN [Class:o.m.s.m.ClassPathMapperScanner->Thread:main] No MyBatis mapper was found in '[com.gitee.myclouds.builder]' package. Please check your configuration. 
2018-01-24 16:17:35 INFO [Class:o.s.j.e.MBeanExporter->Thread:main] Registering beans for JMX exposure on startup 
2018-01-24 16:17:48 INFO [Class:c.g.m.b.s.BuildDomainService->Thread:main] 【MyEnumEntity.java】文件生成成功。[G:/01.MyClouds/svn/myclouds-admin/myclouds-admin-service/src/main/java/com/gitee/myclouds/admin/service/domain/myenum/MyEnumEntity.java] 
2018-01-24 16:17:48 INFO [Class:c.g.m.b.s.BuildDomainService->Thread:main] 【MyEnumMapper.java】文件生成成功。[G:/01.MyClouds/svn/myclouds-admin/myclouds-admin-service/src/main/java/com/gitee/myclouds/admin/service/domain/myenum/MyEnumMapper.java] 
2018-01-24 16:17:48 INFO [Class:c.g.m.b.s.BuildDomainService->Thread:main] 【MyEnumMapper.xml】文件生成成功。[G:/01.MyClouds/svn/myclouds-admin/myclouds-admin-service/src/main/java/com/gitee/myclouds/admin/service/domain/myenum/MyEnumMapper.xml] 
2018-01-24 16:17:48 INFO [Class:c.g.m.b.s.BuildDomainService->Thread:main] 文件生成完成，请刷新工程目录。 
2018-01-24 16:17:48 INFO [Class:o.s.b.StartupInfoLogger->Thread:main] Started StartBuilderApplication in 16.196 seconds (JVM running for 17.373) 
2018-01-24 16:17:48 INFO [Class:o.s.c.s.AbstractApplicationContext->Thread:Thread-3] Closing org.springframework.context.annotation.AnnotationConfigApplicationContext@1e16c0aa: startup date [Wed Jan 24 16:17:33 CST 2018]; root of context hierarchy 
2018-01-24 16:17:48 INFO [Class:o.s.j.e.MBeanExporter->Thread:Thread-3] Unregistering JMX-exposed beans on shutdown 
2018-01-24 16:23:06 INFO [Class:o.s.b.StartupInfoLogger->Thread:main] Starting StartBuilderApplication on mababa with PID 215360 (G:\01.MyClouds\svn\myclouds-builder\target\classes started by lenovo in G:\01.MyClouds\svn\myclouds-builder) 
2018-01-24 16:23:06 DEBUG [Class:o.s.b.StartupInfoLogger->Thread:main] Running with Spring Boot v1.5.8.RELEASE, Spring v4.3.12.RELEASE 
2018-01-24 16:23:06 INFO [Class:o.s.b.SpringApplication->Thread:main] No active profile set, falling back to default profiles: default 
2018-01-24 16:23:06 INFO [Class:o.s.c.s.AbstractApplicationContext->Thread:main] Refreshing org.springframework.context.annotation.AnnotationConfigApplicationContext@1e16c0aa: startup date [Wed Jan 24 16:23:06 CST 2018]; root of context hierarchy 
2018-01-24 16:23:07 WARN [Class:o.m.s.m.ClassPathMapperScanner->Thread:main] No MyBatis mapper was found in '[com.gitee.myclouds.builder]' package. Please check your configuration. 
2018-01-24 16:23:09 INFO [Class:o.s.j.e.MBeanExporter->Thread:main] Registering beans for JMX exposure on startup 
2018-01-24 16:23:10 INFO [Class:o.s.b.a.l.AutoConfigurationReportLoggingInitializer->Thread:main] 

Error starting ApplicationContext. To display the auto-configuration report re-run your application with 'debug' enabled. 
2018-01-24 16:23:10 ERROR [Class:o.s.b.SpringApplication->Thread:main] Application startup failed 
java.lang.NullPointerException: null
	at com.gitee.myclouds.builder.vo.IndexVO.addColumnVO(IndexVO.java:34)
	at com.gitee.myclouds.builder.util.DBMetaInfoUtil.listIndexVOs(DBMetaInfoUtil.java:272)
	at com.gitee.myclouds.builder.service.BuildDomainService.buildDomain(BuildDomainService.java:88)
	at com.gitee.myclouds.builder.listener.BuilderApplicationStartupListener.onApplicationEvent(BuilderApplicationStartupListener.java:24)
	at com.gitee.myclouds.builder.listener.BuilderApplicationStartupListener.onApplicationEvent(BuilderApplicationStartupListener.java:1)
	at org.springframework.context.event.SimpleApplicationEventMulticaster.doInvokeListener(SimpleApplicationEventMulticaster.java:172)
	at org.springframework.context.event.SimpleApplicationEventMulticaster.invokeListener(SimpleApplicationEventMulticaster.java:165)
	at org.springframework.context.event.SimpleApplicationEventMulticaster.multicastEvent(SimpleApplicationEventMulticaster.java:139)
	at org.springframework.context.support.AbstractApplicationContext.publishEvent(AbstractApplicationContext.java:393)
	at org.springframework.context.support.AbstractApplicationContext.publishEvent(AbstractApplicationContext.java:347)
	at org.springframework.context.support.AbstractApplicationContext.finishRefresh(AbstractApplicationContext.java:883)
	at org.springframework.context.support.AbstractApplicationContext.refresh(AbstractApplicationContext.java:546)
	at org.springframework.boot.SpringApplication.refresh(SpringApplication.java:693)
	at org.springframework.boot.SpringApplication.refreshContext(SpringApplication.java:360)
	at org.springframework.boot.SpringApplication.run(SpringApplication.java:303)
	at com.gitee.myclouds.builder.StartBuilderApplication.main(StartBuilderApplication.java:16)
2018-01-24 16:23:10 INFO [Class:o.s.c.s.AbstractApplicationContext->Thread:main] Closing org.springframework.context.annotation.AnnotationConfigApplicationContext@1e16c0aa: startup date [Wed Jan 24 16:23:06 CST 2018]; root of context hierarchy 
2018-01-24 16:23:10 INFO [Class:o.s.j.e.MBeanExporter->Thread:main] Unregistering JMX-exposed beans on shutdown 
2018-01-24 16:23:43 INFO [Class:o.s.b.StartupInfoLogger->Thread:main] Starting StartBuilderApplication on mababa with PID 217592 (G:\01.MyClouds\svn\myclouds-builder\target\classes started by lenovo in G:\01.MyClouds\svn\myclouds-builder) 
2018-01-24 16:23:43 DEBUG [Class:o.s.b.StartupInfoLogger->Thread:main] Running with Spring Boot v1.5.8.RELEASE, Spring v4.3.12.RELEASE 
2018-01-24 16:23:43 INFO [Class:o.s.b.SpringApplication->Thread:main] No active profile set, falling back to default profiles: default 
2018-01-24 16:23:43 INFO [Class:o.s.c.s.AbstractApplicationContext->Thread:main] Refreshing org.springframework.context.annotation.AnnotationConfigApplicationContext@1e16c0aa: startup date [Wed Jan 24 16:23:43 CST 2018]; root of context hierarchy 
2018-01-24 16:23:44 WARN [Class:o.m.s.m.ClassPathMapperScanner->Thread:main] No MyBatis mapper was found in '[com.gitee.myclouds.builder]' package. Please check your configuration. 
2018-01-24 16:23:46 INFO [Class:o.s.j.e.MBeanExporter->Thread:main] Registering beans for JMX exposure on startup 
2018-01-24 16:24:21 INFO [Class:o.s.b.StartupInfoLogger->Thread:main] Starting StartBuilderApplication on mababa with PID 217940 (G:\01.MyClouds\svn\myclouds-builder\target\classes started by lenovo in G:\01.MyClouds\svn\myclouds-builder) 
2018-01-24 16:24:21 DEBUG [Class:o.s.b.StartupInfoLogger->Thread:main] Running with Spring Boot v1.5.8.RELEASE, Spring v4.3.12.RELEASE 
2018-01-24 16:24:21 INFO [Class:o.s.b.SpringApplication->Thread:main] No active profile set, falling back to default profiles: default 
2018-01-24 16:24:21 INFO [Class:o.s.c.s.AbstractApplicationContext->Thread:main] Refreshing org.springframework.context.annotation.AnnotationConfigApplicationContext@17c386de: startup date [Wed Jan 24 16:24:21 CST 2018]; root of context hierarchy 
2018-01-24 16:24:22 WARN [Class:o.m.s.m.ClassPathMapperScanner->Thread:main] No MyBatis mapper was found in '[com.gitee.myclouds.builder]' package. Please check your configuration. 
2018-01-24 16:24:23 INFO [Class:o.s.j.e.MBeanExporter->Thread:main] Registering beans for JMX exposure on startup 
2018-01-24 16:24:24 INFO [Class:c.g.m.b.s.BuildDomainService->Thread:main] 【MyEnumEntity.java】文件生成成功。[G:/01.MyClouds/svn/myclouds-admin/myclouds-admin-service/src/main/java/com/gitee/myclouds/admin/service/domain/myenum/MyEnumEntity.java] 
2018-01-24 16:24:24 INFO [Class:c.g.m.b.s.BuildDomainService->Thread:main] 【MyEnumMapper.java】文件生成成功。[G:/01.MyClouds/svn/myclouds-admin/myclouds-admin-service/src/main/java/com/gitee/myclouds/admin/service/domain/myenum/MyEnumMapper.java] 
2018-01-24 16:24:24 INFO [Class:c.g.m.b.s.BuildDomainService->Thread:main] 【MyEnumMapper.xml】文件生成成功。[G:/01.MyClouds/svn/myclouds-admin/myclouds-admin-service/src/main/java/com/gitee/myclouds/admin/service/domain/myenum/MyEnumMapper.xml] 
2018-01-24 16:24:24 INFO [Class:c.g.m.b.s.BuildDomainService->Thread:main] 文件生成完成，请刷新工程目录。 
2018-01-24 16:24:24 INFO [Class:o.s.b.StartupInfoLogger->Thread:main] Started StartBuilderApplication in 3.354 seconds (JVM running for 4.209) 
2018-01-24 16:24:24 INFO [Class:o.s.c.s.AbstractApplicationContext->Thread:Thread-3] Closing org.springframework.context.annotation.AnnotationConfigApplicationContext@17c386de: startup date [Wed Jan 24 16:24:21 CST 2018]; root of context hierarchy 
2018-01-24 16:24:24 INFO [Class:o.s.j.e.MBeanExporter->Thread:Thread-3] Unregistering JMX-exposed beans on shutdown 
2018-01-24 16:24:35 INFO [Class:o.s.b.StartupInfoLogger->Thread:main] Starting StartBuilderApplication on mababa with PID 216704 (G:\01.MyClouds\svn\myclouds-builder\target\classes started by lenovo in G:\01.MyClouds\svn\myclouds-builder) 
2018-01-24 16:24:35 DEBUG [Class:o.s.b.StartupInfoLogger->Thread:main] Running with Spring Boot v1.5.8.RELEASE, Spring v4.3.12.RELEASE 
2018-01-24 16:24:35 INFO [Class:o.s.b.SpringApplication->Thread:main] No active profile set, falling back to default profiles: default 
2018-01-24 16:24:35 INFO [Class:o.s.c.s.AbstractApplicationContext->Thread:main] Refreshing org.springframework.context.annotation.AnnotationConfigApplicationContext@1e16c0aa: startup date [Wed Jan 24 16:24:35 CST 2018]; root of context hierarchy 
2018-01-24 16:24:36 WARN [Class:o.m.s.m.ClassPathMapperScanner->Thread:main] No MyBatis mapper was found in '[com.gitee.myclouds.builder]' package. Please check your configuration. 
2018-01-24 16:24:37 INFO [Class:o.s.j.e.MBeanExporter->Thread:main] Registering beans for JMX exposure on startup 
2018-01-24 16:32:33 INFO [Class:c.g.m.b.s.BuildDomainService->Thread:main] 【MyEnumEntity.java】文件生成成功。[G:/01.MyClouds/svn/myclouds-admin/myclouds-admin-service/src/main/java/com/gitee/myclouds/admin/service/domain/myenum/MyEnumEntity.java] 
2018-01-24 16:32:33 INFO [Class:c.g.m.b.s.BuildDomainService->Thread:main] 【MyEnumMapper.java】文件生成成功。[G:/01.MyClouds/svn/myclouds-admin/myclouds-admin-service/src/main/java/com/gitee/myclouds/admin/service/domain/myenum/MyEnumMapper.java] 
2018-01-24 16:32:33 INFO [Class:c.g.m.b.s.BuildDomainService->Thread:main] 【MyEnumMapper.xml】文件生成成功。[G:/01.MyClouds/svn/myclouds-admin/myclouds-admin-service/src/main/java/com/gitee/myclouds/admin/service/domain/myenum/MyEnumMapper.xml] 
2018-01-24 16:32:33 INFO [Class:c.g.m.b.s.BuildDomainService->Thread:main] 文件生成完成，请刷新工程目录。 
2018-01-24 16:32:33 INFO [Class:o.s.b.StartupInfoLogger->Thread:main] Started StartBuilderApplication in 478.808 seconds (JVM running for 479.876) 
2018-01-24 16:32:33 INFO [Class:o.s.c.s.AbstractApplicationContext->Thread:Thread-3] Closing org.springframework.context.annotation.AnnotationConfigApplicationContext@1e16c0aa: startup date [Wed Jan 24 16:24:35 CST 2018]; root of context hierarchy 
2018-01-24 16:32:33 INFO [Class:o.s.j.e.MBeanExporter->Thread:Thread-3] Unregistering JMX-exposed beans on shutdown 
