2018-06-28 22:47:54 INFO [Class:o.s.b.StartupInfoLogger->Thread:main] Starting StartBuilderApplication on AFGHAN-007 with PID 2764 (E:\OSWORKS\01.MyClouds\svn\myclouds-builder\target\classes started by Administrator in E:\OSWORKS\01.MyClouds\svn\myclouds-builder) 
2018-06-28 22:47:54 DEBUG [Class:o.s.b.StartupInfoLogger->Thread:main] Running with Spring Boot v1.5.8.RELEASE, Spring v4.3.12.RELEASE 
2018-06-28 22:47:54 INFO [Class:o.s.b.SpringApplication->Thread:main] No active profile set, falling back to default profiles: default 
2018-06-28 22:47:54 INFO [Class:o.s.c.s.AbstractApplicationContext->Thread:main] Refreshing org.springframework.context.annotation.AnnotationConfigApplicationContext@3ee0fea4: startup date [Thu Jun 28 22:47:54 CST 2018]; root of context hierarchy 
2018-06-28 22:47:55 WARN [Class:o.m.s.m.ClassPathMapperScanner->Thread:main] No MyBatis mapper was found in '[com.gitee.myclouds.builder]' package. Please check your configuration. 
2018-06-28 22:47:56 INFO [Class:c.a.d.s.b.a.DruidDataSourceAutoConfigure->Thread:main] Init DruidDataSource 
2018-06-28 22:47:56 INFO [Class:c.a.d.p.DruidDataSource->Thread:main] {dataSource-1} inited 
2018-06-28 22:47:57 INFO [Class:o.s.j.e.MBeanExporter->Thread:main] Registering beans for JMX exposure on startup 
2018-06-28 22:47:57 INFO [Class:o.s.j.e.MBeanExporter->Thread:main] Bean with name 'statFilter' has been autodetected for JMX exposure 
2018-06-28 22:47:57 INFO [Class:o.s.j.e.MBeanExporter->Thread:main] Bean with name 'dataSource' has been autodetected for JMX exposure 
2018-06-28 22:47:57 INFO [Class:o.s.j.e.MBeanExporter->Thread:main] Located MBean 'dataSource': registering with JMX server as MBean [com.alibaba.druid.spring.boot.autoconfigure:name=dataSource,type=DruidDataSourceWrapper] 
2018-06-28 22:47:57 INFO [Class:o.s.j.e.MBeanExporter->Thread:main] Located MBean 'statFilter': registering with JMX server as MBean [com.alibaba.druid.filter.stat:name=statFilter,type=StatFilter] 
2018-06-28 22:47:58 INFO [Class:c.g.m.b.s.BuildDomainService->Thread:main] 【MyModuleEntity.java】文件生成成功。[E:/OSWORKS/01.MyClouds/svn/myclouds-domain-entity/src/main/java/com/gitee/myclouds/admin/domain/mymodule/MyModuleEntity.java] 
2018-06-28 22:47:58 INFO [Class:c.g.m.b.s.BuildDomainService->Thread:main] 文件生成完成，请刷新工程目录。 
2018-06-28 22:47:58 INFO [Class:o.s.b.StartupInfoLogger->Thread:main] Started StartBuilderApplication in 5.025 seconds (JVM running for 5.972) 
2018-06-28 22:47:58 INFO [Class:o.s.c.s.AbstractApplicationContext->Thread:Thread-2] Closing org.springframework.context.annotation.AnnotationConfigApplicationContext@3ee0fea4: startup date [Thu Jun 28 22:47:54 CST 2018]; root of context hierarchy 
2018-06-28 22:47:58 INFO [Class:o.s.j.e.MBeanExporter->Thread:Thread-2] Unregistering JMX-exposed beans on shutdown 
2018-06-28 22:47:58 INFO [Class:o.s.j.s.MBeanRegistrationSupport->Thread:Thread-2] Unregistering JMX-exposed beans 
2018-06-28 22:47:58 INFO [Class:c.a.d.p.DruidDataSource->Thread:Thread-2] {dataSource-1} closed 
2018-06-28 22:48:33 INFO [Class:o.s.b.StartupInfoLogger->Thread:main] Starting StartBuilderApplication on AFGHAN-007 with PID 3532 (E:\OSWORKS\01.MyClouds\svn\myclouds-builder\target\classes started by Administrator in E:\OSWORKS\01.MyClouds\svn\myclouds-builder) 
2018-06-28 22:48:33 DEBUG [Class:o.s.b.StartupInfoLogger->Thread:main] Running with Spring Boot v1.5.8.RELEASE, Spring v4.3.12.RELEASE 
2018-06-28 22:48:33 INFO [Class:o.s.b.SpringApplication->Thread:main] No active profile set, falling back to default profiles: default 
2018-06-28 22:48:33 INFO [Class:o.s.c.s.AbstractApplicationContext->Thread:main] Refreshing org.springframework.context.annotation.AnnotationConfigApplicationContext@1a5a4e19: startup date [Thu Jun 28 22:48:33 CST 2018]; root of context hierarchy 
2018-06-28 22:48:34 WARN [Class:o.m.s.m.ClassPathMapperScanner->Thread:main] No MyBatis mapper was found in '[com.gitee.myclouds.builder]' package. Please check your configuration. 
2018-06-28 22:48:35 INFO [Class:c.a.d.s.b.a.DruidDataSourceAutoConfigure->Thread:main] Init DruidDataSource 
2018-06-28 22:48:35 INFO [Class:c.a.d.p.DruidDataSource->Thread:main] {dataSource-1} inited 
2018-06-28 22:48:36 INFO [Class:o.s.j.e.MBeanExporter->Thread:main] Registering beans for JMX exposure on startup 
2018-06-28 22:48:36 INFO [Class:o.s.j.e.MBeanExporter->Thread:main] Bean with name 'statFilter' has been autodetected for JMX exposure 
2018-06-28 22:48:36 INFO [Class:o.s.j.e.MBeanExporter->Thread:main] Bean with name 'dataSource' has been autodetected for JMX exposure 
2018-06-28 22:48:36 INFO [Class:o.s.j.e.MBeanExporter->Thread:main] Located MBean 'dataSource': registering with JMX server as MBean [com.alibaba.druid.spring.boot.autoconfigure:name=dataSource,type=DruidDataSourceWrapper] 
2018-06-28 22:48:36 INFO [Class:o.s.j.e.MBeanExporter->Thread:main] Located MBean 'statFilter': registering with JMX server as MBean [com.alibaba.druid.filter.stat:name=statFilter,type=StatFilter] 
2018-06-28 22:48:38 INFO [Class:c.g.m.b.s.BuildDomainService->Thread:main] 【MyModuleMapper.java】文件生成成功。[E:/OSWORKS/01.MyClouds/svn/myclouds-domain-mapper/src/main/java/com/gitee/myclouds/admin/domain/mymodule/MyModuleMapper.java] 
2018-06-28 22:48:38 INFO [Class:c.g.m.b.s.BuildDomainService->Thread:main] 【MyModuleMapper.xml】文件生成成功。[E:/OSWORKS/01.MyClouds/svn/myclouds-domain-mapper/src/main/java/com/gitee/myclouds/admin/domain/mymodule/MyModuleMapper.xml] 
2018-06-28 22:48:38 INFO [Class:c.g.m.b.s.BuildDomainService->Thread:main] 文件生成完成，请刷新工程目录。 
2018-06-28 22:48:38 INFO [Class:o.s.b.StartupInfoLogger->Thread:main] Started StartBuilderApplication in 5.281 seconds (JVM running for 6.37) 
2018-06-28 22:48:38 INFO [Class:o.s.c.s.AbstractApplicationContext->Thread:Thread-2] Closing org.springframework.context.annotation.AnnotationConfigApplicationContext@1a5a4e19: startup date [Thu Jun 28 22:48:33 CST 2018]; root of context hierarchy 
2018-06-28 22:48:38 INFO [Class:o.s.j.e.MBeanExporter->Thread:Thread-2] Unregistering JMX-exposed beans on shutdown 
2018-06-28 22:48:38 INFO [Class:o.s.j.s.MBeanRegistrationSupport->Thread:Thread-2] Unregistering JMX-exposed beans 
2018-06-28 22:48:38 INFO [Class:c.a.d.p.DruidDataSource->Thread:Thread-2] {dataSource-1} closed 
