2018-01-16 14:25:49 INFO [Class:o.s.b.StartupInfoLogger->Thread:main] Starting StartBuilderApplication on mababa with PID 31860 (G:\01.MyClouds\svn\myclouds-builder\target\classes started by lenovo in G:\01.MyClouds\svn\myclouds-builder) 
2018-01-16 14:25:49 DEBUG [Class:o.s.b.StartupInfoLogger->Thread:main] Running with Spring Boot v1.5.8.RELEASE, Spring v4.3.12.RELEASE 
2018-01-16 14:25:49 INFO [Class:o.s.b.SpringApplication->Thread:main] No active profile set, falling back to default profiles: default 
2018-01-16 14:25:50 INFO [Class:o.s.c.s.AbstractApplicationContext->Thread:main] Refreshing org.springframework.context.annotation.AnnotationConfigApplicationContext@3ec300f1: startup date [Tue Jan 16 14:25:50 CST 2018]; root of context hierarchy 
2018-01-16 14:25:50 WARN [Class:o.m.s.m.ClassPathMapperScanner->Thread:main] No MyBatis mapper was found in '[com.gitee.myclouds.builder]' package. Please check your configuration. 
2018-01-16 14:25:51 INFO [Class:o.s.j.e.MBeanExporter->Thread:main] Registering beans for JMX exposure on startup 
2018-01-16 14:25:53 INFO [Class:c.g.m.b.s.BuildDomainService->Thread:main] 【MyParamEntity.java】文件生成成功。[G:01.MyCloudssvnmyclouds-adminmyclouds-admin-servicesrcmainjavacomgiteemycloudsadminservicedomain/myparam/MyParamEntity.java] 
2018-01-16 14:25:53 INFO [Class:c.g.m.b.s.BuildDomainService->Thread:main] 【MyParamMapper.java】文件生成成功。[G:01.MyCloudssvnmyclouds-adminmyclouds-admin-servicesrcmainjavacomgiteemycloudsadminservicedomain/myparam/MyParamMapper.java] 
2018-01-16 14:25:53 INFO [Class:c.g.m.b.s.BuildDomainService->Thread:main] 【MyParamMapper.xml】文件生成成功。[G:01.MyCloudssvnmyclouds-adminmyclouds-admin-servicesrcmainjavacomgiteemycloudsadminservicedomain/myparam/MyParamMapper.xml] 
2018-01-16 14:25:53 INFO [Class:c.g.m.b.s.BuildDomainService->Thread:main] 【MyEnumEntity.java】文件生成成功。[G:01.MyCloudssvnmyclouds-adminmyclouds-admin-servicesrcmainjavacomgiteemycloudsadminservicedomain/myenum/MyEnumEntity.java] 
2018-01-16 14:25:53 INFO [Class:c.g.m.b.s.BuildDomainService->Thread:main] 【MyEnumMapper.java】文件生成成功。[G:01.MyCloudssvnmyclouds-adminmyclouds-admin-servicesrcmainjavacomgiteemycloudsadminservicedomain/myenum/MyEnumMapper.java] 
2018-01-16 14:25:53 INFO [Class:c.g.m.b.s.BuildDomainService->Thread:main] 【MyEnumMapper.xml】文件生成成功。[G:01.MyCloudssvnmyclouds-adminmyclouds-admin-servicesrcmainjavacomgiteemycloudsadminservicedomain/myenum/MyEnumMapper.xml] 
2018-01-16 14:25:53 INFO [Class:c.g.m.b.s.BuildDomainService->Thread:main] 文件生成完成，请刷新工程目录。 
2018-01-16 14:25:53 INFO [Class:o.s.b.StartupInfoLogger->Thread:main] Started StartBuilderApplication in 3.948 seconds (JVM running for 4.999) 
2018-01-16 14:25:53 INFO [Class:o.s.c.s.AbstractApplicationContext->Thread:Thread-3] Closing org.springframework.context.annotation.AnnotationConfigApplicationContext@3ec300f1: startup date [Tue Jan 16 14:25:50 CST 2018]; root of context hierarchy 
2018-01-16 14:25:53 INFO [Class:o.s.j.e.MBeanExporter->Thread:Thread-3] Unregistering JMX-exposed beans on shutdown 
2018-01-16 14:26:34 INFO [Class:o.s.b.StartupInfoLogger->Thread:main] Starting StartBuilderApplication on mababa with PID 32612 (G:\01.MyClouds\svn\myclouds-builder\target\classes started by lenovo in G:\01.MyClouds\svn\myclouds-builder) 
2018-01-16 14:26:34 DEBUG [Class:o.s.b.StartupInfoLogger->Thread:main] Running with Spring Boot v1.5.8.RELEASE, Spring v4.3.12.RELEASE 
2018-01-16 14:26:34 INFO [Class:o.s.b.SpringApplication->Thread:main] No active profile set, falling back to default profiles: default 
2018-01-16 14:26:34 INFO [Class:o.s.c.s.AbstractApplicationContext->Thread:main] Refreshing org.springframework.context.annotation.AnnotationConfigApplicationContext@3ec300f1: startup date [Tue Jan 16 14:26:34 CST 2018]; root of context hierarchy 
2018-01-16 14:26:34 WARN [Class:o.m.s.m.ClassPathMapperScanner->Thread:main] No MyBatis mapper was found in '[com.gitee.myclouds.builder]' package. Please check your configuration. 
2018-01-16 14:26:35 INFO [Class:o.s.j.e.MBeanExporter->Thread:main] Registering beans for JMX exposure on startup 
2018-01-16 14:26:36 INFO [Class:c.g.m.b.s.BuildDomainService->Thread:main] 【MyParamEntity.java】文件生成成功。[G:01.MyCloudssvnmyclouds-adminmyclouds-admin-servicesrcmainjavacomgiteemycloudsadminservicedomain/myparam/MyParamEntity.java] 
2018-01-16 14:26:36 INFO [Class:c.g.m.b.s.BuildDomainService->Thread:main] 【MyParamMapper.java】文件生成成功。[G:01.MyCloudssvnmyclouds-adminmyclouds-admin-servicesrcmainjavacomgiteemycloudsadminservicedomain/myparam/MyParamMapper.java] 
2018-01-16 14:26:36 INFO [Class:c.g.m.b.s.BuildDomainService->Thread:main] 【MyParamMapper.xml】文件生成成功。[G:01.MyCloudssvnmyclouds-adminmyclouds-admin-servicesrcmainjavacomgiteemycloudsadminservicedomain/myparam/MyParamMapper.xml] 
2018-01-16 14:26:36 INFO [Class:c.g.m.b.s.BuildDomainService->Thread:main] 【MyEnumEntity.java】文件生成成功。[G:01.MyCloudssvnmyclouds-adminmyclouds-admin-servicesrcmainjavacomgiteemycloudsadminservicedomain/myenum/MyEnumEntity.java] 
2018-01-16 14:26:36 INFO [Class:c.g.m.b.s.BuildDomainService->Thread:main] 【MyEnumMapper.java】文件生成成功。[G:01.MyCloudssvnmyclouds-adminmyclouds-admin-servicesrcmainjavacomgiteemycloudsadminservicedomain/myenum/MyEnumMapper.java] 
2018-01-16 14:26:36 INFO [Class:c.g.m.b.s.BuildDomainService->Thread:main] 【MyEnumMapper.xml】文件生成成功。[G:01.MyCloudssvnmyclouds-adminmyclouds-admin-servicesrcmainjavacomgiteemycloudsadminservicedomain/myenum/MyEnumMapper.xml] 
2018-01-16 14:26:36 INFO [Class:c.g.m.b.s.BuildDomainService->Thread:main] 文件生成完成，请刷新工程目录。 
2018-01-16 14:26:36 INFO [Class:o.s.b.StartupInfoLogger->Thread:main] Started StartBuilderApplication in 2.975 seconds (JVM running for 3.786) 
2018-01-16 14:26:36 INFO [Class:o.s.c.s.AbstractApplicationContext->Thread:Thread-3] Closing org.springframework.context.annotation.AnnotationConfigApplicationContext@3ec300f1: startup date [Tue Jan 16 14:26:34 CST 2018]; root of context hierarchy 
2018-01-16 14:26:36 INFO [Class:o.s.j.e.MBeanExporter->Thread:Thread-3] Unregistering JMX-exposed beans on shutdown 
2018-01-16 14:42:44 INFO [Class:o.s.b.StartupInfoLogger->Thread:main] Starting StartBuilderApplication on mababa with PID 34000 (G:\01.MyClouds\svn\myclouds-builder\target\classes started by lenovo in G:\01.MyClouds\svn\myclouds-builder) 
2018-01-16 14:42:44 DEBUG [Class:o.s.b.StartupInfoLogger->Thread:main] Running with Spring Boot v1.5.8.RELEASE, Spring v4.3.12.RELEASE 
2018-01-16 14:42:44 INFO [Class:o.s.b.SpringApplication->Thread:main] No active profile set, falling back to default profiles: default 
2018-01-16 14:42:44 INFO [Class:o.s.c.s.AbstractApplicationContext->Thread:main] Refreshing org.springframework.context.annotation.AnnotationConfigApplicationContext@3ec300f1: startup date [Tue Jan 16 14:42:44 CST 2018]; root of context hierarchy 
2018-01-16 14:42:44 WARN [Class:o.m.s.m.ClassPathMapperScanner->Thread:main] No MyBatis mapper was found in '[com.gitee.myclouds.builder]' package. Please check your configuration. 
2018-01-16 14:42:45 INFO [Class:o.s.j.e.MBeanExporter->Thread:main] Registering beans for JMX exposure on startup 
2018-01-16 14:42:45 INFO [Class:o.s.b.a.l.AutoConfigurationReportLoggingInitializer->Thread:main] 

Error starting ApplicationContext. To display the auto-configuration report re-run your application with 'debug' enabled. 
2018-01-16 14:42:45 ERROR [Class:o.s.b.SpringApplication->Thread:main] Application startup failed 
java.util.regex.PatternSyntaxException: Unexpected internal error near index 1
\
 ^
	at java.util.regex.Pattern.error(Pattern.java:1955)
	at java.util.regex.Pattern.compile(Pattern.java:1702)
	at java.util.regex.Pattern.<init>(Pattern.java:1351)
	at java.util.regex.Pattern.compile(Pattern.java:1028)
	at java.lang.String.replaceAll(String.java:2223)
	at org.apache.commons.lang3.StringUtils.replaceAll(StringUtils.java:5326)
	at com.gitee.myclouds.builder.util.BuilderUtil.myPath(BuilderUtil.java:301)
	at com.gitee.myclouds.builder.service.BuildDomainService.initDaoConfiguration(BuildDomainService.java:59)
	at com.gitee.myclouds.builder.service.BuildDomainService.buildDomain(BuildDomainService.java:72)
	at com.gitee.myclouds.builder.listener.BuilderApplicationStartupListener.onApplicationEvent(BuilderApplicationStartupListener.java:24)
	at com.gitee.myclouds.builder.listener.BuilderApplicationStartupListener.onApplicationEvent(BuilderApplicationStartupListener.java:1)
	at org.springframework.context.event.SimpleApplicationEventMulticaster.doInvokeListener(SimpleApplicationEventMulticaster.java:172)
	at org.springframework.context.event.SimpleApplicationEventMulticaster.invokeListener(SimpleApplicationEventMulticaster.java:165)
	at org.springframework.context.event.SimpleApplicationEventMulticaster.multicastEvent(SimpleApplicationEventMulticaster.java:139)
	at org.springframework.context.support.AbstractApplicationContext.publishEvent(AbstractApplicationContext.java:393)
	at org.springframework.context.support.AbstractApplicationContext.publishEvent(AbstractApplicationContext.java:347)
	at org.springframework.context.support.AbstractApplicationContext.finishRefresh(AbstractApplicationContext.java:883)
	at org.springframework.context.support.AbstractApplicationContext.refresh(AbstractApplicationContext.java:546)
	at org.springframework.boot.SpringApplication.refresh(SpringApplication.java:693)
	at org.springframework.boot.SpringApplication.refreshContext(SpringApplication.java:360)
	at org.springframework.boot.SpringApplication.run(SpringApplication.java:303)
	at com.gitee.myclouds.builder.StartBuilderApplication.main(StartBuilderApplication.java:16)
2018-01-16 14:42:45 INFO [Class:o.s.c.s.AbstractApplicationContext->Thread:main] Closing org.springframework.context.annotation.AnnotationConfigApplicationContext@3ec300f1: startup date [Tue Jan 16 14:42:44 CST 2018]; root of context hierarchy 
2018-01-16 14:42:45 INFO [Class:o.s.j.e.MBeanExporter->Thread:main] Unregistering JMX-exposed beans on shutdown 
2018-01-16 14:46:48 INFO [Class:o.s.b.StartupInfoLogger->Thread:main] Starting StartBuilderApplication on mababa with PID 34248 (G:\01.MyClouds\svn\myclouds-builder\target\classes started by lenovo in G:\01.MyClouds\svn\myclouds-builder) 
2018-01-16 14:46:48 DEBUG [Class:o.s.b.StartupInfoLogger->Thread:main] Running with Spring Boot v1.5.8.RELEASE, Spring v4.3.12.RELEASE 
2018-01-16 14:46:48 INFO [Class:o.s.b.SpringApplication->Thread:main] No active profile set, falling back to default profiles: default 
2018-01-16 14:46:48 INFO [Class:o.s.c.s.AbstractApplicationContext->Thread:main] Refreshing org.springframework.context.annotation.AnnotationConfigApplicationContext@3ec300f1: startup date [Tue Jan 16 14:46:48 CST 2018]; root of context hierarchy 
2018-01-16 14:46:48 WARN [Class:o.m.s.m.ClassPathMapperScanner->Thread:main] No MyBatis mapper was found in '[com.gitee.myclouds.builder]' package. Please check your configuration. 
2018-01-16 14:46:49 INFO [Class:o.s.j.e.MBeanExporter->Thread:main] Registering beans for JMX exposure on startup 
2018-01-16 14:46:50 INFO [Class:c.g.m.b.s.BuildDomainService->Thread:main] 【MyParamEntity.java】文件生成成功。[G:\01.MyClouds\svn\myclouds-admin\myclouds-admin-service\src\main\java\com\gitee\myclouds\admin\service\domain/myparam/MyParamEntity.java] 
2018-01-16 14:46:50 INFO [Class:c.g.m.b.s.BuildDomainService->Thread:main] 【MyParamMapper.java】文件生成成功。[G:\01.MyClouds\svn\myclouds-admin\myclouds-admin-service\src\main\java\com\gitee\myclouds\admin\service\domain/myparam/MyParamMapper.java] 
2018-01-16 14:46:50 INFO [Class:c.g.m.b.s.BuildDomainService->Thread:main] 【MyParamMapper.xml】文件生成成功。[G:\01.MyClouds\svn\myclouds-admin\myclouds-admin-service\src\main\java\com\gitee\myclouds\admin\service\domain/myparam/MyParamMapper.xml] 
2018-01-16 14:46:50 INFO [Class:c.g.m.b.s.BuildDomainService->Thread:main] 【MyEnumEntity.java】文件生成成功。[G:\01.MyClouds\svn\myclouds-admin\myclouds-admin-service\src\main\java\com\gitee\myclouds\admin\service\domain/myenum/MyEnumEntity.java] 
2018-01-16 14:46:50 INFO [Class:c.g.m.b.s.BuildDomainService->Thread:main] 【MyEnumMapper.java】文件生成成功。[G:\01.MyClouds\svn\myclouds-admin\myclouds-admin-service\src\main\java\com\gitee\myclouds\admin\service\domain/myenum/MyEnumMapper.java] 
2018-01-16 14:46:50 INFO [Class:c.g.m.b.s.BuildDomainService->Thread:main] 【MyEnumMapper.xml】文件生成成功。[G:\01.MyClouds\svn\myclouds-admin\myclouds-admin-service\src\main\java\com\gitee\myclouds\admin\service\domain/myenum/MyEnumMapper.xml] 
2018-01-16 14:46:50 INFO [Class:c.g.m.b.s.BuildDomainService->Thread:main] 文件生成完成，请刷新工程目录。 
2018-01-16 14:46:50 INFO [Class:o.s.b.StartupInfoLogger->Thread:main] Started StartBuilderApplication in 3.247 seconds (JVM running for 4.093) 
2018-01-16 14:46:50 INFO [Class:o.s.c.s.AbstractApplicationContext->Thread:Thread-3] Closing org.springframework.context.annotation.AnnotationConfigApplicationContext@3ec300f1: startup date [Tue Jan 16 14:46:48 CST 2018]; root of context hierarchy 
2018-01-16 14:46:50 INFO [Class:o.s.j.e.MBeanExporter->Thread:Thread-3] Unregistering JMX-exposed beans on shutdown 
2018-01-16 14:48:47 INFO [Class:o.s.b.StartupInfoLogger->Thread:main] Starting StartBuilderApplication on mababa with PID 33192 (G:\01.MyClouds\svn\myclouds-builder\target\classes started by lenovo in G:\01.MyClouds\svn\myclouds-builder) 
2018-01-16 14:48:47 DEBUG [Class:o.s.b.StartupInfoLogger->Thread:main] Running with Spring Boot v1.5.8.RELEASE, Spring v4.3.12.RELEASE 
2018-01-16 14:48:47 INFO [Class:o.s.b.SpringApplication->Thread:main] No active profile set, falling back to default profiles: default 
2018-01-16 14:48:47 INFO [Class:o.s.c.s.AbstractApplicationContext->Thread:main] Refreshing org.springframework.context.annotation.AnnotationConfigApplicationContext@3ec300f1: startup date [Tue Jan 16 14:48:47 CST 2018]; root of context hierarchy 
2018-01-16 14:48:48 WARN [Class:o.m.s.m.ClassPathMapperScanner->Thread:main] No MyBatis mapper was found in '[com.gitee.myclouds.builder]' package. Please check your configuration. 
2018-01-16 14:48:49 INFO [Class:o.s.j.e.MBeanExporter->Thread:main] Registering beans for JMX exposure on startup 
2018-01-16 14:48:50 INFO [Class:c.g.m.b.s.BuildDomainService->Thread:main] 【MyParamEntity.java】文件生成成功。[G:/01.MyClouds/svn/myclouds-admin/myclouds-admin-service/src/main/java/com/gitee/myclouds/admin/service/domain/myparam/MyParamEntity.java] 
2018-01-16 14:48:50 INFO [Class:c.g.m.b.s.BuildDomainService->Thread:main] 【MyParamMapper.java】文件生成成功。[G:/01.MyClouds/svn/myclouds-admin/myclouds-admin-service/src/main/java/com/gitee/myclouds/admin/service/domain/myparam/MyParamMapper.java] 
2018-01-16 14:48:50 INFO [Class:c.g.m.b.s.BuildDomainService->Thread:main] 【MyParamMapper.xml】文件生成成功。[G:/01.MyClouds/svn/myclouds-admin/myclouds-admin-service/src/main/java/com/gitee/myclouds/admin/service/domain/myparam/MyParamMapper.xml] 
2018-01-16 14:48:50 INFO [Class:c.g.m.b.s.BuildDomainService->Thread:main] 【MyEnumEntity.java】文件生成成功。[G:/01.MyClouds/svn/myclouds-admin/myclouds-admin-service/src/main/java/com/gitee/myclouds/admin/service/domain/myenum/MyEnumEntity.java] 
2018-01-16 14:48:50 INFO [Class:c.g.m.b.s.BuildDomainService->Thread:main] 【MyEnumMapper.java】文件生成成功。[G:/01.MyClouds/svn/myclouds-admin/myclouds-admin-service/src/main/java/com/gitee/myclouds/admin/service/domain/myenum/MyEnumMapper.java] 
2018-01-16 14:48:50 INFO [Class:c.g.m.b.s.BuildDomainService->Thread:main] 【MyEnumMapper.xml】文件生成成功。[G:/01.MyClouds/svn/myclouds-admin/myclouds-admin-service/src/main/java/com/gitee/myclouds/admin/service/domain/myenum/MyEnumMapper.xml] 
2018-01-16 14:48:50 INFO [Class:c.g.m.b.s.BuildDomainService->Thread:main] 文件生成完成，请刷新工程目录。 
2018-01-16 14:48:50 INFO [Class:o.s.b.StartupInfoLogger->Thread:main] Started StartBuilderApplication in 3.192 seconds (JVM running for 4.024) 
2018-01-16 14:48:50 INFO [Class:o.s.c.s.AbstractApplicationContext->Thread:Thread-3] Closing org.springframework.context.annotation.AnnotationConfigApplicationContext@3ec300f1: startup date [Tue Jan 16 14:48:47 CST 2018]; root of context hierarchy 
2018-01-16 14:48:50 INFO [Class:o.s.j.e.MBeanExporter->Thread:Thread-3] Unregistering JMX-exposed beans on shutdown 
2018-01-16 15:25:10 INFO [Class:o.s.b.StartupInfoLogger->Thread:main] Starting StartBuilderApplication on mababa with PID 36632 (G:\01.MyClouds\svn\myclouds-builder\target\classes started by lenovo in G:\01.MyClouds\svn\myclouds-builder) 
2018-01-16 15:25:10 DEBUG [Class:o.s.b.StartupInfoLogger->Thread:main] Running with Spring Boot v1.5.8.RELEASE, Spring v4.3.12.RELEASE 
2018-01-16 15:25:10 INFO [Class:o.s.b.SpringApplication->Thread:main] No active profile set, falling back to default profiles: default 
2018-01-16 15:25:11 INFO [Class:o.s.c.s.AbstractApplicationContext->Thread:main] Refreshing org.springframework.context.annotation.AnnotationConfigApplicationContext@f58853c: startup date [Tue Jan 16 15:25:11 CST 2018]; root of context hierarchy 
2018-01-16 15:25:12 WARN [Class:o.m.s.m.ClassPathMapperScanner->Thread:main] No MyBatis mapper was found in '[com.gitee.myclouds.builder]' package. Please check your configuration. 
2018-01-16 15:25:14 INFO [Class:o.s.j.e.MBeanExporter->Thread:main] Registering beans for JMX exposure on startup 
2018-01-16 15:25:15 INFO [Class:c.g.m.b.s.BuildDomainService->Thread:main] 【MyParamEntity.java】文件生成成功。[G:/01.MyClouds/svn/myclouds-admin/myclouds-admin-service/src/main/java/com/gitee/myclouds/admin/service/domain/myparam/MyParamEntity.java] 
2018-01-16 15:25:15 INFO [Class:c.g.m.b.s.BuildDomainService->Thread:main] 【MyParamMapper.java】文件生成成功。[G:/01.MyClouds/svn/myclouds-admin/myclouds-admin-service/src/main/java/com/gitee/myclouds/admin/service/domain/myparam/MyParamMapper.java] 
2018-01-16 15:25:16 INFO [Class:c.g.m.b.s.BuildDomainService->Thread:main] 【MyParamMapper.xml】文件生成成功。[G:/01.MyClouds/svn/myclouds-admin/myclouds-admin-service/src/main/java/com/gitee/myclouds/admin/service/domain/myparam/MyParamMapper.xml] 
2018-01-16 15:25:16 INFO [Class:c.g.m.b.s.BuildDomainService->Thread:main] 【MyEnumEntity.java】文件生成成功。[G:/01.MyClouds/svn/myclouds-admin/myclouds-admin-service/src/main/java/com/gitee/myclouds/admin/service/domain/myenum/MyEnumEntity.java] 
2018-01-16 15:25:16 INFO [Class:c.g.m.b.s.BuildDomainService->Thread:main] 【MyEnumMapper.java】文件生成成功。[G:/01.MyClouds/svn/myclouds-admin/myclouds-admin-service/src/main/java/com/gitee/myclouds/admin/service/domain/myenum/MyEnumMapper.java] 
2018-01-16 15:25:17 INFO [Class:c.g.m.b.s.BuildDomainService->Thread:main] 【MyEnumMapper.xml】文件生成成功。[G:/01.MyClouds/svn/myclouds-admin/myclouds-admin-service/src/main/java/com/gitee/myclouds/admin/service/domain/myenum/MyEnumMapper.xml] 
2018-01-16 15:25:17 INFO [Class:c.g.m.b.s.BuildDomainService->Thread:main] 文件生成完成，请刷新工程目录。 
2018-01-16 15:25:17 INFO [Class:o.s.b.StartupInfoLogger->Thread:main] Started StartBuilderApplication in 6.757 seconds (JVM running for 7.952) 
2018-01-16 15:25:17 INFO [Class:o.s.c.s.AbstractApplicationContext->Thread:Thread-3] Closing org.springframework.context.annotation.AnnotationConfigApplicationContext@f58853c: startup date [Tue Jan 16 15:25:11 CST 2018]; root of context hierarchy 
2018-01-16 15:25:17 INFO [Class:o.s.j.e.MBeanExporter->Thread:Thread-3] Unregistering JMX-exposed beans on shutdown 
2018-01-16 16:44:04 INFO [Class:o.s.b.StartupInfoLogger->Thread:main] Starting StartBuilderApplication on mababa with PID 39484 (G:\01.MyClouds\svn\myclouds-builder\target\classes started by lenovo in G:\01.MyClouds\svn\myclouds-builder) 
2018-01-16 16:44:04 DEBUG [Class:o.s.b.StartupInfoLogger->Thread:main] Running with Spring Boot v1.5.8.RELEASE, Spring v4.3.12.RELEASE 
2018-01-16 16:44:04 INFO [Class:o.s.b.SpringApplication->Thread:main] No active profile set, falling back to default profiles: default 
2018-01-16 16:44:04 INFO [Class:o.s.c.s.AbstractApplicationContext->Thread:main] Refreshing org.springframework.context.annotation.AnnotationConfigApplicationContext@3ec300f1: startup date [Tue Jan 16 16:44:04 CST 2018]; root of context hierarchy 
2018-01-16 16:44:04 WARN [Class:o.m.s.m.ClassPathMapperScanner->Thread:main] No MyBatis mapper was found in '[com.gitee.myclouds.builder]' package. Please check your configuration. 
2018-01-16 16:44:05 INFO [Class:o.s.j.e.MBeanExporter->Thread:main] Registering beans for JMX exposure on startup 
2018-01-16 16:44:06 INFO [Class:c.g.m.b.s.BuildDomainService->Thread:main] 【MyParamEntity.java】文件生成成功。[G:/01.MyClouds/svn/myclouds-admin/myclouds-admin-service/src/main/java/com/gitee/myclouds/admin/service/domain/myparam/MyParamEntity.java] 
2018-01-16 16:44:06 INFO [Class:c.g.m.b.s.BuildDomainService->Thread:main] 【MyParamMapper.java】文件生成成功。[G:/01.MyClouds/svn/myclouds-admin/myclouds-admin-service/src/main/java/com/gitee/myclouds/admin/service/domain/myparam/MyParamMapper.java] 
2018-01-16 16:44:06 INFO [Class:c.g.m.b.s.BuildDomainService->Thread:main] 【MyParamMapper.xml】文件生成成功。[G:/01.MyClouds/svn/myclouds-admin/myclouds-admin-service/src/main/java/com/gitee/myclouds/admin/service/domain/myparam/MyParamMapper.xml] 
2018-01-16 16:44:07 INFO [Class:c.g.m.b.s.BuildDomainService->Thread:main] 【MyEnumEntity.java】文件生成成功。[G:/01.MyClouds/svn/myclouds-admin/myclouds-admin-service/src/main/java/com/gitee/myclouds/admin/service/domain/myenum/MyEnumEntity.java] 
2018-01-16 16:44:07 INFO [Class:c.g.m.b.s.BuildDomainService->Thread:main] 【MyEnumMapper.java】文件生成成功。[G:/01.MyClouds/svn/myclouds-admin/myclouds-admin-service/src/main/java/com/gitee/myclouds/admin/service/domain/myenum/MyEnumMapper.java] 
2018-01-16 16:44:07 INFO [Class:c.g.m.b.s.BuildDomainService->Thread:main] 【MyEnumMapper.xml】文件生成成功。[G:/01.MyClouds/svn/myclouds-admin/myclouds-admin-service/src/main/java/com/gitee/myclouds/admin/service/domain/myenum/MyEnumMapper.xml] 
2018-01-16 16:44:07 INFO [Class:c.g.m.b.s.BuildDomainService->Thread:main] 文件生成完成，请刷新工程目录。 
2018-01-16 16:44:07 INFO [Class:o.s.b.StartupInfoLogger->Thread:main] Started StartBuilderApplication in 3.275 seconds (JVM running for 4.072) 
2018-01-16 16:44:07 INFO [Class:o.s.c.s.AbstractApplicationContext->Thread:Thread-3] Closing org.springframework.context.annotation.AnnotationConfigApplicationContext@3ec300f1: startup date [Tue Jan 16 16:44:04 CST 2018]; root of context hierarchy 
2018-01-16 16:44:07 INFO [Class:o.s.j.e.MBeanExporter->Thread:Thread-3] Unregistering JMX-exposed beans on shutdown 
