2017-12-14 10:12:58 INFO [Class:o.s.b.StartupInfoLogger->Thread:main] Starting BuilderApplication on mababa with PID 5448 (G:\01.MyClouds\svn\myclouds-builder\target\classes started by lenovo in G:\01.MyClouds\svn\myclouds-builder) 
2017-12-14 10:12:58 DEBUG [Class:o.s.b.StartupInfoLogger->Thread:main] Running with Spring Boot v1.5.8.RELEASE, Spring v4.3.12.RELEASE 
2017-12-14 10:12:58 INFO [Class:o.s.b.SpringApplication->Thread:main] No active profile set, falling back to default profiles: default 
2017-12-14 10:12:58 INFO [Class:o.s.c.s.AbstractApplicationContext->Thread:main] Refreshing org.springframework.context.annotation.AnnotationConfigApplicationContext@3ec300f1: startup date [Thu Dec 14 10:12:58 CST 2017]; root of context hierarchy 
2017-12-14 10:12:59 WARN [Class:o.m.s.m.ClassPathMapperScanner->Thread:main] No MyBatis mapper was found in '[com.gitee.myclouds.builder]' package. Please check your configuration. 
2017-12-14 10:13:00 INFO [Class:o.s.j.e.MBeanExporter->Thread:main] Registering beans for JMX exposure on startup 
2017-12-14 10:13:02 INFO [Class:c.g.m.b.s.BuildDaoService->Thread:main] PO Java文件生成成功。[G:/01.MyClouds/svn/myclouds-builder/src/test/java/com/gitee/myclouds/builder/test/mapper/SysParamPO.java] 
2017-12-14 10:13:02 INFO [Class:c.g.m.b.s.BuildDaoService->Thread:main] Mapper Java文件生成成功。[G:/01.MyClouds/svn/myclouds-builder/src/test/java/com/gitee/myclouds/builder/test/mapper/SysParamMapper.java] 
2017-12-14 10:13:02 INFO [Class:c.g.m.b.s.BuildDaoService->Thread:main] Mapper Xml文件生成成功。[G:/01.MyClouds/svn/myclouds-builder/src/test/java/com/gitee/myclouds/builder/test/mapper/SysParamMapper.xml] 
2017-12-14 10:13:02 INFO [Class:o.s.b.a.l.AutoConfigurationReportLoggingInitializer->Thread:main] 

Error starting ApplicationContext. To display the auto-configuration report re-run your application with 'debug' enabled. 
2017-12-14 10:13:02 ERROR [Class:o.s.b.SpringApplication->Thread:main] Application startup failed 
java.lang.RuntimeException: 表[sys_test_code]不存在。
	at com.gitee.myclouds.builder.util.DBMetaInfoUtil.getTableVO(DBMetaInfoUtil.java:164)
	at com.gitee.myclouds.builder.service.BuildDaoService.buildDao(BuildDaoService.java:78)
	at com.gitee.myclouds.builder.listener.BuilderApplicationStartupListener.onApplicationEvent(BuilderApplicationStartupListener.java:24)
	at com.gitee.myclouds.builder.listener.BuilderApplicationStartupListener.onApplicationEvent(BuilderApplicationStartupListener.java:1)
	at org.springframework.context.event.SimpleApplicationEventMulticaster.doInvokeListener(SimpleApplicationEventMulticaster.java:172)
	at org.springframework.context.event.SimpleApplicationEventMulticaster.invokeListener(SimpleApplicationEventMulticaster.java:165)
	at org.springframework.context.event.SimpleApplicationEventMulticaster.multicastEvent(SimpleApplicationEventMulticaster.java:139)
	at org.springframework.context.support.AbstractApplicationContext.publishEvent(AbstractApplicationContext.java:393)
	at org.springframework.context.support.AbstractApplicationContext.publishEvent(AbstractApplicationContext.java:347)
	at org.springframework.context.support.AbstractApplicationContext.finishRefresh(AbstractApplicationContext.java:883)
	at org.springframework.context.support.AbstractApplicationContext.refresh(AbstractApplicationContext.java:546)
	at org.springframework.boot.SpringApplication.refresh(SpringApplication.java:693)
	at org.springframework.boot.SpringApplication.refreshContext(SpringApplication.java:360)
	at org.springframework.boot.SpringApplication.run(SpringApplication.java:303)
	at com.gitee.myclouds.builder.BuilderApplication.main(BuilderApplication.java:16)
2017-12-14 10:13:02 INFO [Class:o.s.c.s.AbstractApplicationContext->Thread:main] Closing org.springframework.context.annotation.AnnotationConfigApplicationContext@3ec300f1: startup date [Thu Dec 14 10:12:58 CST 2017]; root of context hierarchy 
2017-12-14 10:13:02 INFO [Class:o.s.j.e.MBeanExporter->Thread:main] Unregistering JMX-exposed beans on shutdown 
2017-12-14 10:17:10 INFO [Class:o.s.b.StartupInfoLogger->Thread:main] Starting BuilderApplication on mababa with PID 15540 (G:\01.MyClouds\svn\myclouds-builder\target\classes started by lenovo in G:\01.MyClouds\svn\myclouds-builder) 
2017-12-14 10:17:10 DEBUG [Class:o.s.b.StartupInfoLogger->Thread:main] Running with Spring Boot v1.5.8.RELEASE, Spring v4.3.12.RELEASE 
2017-12-14 10:17:10 INFO [Class:o.s.b.SpringApplication->Thread:main] No active profile set, falling back to default profiles: default 
2017-12-14 10:17:10 INFO [Class:o.s.c.s.AbstractApplicationContext->Thread:main] Refreshing org.springframework.context.annotation.AnnotationConfigApplicationContext@3ec300f1: startup date [Thu Dec 14 10:17:10 CST 2017]; root of context hierarchy 
2017-12-14 10:17:11 WARN [Class:o.m.s.m.ClassPathMapperScanner->Thread:main] No MyBatis mapper was found in '[com.gitee.myclouds.builder]' package. Please check your configuration. 
2017-12-14 10:17:12 INFO [Class:o.s.j.e.MBeanExporter->Thread:main] Registering beans for JMX exposure on startup 
2017-12-14 10:17:13 INFO [Class:c.g.m.b.s.BuildDaoService->Thread:main] PO Java文件生成成功。[G:/01.MyClouds/svn/myclouds-builder/src/test/java/com/gitee/myclouds/builder/test/mapper/SysParamPO.java] 
2017-12-14 10:17:13 INFO [Class:c.g.m.b.s.BuildDaoService->Thread:main] Mapper Java文件生成成功。[G:/01.MyClouds/svn/myclouds-builder/src/test/java/com/gitee/myclouds/builder/test/mapper/SysParamMapper.java] 
2017-12-14 10:17:13 INFO [Class:c.g.m.b.s.BuildDaoService->Thread:main] Mapper Xml文件生成成功。[G:/01.MyClouds/svn/myclouds-builder/src/test/java/com/gitee/myclouds/builder/test/mapper/SysParamMapper.xml] 
2017-12-14 10:17:13 WARN [Class:c.g.m.b.u.DBMetaInfoUtil->Thread:main] 表[sys_test_code]不存在。跳过该表的代码生成。 
2017-12-14 10:17:13 INFO [Class:o.s.b.a.l.AutoConfigurationReportLoggingInitializer->Thread:main] 

Error starting ApplicationContext. To display the auto-configuration report re-run your application with 'debug' enabled. 
2017-12-14 10:17:13 ERROR [Class:o.s.b.SpringApplication->Thread:main] Application startup failed 
java.lang.NullPointerException: null
	at com.gitee.myclouds.builder.util.DBMetaInfoUtil.getTableVO(DBMetaInfoUtil.java:169)
	at com.gitee.myclouds.builder.service.BuildDaoService.buildDao(BuildDaoService.java:78)
	at com.gitee.myclouds.builder.listener.BuilderApplicationStartupListener.onApplicationEvent(BuilderApplicationStartupListener.java:24)
	at com.gitee.myclouds.builder.listener.BuilderApplicationStartupListener.onApplicationEvent(BuilderApplicationStartupListener.java:1)
	at org.springframework.context.event.SimpleApplicationEventMulticaster.doInvokeListener(SimpleApplicationEventMulticaster.java:172)
	at org.springframework.context.event.SimpleApplicationEventMulticaster.invokeListener(SimpleApplicationEventMulticaster.java:165)
	at org.springframework.context.event.SimpleApplicationEventMulticaster.multicastEvent(SimpleApplicationEventMulticaster.java:139)
	at org.springframework.context.support.AbstractApplicationContext.publishEvent(AbstractApplicationContext.java:393)
	at org.springframework.context.support.AbstractApplicationContext.publishEvent(AbstractApplicationContext.java:347)
	at org.springframework.context.support.AbstractApplicationContext.finishRefresh(AbstractApplicationContext.java:883)
	at org.springframework.context.support.AbstractApplicationContext.refresh(AbstractApplicationContext.java:546)
	at org.springframework.boot.SpringApplication.refresh(SpringApplication.java:693)
	at org.springframework.boot.SpringApplication.refreshContext(SpringApplication.java:360)
	at org.springframework.boot.SpringApplication.run(SpringApplication.java:303)
	at com.gitee.myclouds.builder.BuilderApplication.main(BuilderApplication.java:16)
2017-12-14 10:17:13 INFO [Class:o.s.c.s.AbstractApplicationContext->Thread:main] Closing org.springframework.context.annotation.AnnotationConfigApplicationContext@3ec300f1: startup date [Thu Dec 14 10:17:10 CST 2017]; root of context hierarchy 
2017-12-14 10:17:13 INFO [Class:o.s.j.e.MBeanExporter->Thread:main] Unregistering JMX-exposed beans on shutdown 
2017-12-14 10:18:44 INFO [Class:o.s.b.StartupInfoLogger->Thread:main] Starting BuilderApplication on mababa with PID 16316 (G:\01.MyClouds\svn\myclouds-builder\target\classes started by lenovo in G:\01.MyClouds\svn\myclouds-builder) 
2017-12-14 10:18:44 DEBUG [Class:o.s.b.StartupInfoLogger->Thread:main] Running with Spring Boot v1.5.8.RELEASE, Spring v4.3.12.RELEASE 
2017-12-14 10:18:44 INFO [Class:o.s.b.SpringApplication->Thread:main] No active profile set, falling back to default profiles: default 
2017-12-14 10:18:45 INFO [Class:o.s.c.s.AbstractApplicationContext->Thread:main] Refreshing org.springframework.context.annotation.AnnotationConfigApplicationContext@53fb3dab: startup date [Thu Dec 14 10:18:45 CST 2017]; root of context hierarchy 
2017-12-14 10:18:45 WARN [Class:o.m.s.m.ClassPathMapperScanner->Thread:main] No MyBatis mapper was found in '[com.gitee.myclouds.builder]' package. Please check your configuration. 
2017-12-14 10:18:46 INFO [Class:o.s.j.e.MBeanExporter->Thread:main] Registering beans for JMX exposure on startup 
2017-12-14 10:18:47 INFO [Class:c.g.m.b.s.BuildDaoService->Thread:main] PO Java文件生成成功。[G:/01.MyClouds/svn/myclouds-builder/src/test/java/com/gitee/myclouds/builder/test/mapper/SysParamPO.java] 
2017-12-14 10:18:48 INFO [Class:c.g.m.b.s.BuildDaoService->Thread:main] Mapper Java文件生成成功。[G:/01.MyClouds/svn/myclouds-builder/src/test/java/com/gitee/myclouds/builder/test/mapper/SysParamMapper.java] 
2017-12-14 10:18:48 INFO [Class:c.g.m.b.s.BuildDaoService->Thread:main] Mapper Xml文件生成成功。[G:/01.MyClouds/svn/myclouds-builder/src/test/java/com/gitee/myclouds/builder/test/mapper/SysParamMapper.xml] 
2017-12-14 10:18:48 WARN [Class:c.g.m.b.u.DBMetaInfoUtil->Thread:main] 表[sys_test_code]不存在。跳过该表的代码生成。 
2017-12-14 10:18:48 ERROR [Class:c.g.m.b.s.BuildDaoService->Thread:main] 表[sys_test_code]不存在，请检查。 
2017-12-14 10:18:48 INFO [Class:c.g.m.b.s.BuildDaoService->Thread:main] 文件生成完成，请刷新工程目录文件。 
2017-12-14 10:18:48 INFO [Class:o.s.b.StartupInfoLogger->Thread:main] Started BuilderApplication in 3.783 seconds (JVM running for 4.941) 
2017-12-14 10:18:48 INFO [Class:o.s.c.s.AbstractApplicationContext->Thread:Thread-3] Closing org.springframework.context.annotation.AnnotationConfigApplicationContext@53fb3dab: startup date [Thu Dec 14 10:18:45 CST 2017]; root of context hierarchy 
2017-12-14 10:18:48 INFO [Class:o.s.j.e.MBeanExporter->Thread:Thread-3] Unregistering JMX-exposed beans on shutdown 
2017-12-14 10:21:47 INFO [Class:o.s.b.StartupInfoLogger->Thread:main] Starting BuilderApplication on mababa with PID 928 (G:\01.MyClouds\svn\myclouds-builder\target\classes started by lenovo in G:\01.MyClouds\svn\myclouds-builder) 
2017-12-14 10:21:47 DEBUG [Class:o.s.b.StartupInfoLogger->Thread:main] Running with Spring Boot v1.5.8.RELEASE, Spring v4.3.12.RELEASE 
2017-12-14 10:21:47 INFO [Class:o.s.b.SpringApplication->Thread:main] No active profile set, falling back to default profiles: default 
2017-12-14 10:21:48 INFO [Class:o.s.c.s.AbstractApplicationContext->Thread:main] Refreshing org.springframework.context.annotation.AnnotationConfigApplicationContext@4b013c76: startup date [Thu Dec 14 10:21:48 CST 2017]; root of context hierarchy 
2017-12-14 10:21:48 WARN [Class:o.m.s.m.ClassPathMapperScanner->Thread:main] No MyBatis mapper was found in '[com.gitee.myclouds.builder]' package. Please check your configuration. 
2017-12-14 10:21:49 INFO [Class:o.s.j.e.MBeanExporter->Thread:main] Registering beans for JMX exposure on startup 
2017-12-14 10:21:51 INFO [Class:c.g.m.b.s.BuildDaoService->Thread:main] PO Java文件生成成功。[G:/01.MyClouds/svn/myclouds-builder/src/test/java/com/gitee/myclouds/builder/test/mapper/SysParamPO.java] 
2017-12-14 10:21:51 INFO [Class:c.g.m.b.s.BuildDaoService->Thread:main] Mapper Java文件生成成功。[G:/01.MyClouds/svn/myclouds-builder/src/test/java/com/gitee/myclouds/builder/test/mapper/SysParamMapper.java] 
2017-12-14 10:21:51 INFO [Class:c.g.m.b.s.BuildDaoService->Thread:main] Mapper Xml文件生成成功。[G:/01.MyClouds/svn/myclouds-builder/src/test/java/com/gitee/myclouds/builder/test/mapper/SysParamMapper.xml] 
2017-12-14 10:21:51 ERROR [Class:c.g.m.b.s.BuildDaoService->Thread:main] 表[sys_test_code]不存在，请检查。 
2017-12-14 10:21:51 INFO [Class:c.g.m.b.s.BuildDaoService->Thread:main] 文件生成完成，请刷新工程目录文件。 
2017-12-14 10:21:51 INFO [Class:o.s.b.StartupInfoLogger->Thread:main] Started BuilderApplication in 4.055 seconds (JVM running for 5.023) 
2017-12-14 10:21:51 INFO [Class:o.s.c.s.AbstractApplicationContext->Thread:Thread-3] Closing org.springframework.context.annotation.AnnotationConfigApplicationContext@4b013c76: startup date [Thu Dec 14 10:21:48 CST 2017]; root of context hierarchy 
2017-12-14 10:21:51 INFO [Class:o.s.j.e.MBeanExporter->Thread:Thread-3] Unregistering JMX-exposed beans on shutdown 
2017-12-14 10:22:20 INFO [Class:o.s.b.StartupInfoLogger->Thread:main] Starting BuilderApplication on mababa with PID 15600 (G:\01.MyClouds\svn\myclouds-builder\target\classes started by lenovo in G:\01.MyClouds\svn\myclouds-builder) 
2017-12-14 10:22:20 DEBUG [Class:o.s.b.StartupInfoLogger->Thread:main] Running with Spring Boot v1.5.8.RELEASE, Spring v4.3.12.RELEASE 
2017-12-14 10:22:20 INFO [Class:o.s.b.SpringApplication->Thread:main] No active profile set, falling back to default profiles: default 
2017-12-14 10:22:21 INFO [Class:o.s.c.s.AbstractApplicationContext->Thread:main] Refreshing org.springframework.context.annotation.AnnotationConfigApplicationContext@4b013c76: startup date [Thu Dec 14 10:22:21 CST 2017]; root of context hierarchy 
2017-12-14 10:22:21 WARN [Class:o.m.s.m.ClassPathMapperScanner->Thread:main] No MyBatis mapper was found in '[com.gitee.myclouds.builder]' package. Please check your configuration. 
2017-12-14 10:22:22 INFO [Class:o.s.j.e.MBeanExporter->Thread:main] Registering beans for JMX exposure on startup 
2017-12-14 10:22:24 INFO [Class:c.g.m.b.s.BuildDaoService->Thread:main] PO Java文件生成成功。[G:/01.MyClouds/svn/myclouds-builder/src/test/java/com/gitee/myclouds/builder/test/mapper/SysParamPO.java] 
2017-12-14 10:22:24 INFO [Class:c.g.m.b.s.BuildDaoService->Thread:main] Mapper Java文件生成成功。[G:/01.MyClouds/svn/myclouds-builder/src/test/java/com/gitee/myclouds/builder/test/mapper/SysParamMapper.java] 
2017-12-14 10:22:24 INFO [Class:c.g.m.b.s.BuildDaoService->Thread:main] Mapper Xml文件生成成功。[G:/01.MyClouds/svn/myclouds-builder/src/test/java/com/gitee/myclouds/builder/test/mapper/SysParamMapper.xml] 
2017-12-14 10:22:24 WARN [Class:c.g.m.b.s.BuildDaoService->Thread:main] 表[sys_test_code]不存在，请检查。 
2017-12-14 10:22:24 INFO [Class:c.g.m.b.s.BuildDaoService->Thread:main] 文件生成完成，请刷新工程目录文件。 
2017-12-14 10:22:24 INFO [Class:o.s.b.StartupInfoLogger->Thread:main] Started BuilderApplication in 3.952 seconds (JVM running for 4.935) 
2017-12-14 10:22:24 INFO [Class:o.s.c.s.AbstractApplicationContext->Thread:Thread-3] Closing org.springframework.context.annotation.AnnotationConfigApplicationContext@4b013c76: startup date [Thu Dec 14 10:22:21 CST 2017]; root of context hierarchy 
2017-12-14 10:22:24 INFO [Class:o.s.j.e.MBeanExporter->Thread:Thread-3] Unregistering JMX-exposed beans on shutdown 
2017-12-14 10:23:25 INFO [Class:o.s.b.StartupInfoLogger->Thread:main] Starting BuilderApplication on mababa with PID 15580 (G:\01.MyClouds\svn\myclouds-builder\target\classes started by lenovo in G:\01.MyClouds\svn\myclouds-builder) 
2017-12-14 10:23:25 DEBUG [Class:o.s.b.StartupInfoLogger->Thread:main] Running with Spring Boot v1.5.8.RELEASE, Spring v4.3.12.RELEASE 
2017-12-14 10:23:25 INFO [Class:o.s.b.SpringApplication->Thread:main] No active profile set, falling back to default profiles: default 
2017-12-14 10:23:25 INFO [Class:o.s.c.s.AbstractApplicationContext->Thread:main] Refreshing org.springframework.context.annotation.AnnotationConfigApplicationContext@4b013c76: startup date [Thu Dec 14 10:23:25 CST 2017]; root of context hierarchy 
2017-12-14 10:23:26 WARN [Class:o.m.s.m.ClassPathMapperScanner->Thread:main] No MyBatis mapper was found in '[com.gitee.myclouds.builder]' package. Please check your configuration. 
2017-12-14 10:23:27 INFO [Class:o.s.j.e.MBeanExporter->Thread:main] Registering beans for JMX exposure on startup 
2017-12-14 10:23:28 INFO [Class:c.g.m.b.s.BuildDaoService->Thread:main] PO Java文件生成成功。[G:/01.MyClouds/svn/myclouds-builder/src/test/java/com/gitee/myclouds/builder/test/mapper/SysParamPO.java] 
2017-12-14 10:23:29 INFO [Class:c.g.m.b.s.BuildDaoService->Thread:main] Mapper Java文件生成成功。[G:/01.MyClouds/svn/myclouds-builder/src/test/java/com/gitee/myclouds/builder/test/mapper/SysParamMapper.java] 
2017-12-14 10:23:29 INFO [Class:c.g.m.b.s.BuildDaoService->Thread:main] Mapper Xml文件生成成功。[G:/01.MyClouds/svn/myclouds-builder/src/test/java/com/gitee/myclouds/builder/test/mapper/SysParamMapper.xml] 
2017-12-14 10:23:29 WARN [Class:c.g.m.b.s.BuildDaoService->Thread:main] 表[sys_test_code]不存在，请检查。 
2017-12-14 10:23:29 INFO [Class:c.g.m.b.s.BuildDaoService->Thread:main] 文件生成完成，请刷新工程目录。 
2017-12-14 10:23:29 INFO [Class:o.s.b.StartupInfoLogger->Thread:main] Started BuilderApplication in 4.17 seconds (JVM running for 5.13) 
2017-12-14 10:23:29 INFO [Class:o.s.c.s.AbstractApplicationContext->Thread:Thread-3] Closing org.springframework.context.annotation.AnnotationConfigApplicationContext@4b013c76: startup date [Thu Dec 14 10:23:25 CST 2017]; root of context hierarchy 
2017-12-14 10:23:29 INFO [Class:o.s.j.e.MBeanExporter->Thread:Thread-3] Unregistering JMX-exposed beans on shutdown 
2017-12-14 12:35:37 INFO [Class:o.s.b.StartupInfoLogger->Thread:main] Starting BuilderApplication on mababa with PID 21688 (G:\01.MyClouds\svn\myclouds-builder\target\classes started by lenovo in G:\01.MyClouds\svn\myclouds-builder) 
2017-12-14 12:35:37 DEBUG [Class:o.s.b.StartupInfoLogger->Thread:main] Running with Spring Boot v1.5.8.RELEASE, Spring v4.3.12.RELEASE 
2017-12-14 12:35:37 INFO [Class:o.s.b.SpringApplication->Thread:main] No active profile set, falling back to default profiles: default 
2017-12-14 12:35:37 INFO [Class:o.s.c.s.AbstractApplicationContext->Thread:main] Refreshing org.springframework.context.annotation.AnnotationConfigApplicationContext@4b013c76: startup date [Thu Dec 14 12:35:37 CST 2017]; root of context hierarchy 
2017-12-14 12:35:38 WARN [Class:o.m.s.m.ClassPathMapperScanner->Thread:main] No MyBatis mapper was found in '[com.gitee.myclouds.builder]' package. Please check your configuration. 
2017-12-14 12:35:40 INFO [Class:o.s.j.e.MBeanExporter->Thread:main] Registering beans for JMX exposure on startup 
2017-12-14 12:35:41 INFO [Class:c.g.m.b.s.BuildDaoService->Thread:main] PO Java文件生成成功。[G:/01.MyClouds/svn/myclouds-builder/src/test/java/com/gitee/myclouds/builder/test/mapper/SysParamPO.java] 
2017-12-14 12:35:41 INFO [Class:c.g.m.b.s.BuildDaoService->Thread:main] Mapper Java文件生成成功。[G:/01.MyClouds/svn/myclouds-builder/src/test/java/com/gitee/myclouds/builder/test/mapper/SysParamMapper.java] 
2017-12-14 12:35:41 INFO [Class:c.g.m.b.s.BuildDaoService->Thread:main] Mapper Xml文件生成成功。[G:/01.MyClouds/svn/myclouds-builder/src/test/java/com/gitee/myclouds/builder/test/mapper/SysParamMapper.xml] 
2017-12-14 12:35:41 WARN [Class:c.g.m.b.s.BuildDaoService->Thread:main] 表[sys_test_code]不存在，请检查。 
2017-12-14 12:35:41 INFO [Class:c.g.m.b.s.BuildDaoService->Thread:main] 文件生成完成，请刷新工程目录。 
2017-12-14 12:35:41 INFO [Class:o.s.b.StartupInfoLogger->Thread:main] Started BuilderApplication in 4.74 seconds (JVM running for 6.388) 
2017-12-14 12:35:41 INFO [Class:o.s.c.s.AbstractApplicationContext->Thread:Thread-3] Closing org.springframework.context.annotation.AnnotationConfigApplicationContext@4b013c76: startup date [Thu Dec 14 12:35:37 CST 2017]; root of context hierarchy 
2017-12-14 12:35:41 INFO [Class:o.s.j.e.MBeanExporter->Thread:Thread-3] Unregistering JMX-exposed beans on shutdown 
2017-12-14 12:40:50 INFO [Class:o.s.b.StartupInfoLogger->Thread:main] Starting BuilderApplication on mababa with PID 22076 (G:\01.MyClouds\svn\myclouds-builder\target\classes started by lenovo in G:\01.MyClouds\svn\myclouds-builder) 
2017-12-14 12:40:50 DEBUG [Class:o.s.b.StartupInfoLogger->Thread:main] Running with Spring Boot v1.5.8.RELEASE, Spring v4.3.12.RELEASE 
2017-12-14 12:40:50 INFO [Class:o.s.b.SpringApplication->Thread:main] No active profile set, falling back to default profiles: default 
2017-12-14 12:40:50 INFO [Class:o.s.c.s.AbstractApplicationContext->Thread:main] Refreshing org.springframework.context.annotation.AnnotationConfigApplicationContext@3bcd05cb: startup date [Thu Dec 14 12:40:50 CST 2017]; root of context hierarchy 
2017-12-14 12:40:51 WARN [Class:o.m.s.m.ClassPathMapperScanner->Thread:main] No MyBatis mapper was found in '[com.gitee.myclouds.builder]' package. Please check your configuration. 
2017-12-14 12:40:53 INFO [Class:o.s.j.e.MBeanExporter->Thread:main] Registering beans for JMX exposure on startup 
2017-12-14 12:40:54 INFO [Class:c.g.m.b.s.BuildDaoService->Thread:main] SysParamPO.java文件生成成功。[G:/01.MyClouds/svn/myclouds-builder/src/test/java/com/gitee/myclouds/builder/test/mapper/SysParamPO.java] 
2017-12-14 12:40:54 INFO [Class:c.g.m.b.s.BuildDaoService->Thread:main] SysParamMapper.java文件生成成功。[G:/01.MyClouds/svn/myclouds-builder/src/test/java/com/gitee/myclouds/builder/test/mapper/SysParamMapper.java] 
2017-12-14 12:40:54 INFO [Class:c.g.m.b.s.BuildDaoService->Thread:main] SysParamMapper.java文件生成成功。[G:/01.MyClouds/svn/myclouds-builder/src/test/java/com/gitee/myclouds/builder/test/mapper/SysParamMapper.java] 
2017-12-14 12:40:54 WARN [Class:c.g.m.b.s.BuildDaoService->Thread:main] 表[sys_test_code]不存在，请检查。 
2017-12-14 12:40:54 INFO [Class:c.g.m.b.s.BuildDaoService->Thread:main] 文件生成完成，请刷新工程目录。 
2017-12-14 12:40:54 INFO [Class:o.s.b.StartupInfoLogger->Thread:main] Started BuilderApplication in 4.461 seconds (JVM running for 5.468) 
2017-12-14 12:40:54 INFO [Class:o.s.c.s.AbstractApplicationContext->Thread:Thread-3] Closing org.springframework.context.annotation.AnnotationConfigApplicationContext@3bcd05cb: startup date [Thu Dec 14 12:40:50 CST 2017]; root of context hierarchy 
2017-12-14 12:40:54 INFO [Class:o.s.j.e.MBeanExporter->Thread:Thread-3] Unregistering JMX-exposed beans on shutdown 
2017-12-14 12:41:43 INFO [Class:o.s.b.StartupInfoLogger->Thread:main] Starting BuilderApplication on mababa with PID 23876 (G:\01.MyClouds\svn\myclouds-builder\target\classes started by lenovo in G:\01.MyClouds\svn\myclouds-builder) 
2017-12-14 12:41:43 DEBUG [Class:o.s.b.StartupInfoLogger->Thread:main] Running with Spring Boot v1.5.8.RELEASE, Spring v4.3.12.RELEASE 
2017-12-14 12:41:43 INFO [Class:o.s.b.SpringApplication->Thread:main] No active profile set, falling back to default profiles: default 
2017-12-14 12:41:43 INFO [Class:o.s.c.s.AbstractApplicationContext->Thread:main] Refreshing org.springframework.context.annotation.AnnotationConfigApplicationContext@3bcd05cb: startup date [Thu Dec 14 12:41:43 CST 2017]; root of context hierarchy 
2017-12-14 12:41:43 WARN [Class:o.m.s.m.ClassPathMapperScanner->Thread:main] No MyBatis mapper was found in '[com.gitee.myclouds.builder]' package. Please check your configuration. 
2017-12-14 12:41:45 INFO [Class:o.s.j.e.MBeanExporter->Thread:main] Registering beans for JMX exposure on startup 
2017-12-14 12:41:46 INFO [Class:c.g.m.b.s.BuildDaoService->Thread:main] 【SysParamPO.java】文件生成成功。[G:/01.MyClouds/svn/myclouds-builder/src/test/java/com/gitee/myclouds/builder/test/mapper/SysParamPO.java] 
2017-12-14 12:41:46 INFO [Class:c.g.m.b.s.BuildDaoService->Thread:main] 【SysParamMapper.java】文件生成成功。[G:/01.MyClouds/svn/myclouds-builder/src/test/java/com/gitee/myclouds/builder/test/mapper/SysParamMapper.java] 
2017-12-14 12:41:46 INFO [Class:c.g.m.b.s.BuildDaoService->Thread:main] 【SysParamMapper.xml】文件生成成功。[G:/01.MyClouds/svn/myclouds-builder/src/test/java/com/gitee/myclouds/builder/test/mapper/SysParamMapper.xml] 
2017-12-14 12:41:46 WARN [Class:c.g.m.b.s.BuildDaoService->Thread:main] 表[sys_test_code]不存在，请检查。 
2017-12-14 12:41:46 INFO [Class:c.g.m.b.s.BuildDaoService->Thread:main] 文件生成完成，请刷新工程目录。 
2017-12-14 12:41:46 INFO [Class:o.s.b.StartupInfoLogger->Thread:main] Started BuilderApplication in 3.993 seconds (JVM running for 5.074) 
2017-12-14 12:41:46 INFO [Class:o.s.c.s.AbstractApplicationContext->Thread:Thread-3] Closing org.springframework.context.annotation.AnnotationConfigApplicationContext@3bcd05cb: startup date [Thu Dec 14 12:41:43 CST 2017]; root of context hierarchy 
2017-12-14 12:41:46 INFO [Class:o.s.j.e.MBeanExporter->Thread:Thread-3] Unregistering JMX-exposed beans on shutdown 
2017-12-14 13:38:05 INFO [Class:o.s.b.StartupInfoLogger->Thread:main] Starting BuilderApplication on mababa with PID 26312 (G:\01.MyClouds\svn\myclouds-builder\target\classes started by lenovo in G:\01.MyClouds\svn\myclouds-builder) 
2017-12-14 13:38:05 DEBUG [Class:o.s.b.StartupInfoLogger->Thread:main] Running with Spring Boot v1.5.8.RELEASE, Spring v4.3.12.RELEASE 
2017-12-14 13:38:05 INFO [Class:o.s.b.SpringApplication->Thread:main] No active profile set, falling back to default profiles: default 
2017-12-14 13:38:05 INFO [Class:o.s.c.s.AbstractApplicationContext->Thread:main] Refreshing org.springframework.context.annotation.AnnotationConfigApplicationContext@4b013c76: startup date [Thu Dec 14 13:38:05 CST 2017]; root of context hierarchy 
2017-12-14 13:38:06 WARN [Class:o.m.s.m.ClassPathMapperScanner->Thread:main] No MyBatis mapper was found in '[com.gitee.myclouds.builder]' package. Please check your configuration. 
2017-12-14 13:38:07 INFO [Class:o.s.j.e.MBeanExporter->Thread:main] Registering beans for JMX exposure on startup 
2017-12-14 13:38:08 WARN [Class:o.s.c.s.AbstractApplicationContext->Thread:main] Exception encountered during context initialization - cancelling refresh attempt: org.springframework.beans.factory.NoSuchBeanDefinitionException: No bean named 'builderDomainService' available 
2017-12-14 13:38:08 INFO [Class:o.s.j.e.MBeanExporter->Thread:main] Unregistering JMX-exposed beans on shutdown 
2017-12-14 13:38:08 INFO [Class:o.s.b.a.l.AutoConfigurationReportLoggingInitializer->Thread:main] 

Error starting ApplicationContext. To display the auto-configuration report re-run your application with 'debug' enabled. 
2017-12-14 13:38:08 ERROR [Class:o.s.b.d.LoggingFailureAnalysisReporter->Thread:main] 

***************************
APPLICATION FAILED TO START
***************************

Description:

A component required a bean named 'builderDomainService' that could not be found.


Action:

Consider defining a bean named 'builderDomainService' in your configuration.
 
2017-12-14 13:39:28 INFO [Class:o.s.b.StartupInfoLogger->Thread:main] Starting BuilderApplication on mababa with PID 24712 (G:\01.MyClouds\svn\myclouds-builder\target\classes started by lenovo in G:\01.MyClouds\svn\myclouds-builder) 
2017-12-14 13:39:28 DEBUG [Class:o.s.b.StartupInfoLogger->Thread:main] Running with Spring Boot v1.5.8.RELEASE, Spring v4.3.12.RELEASE 
2017-12-14 13:39:28 INFO [Class:o.s.b.SpringApplication->Thread:main] No active profile set, falling back to default profiles: default 
2017-12-14 13:39:28 INFO [Class:o.s.c.s.AbstractApplicationContext->Thread:main] Refreshing org.springframework.context.annotation.AnnotationConfigApplicationContext@4b013c76: startup date [Thu Dec 14 13:39:28 CST 2017]; root of context hierarchy 
2017-12-14 13:39:29 WARN [Class:o.m.s.m.ClassPathMapperScanner->Thread:main] No MyBatis mapper was found in '[com.gitee.myclouds.builder]' package. Please check your configuration. 
2017-12-14 13:39:30 INFO [Class:o.s.j.e.MBeanExporter->Thread:main] Registering beans for JMX exposure on startup 
2017-12-14 13:39:32 INFO [Class:c.g.m.b.s.BuildDomainService->Thread:main] 【SysParamEntity.java】文件生成成功。[G:/01.MyClouds/svn/myclouds-builder/src/test/java/com/gitee/myclouds/builder/test/domain/sys_paramSysParamEntity.java] 
2017-12-14 13:39:32 INFO [Class:c.g.m.b.s.BuildDomainService->Thread:main] 【SysParamMapper.java】文件生成成功。[G:/01.MyClouds/svn/myclouds-builder/src/test/java/com/gitee/myclouds/builder/test/domain/sys_paramSysParamMapper.java] 
2017-12-14 13:39:32 INFO [Class:c.g.m.b.s.BuildDomainService->Thread:main] 【SysParamMapper.xml】文件生成成功。[G:/01.MyClouds/svn/myclouds-builder/src/test/java/com/gitee/myclouds/builder/test/domain/sys_paramSysParamMapper.xml] 
2017-12-14 13:39:32 INFO [Class:c.g.m.b.s.BuildDomainService->Thread:main] 【DemoAccountEntity.java】文件生成成功。[G:/01.MyClouds/svn/myclouds-builder/src/test/java/com/gitee/myclouds/builder/test/domain/demo_accountDemoAccountEntity.java] 
2017-12-14 13:39:32 INFO [Class:c.g.m.b.s.BuildDomainService->Thread:main] 【DemoAccountMapper.java】文件生成成功。[G:/01.MyClouds/svn/myclouds-builder/src/test/java/com/gitee/myclouds/builder/test/domain/demo_accountDemoAccountMapper.java] 
2017-12-14 13:39:32 INFO [Class:c.g.m.b.s.BuildDomainService->Thread:main] 【DemoAccountMapper.xml】文件生成成功。[G:/01.MyClouds/svn/myclouds-builder/src/test/java/com/gitee/myclouds/builder/test/domain/demo_accountDemoAccountMapper.xml] 
2017-12-14 13:39:32 INFO [Class:c.g.m.b.s.BuildDomainService->Thread:main] 文件生成完成，请刷新工程目录。 
2017-12-14 13:39:32 INFO [Class:o.s.b.StartupInfoLogger->Thread:main] Started BuilderApplication in 4.719 seconds (JVM running for 5.809) 
2017-12-14 13:39:32 INFO [Class:o.s.c.s.AbstractApplicationContext->Thread:Thread-3] Closing org.springframework.context.annotation.AnnotationConfigApplicationContext@4b013c76: startup date [Thu Dec 14 13:39:28 CST 2017]; root of context hierarchy 
2017-12-14 13:39:32 INFO [Class:o.s.j.e.MBeanExporter->Thread:Thread-3] Unregistering JMX-exposed beans on shutdown 
2017-12-14 13:48:28 INFO [Class:o.s.b.StartupInfoLogger->Thread:main] Starting BuilderApplication on mababa with PID 8400 (G:\01.MyClouds\svn\myclouds-builder\target\classes started by lenovo in G:\01.MyClouds\svn\myclouds-builder) 
2017-12-14 13:48:28 DEBUG [Class:o.s.b.StartupInfoLogger->Thread:main] Running with Spring Boot v1.5.8.RELEASE, Spring v4.3.12.RELEASE 
2017-12-14 13:48:28 INFO [Class:o.s.b.SpringApplication->Thread:main] No active profile set, falling back to default profiles: default 
2017-12-14 13:48:28 INFO [Class:o.s.c.s.AbstractApplicationContext->Thread:main] Refreshing org.springframework.context.annotation.AnnotationConfigApplicationContext@4b013c76: startup date [Thu Dec 14 13:48:28 CST 2017]; root of context hierarchy 
2017-12-14 13:48:28 WARN [Class:o.m.s.m.ClassPathMapperScanner->Thread:main] No MyBatis mapper was found in '[com.gitee.myclouds.builder]' package. Please check your configuration. 
2017-12-14 13:48:30 INFO [Class:o.s.j.e.MBeanExporter->Thread:main] Registering beans for JMX exposure on startup 
2017-12-14 13:48:31 INFO [Class:c.g.m.b.s.BuildDomainService->Thread:main] 【SysParamEntity.java】文件生成成功。[G:/01.MyClouds/svn/myclouds-builder/src/test/java/com/gitee/myclouds/builder/test/domain//SysParamEntity.java] 
2017-12-14 13:48:31 INFO [Class:c.g.m.b.s.BuildDomainService->Thread:main] 【SysParamMapper.java】文件生成成功。[G:/01.MyClouds/svn/myclouds-builder/src/test/java/com/gitee/myclouds/builder/test/domain//SysParamMapper.java] 
2017-12-14 13:48:32 INFO [Class:c.g.m.b.s.BuildDomainService->Thread:main] 【SysParamMapper.xml】文件生成成功。[G:/01.MyClouds/svn/myclouds-builder/src/test/java/com/gitee/myclouds/builder/test/domain//SysParamMapper.xml] 
2017-12-14 13:48:32 INFO [Class:c.g.m.b.s.BuildDomainService->Thread:main] 【DemoAccountEntity.java】文件生成成功。[G:/01.MyClouds/svn/myclouds-builder/src/test/java/com/gitee/myclouds/builder/test/domain//DemoAccountEntity.java] 
2017-12-14 13:48:32 INFO [Class:c.g.m.b.s.BuildDomainService->Thread:main] 【DemoAccountMapper.java】文件生成成功。[G:/01.MyClouds/svn/myclouds-builder/src/test/java/com/gitee/myclouds/builder/test/domain//DemoAccountMapper.java] 
2017-12-14 13:48:32 INFO [Class:c.g.m.b.s.BuildDomainService->Thread:main] 【DemoAccountMapper.xml】文件生成成功。[G:/01.MyClouds/svn/myclouds-builder/src/test/java/com/gitee/myclouds/builder/test/domain//DemoAccountMapper.xml] 
2017-12-14 13:48:32 INFO [Class:c.g.m.b.s.BuildDomainService->Thread:main] 文件生成完成，请刷新工程目录。 
2017-12-14 13:48:32 INFO [Class:o.s.b.StartupInfoLogger->Thread:main] Started BuilderApplication in 4.817 seconds (JVM running for 5.959) 
2017-12-14 13:48:32 INFO [Class:o.s.c.s.AbstractApplicationContext->Thread:Thread-3] Closing org.springframework.context.annotation.AnnotationConfigApplicationContext@4b013c76: startup date [Thu Dec 14 13:48:28 CST 2017]; root of context hierarchy 
2017-12-14 13:48:32 INFO [Class:o.s.j.e.MBeanExporter->Thread:Thread-3] Unregistering JMX-exposed beans on shutdown 
2017-12-14 13:49:16 INFO [Class:o.s.b.StartupInfoLogger->Thread:main] Starting BuilderApplication on mababa with PID 27768 (G:\01.MyClouds\svn\myclouds-builder\target\classes started by lenovo in G:\01.MyClouds\svn\myclouds-builder) 
2017-12-14 13:49:16 DEBUG [Class:o.s.b.StartupInfoLogger->Thread:main] Running with Spring Boot v1.5.8.RELEASE, Spring v4.3.12.RELEASE 
2017-12-14 13:49:16 INFO [Class:o.s.b.SpringApplication->Thread:main] No active profile set, falling back to default profiles: default 
2017-12-14 13:49:16 INFO [Class:o.s.c.s.AbstractApplicationContext->Thread:main] Refreshing org.springframework.context.annotation.AnnotationConfigApplicationContext@4b013c76: startup date [Thu Dec 14 13:49:16 CST 2017]; root of context hierarchy 
2017-12-14 13:49:16 WARN [Class:o.m.s.m.ClassPathMapperScanner->Thread:main] No MyBatis mapper was found in '[com.gitee.myclouds.builder]' package. Please check your configuration. 
2017-12-14 13:49:18 INFO [Class:o.s.j.e.MBeanExporter->Thread:main] Registering beans for JMX exposure on startup 
2017-12-14 13:49:19 INFO [Class:c.g.m.b.s.BuildDomainService->Thread:main] 【SysParamEntity.java】文件生成成功。[G:/01.MyClouds/svn/myclouds-builder/src/test/java/com/gitee/myclouds/builder/test/domain/sysparam/SysParamEntity.java] 
2017-12-14 13:49:19 INFO [Class:c.g.m.b.s.BuildDomainService->Thread:main] 【SysParamMapper.java】文件生成成功。[G:/01.MyClouds/svn/myclouds-builder/src/test/java/com/gitee/myclouds/builder/test/domain/sysparam/SysParamMapper.java] 
2017-12-14 13:49:20 INFO [Class:c.g.m.b.s.BuildDomainService->Thread:main] 【SysParamMapper.xml】文件生成成功。[G:/01.MyClouds/svn/myclouds-builder/src/test/java/com/gitee/myclouds/builder/test/domain/sysparam/SysParamMapper.xml] 
2017-12-14 13:49:20 INFO [Class:c.g.m.b.s.BuildDomainService->Thread:main] 【DemoAccountEntity.java】文件生成成功。[G:/01.MyClouds/svn/myclouds-builder/src/test/java/com/gitee/myclouds/builder/test/domain/demoaccount/DemoAccountEntity.java] 
2017-12-14 13:49:20 INFO [Class:c.g.m.b.s.BuildDomainService->Thread:main] 【DemoAccountMapper.java】文件生成成功。[G:/01.MyClouds/svn/myclouds-builder/src/test/java/com/gitee/myclouds/builder/test/domain/demoaccount/DemoAccountMapper.java] 
2017-12-14 13:49:20 INFO [Class:c.g.m.b.s.BuildDomainService->Thread:main] 【DemoAccountMapper.xml】文件生成成功。[G:/01.MyClouds/svn/myclouds-builder/src/test/java/com/gitee/myclouds/builder/test/domain/demoaccount/DemoAccountMapper.xml] 
2017-12-14 13:49:20 INFO [Class:c.g.m.b.s.BuildDomainService->Thread:main] 文件生成完成，请刷新工程目录。 
2017-12-14 13:49:20 INFO [Class:o.s.b.StartupInfoLogger->Thread:main] Started BuilderApplication in 4.691 seconds (JVM running for 5.67) 
2017-12-14 13:49:20 INFO [Class:o.s.c.s.AbstractApplicationContext->Thread:Thread-3] Closing org.springframework.context.annotation.AnnotationConfigApplicationContext@4b013c76: startup date [Thu Dec 14 13:49:16 CST 2017]; root of context hierarchy 
2017-12-14 13:49:20 INFO [Class:o.s.j.e.MBeanExporter->Thread:Thread-3] Unregistering JMX-exposed beans on shutdown 
2017-12-14 13:51:33 INFO [Class:o.s.b.StartupInfoLogger->Thread:main] Starting BuilderApplication on mababa with PID 28436 (G:\01.MyClouds\svn\myclouds-builder\target\classes started by lenovo in G:\01.MyClouds\svn\myclouds-builder) 
2017-12-14 13:51:33 DEBUG [Class:o.s.b.StartupInfoLogger->Thread:main] Running with Spring Boot v1.5.8.RELEASE, Spring v4.3.12.RELEASE 
2017-12-14 13:51:33 INFO [Class:o.s.b.SpringApplication->Thread:main] No active profile set, falling back to default profiles: default 
2017-12-14 13:51:33 INFO [Class:o.s.c.s.AbstractApplicationContext->Thread:main] Refreshing org.springframework.context.annotation.AnnotationConfigApplicationContext@4b013c76: startup date [Thu Dec 14 13:51:33 CST 2017]; root of context hierarchy 
2017-12-14 13:51:33 WARN [Class:o.m.s.m.ClassPathMapperScanner->Thread:main] No MyBatis mapper was found in '[com.gitee.myclouds.builder]' package. Please check your configuration. 
2017-12-14 13:51:35 INFO [Class:o.s.j.e.MBeanExporter->Thread:main] Registering beans for JMX exposure on startup 
2017-12-14 13:51:36 INFO [Class:c.g.m.b.s.BuildDomainService->Thread:main] 【SysParamEntity.java】文件生成成功。[G:/01.MyClouds/svn/myclouds-builder/src/test/java/com/gitee/myclouds/builder/test/domain/sysparam/SysParamEntity.java] 
2017-12-14 13:51:36 INFO [Class:c.g.m.b.s.BuildDomainService->Thread:main] 【SysParamMapper.java】文件生成成功。[G:/01.MyClouds/svn/myclouds-builder/src/test/java/com/gitee/myclouds/builder/test/domain/sysparam/SysParamMapper.java] 
2017-12-14 13:51:36 INFO [Class:c.g.m.b.s.BuildDomainService->Thread:main] 【SysParamMapper.xml】文件生成成功。[G:/01.MyClouds/svn/myclouds-builder/src/test/java/com/gitee/myclouds/builder/test/domain/sysparam/SysParamMapper.xml] 
2017-12-14 13:51:36 INFO [Class:c.g.m.b.s.BuildDomainService->Thread:main] 【DemoAccountEntity.java】文件生成成功。[G:/01.MyClouds/svn/myclouds-builder/src/test/java/com/gitee/myclouds/builder/test/domain/demoaccount/DemoAccountEntity.java] 
2017-12-14 13:51:36 INFO [Class:c.g.m.b.s.BuildDomainService->Thread:main] 【DemoAccountMapper.java】文件生成成功。[G:/01.MyClouds/svn/myclouds-builder/src/test/java/com/gitee/myclouds/builder/test/domain/demoaccount/DemoAccountMapper.java] 
2017-12-14 13:51:36 INFO [Class:c.g.m.b.s.BuildDomainService->Thread:main] 【DemoAccountMapper.xml】文件生成成功。[G:/01.MyClouds/svn/myclouds-builder/src/test/java/com/gitee/myclouds/builder/test/domain/demoaccount/DemoAccountMapper.xml] 
2017-12-14 13:51:36 INFO [Class:c.g.m.b.s.BuildDomainService->Thread:main] 文件生成完成，请刷新工程目录。 
2017-12-14 13:51:36 INFO [Class:o.s.b.StartupInfoLogger->Thread:main] Started BuilderApplication in 4.224 seconds (JVM running for 5.428) 
2017-12-14 13:51:36 INFO [Class:o.s.c.s.AbstractApplicationContext->Thread:Thread-3] Closing org.springframework.context.annotation.AnnotationConfigApplicationContext@4b013c76: startup date [Thu Dec 14 13:51:33 CST 2017]; root of context hierarchy 
2017-12-14 13:51:36 INFO [Class:o.s.j.e.MBeanExporter->Thread:Thread-3] Unregistering JMX-exposed beans on shutdown 
2017-12-14 13:53:26 INFO [Class:o.s.b.StartupInfoLogger->Thread:main] Starting BuilderApplication on mababa with PID 28572 (G:\01.MyClouds\svn\myclouds-builder\target\classes started by lenovo in G:\01.MyClouds\svn\myclouds-builder) 
2017-12-14 13:53:26 DEBUG [Class:o.s.b.StartupInfoLogger->Thread:main] Running with Spring Boot v1.5.8.RELEASE, Spring v4.3.12.RELEASE 
2017-12-14 13:53:26 INFO [Class:o.s.b.SpringApplication->Thread:main] No active profile set, falling back to default profiles: default 
2017-12-14 13:53:26 INFO [Class:o.s.c.s.AbstractApplicationContext->Thread:main] Refreshing org.springframework.context.annotation.AnnotationConfigApplicationContext@4b013c76: startup date [Thu Dec 14 13:53:26 CST 2017]; root of context hierarchy 
2017-12-14 13:53:27 WARN [Class:o.m.s.m.ClassPathMapperScanner->Thread:main] No MyBatis mapper was found in '[com.gitee.myclouds.builder]' package. Please check your configuration. 
2017-12-14 13:53:28 INFO [Class:o.s.j.e.MBeanExporter->Thread:main] Registering beans for JMX exposure on startup 
2017-12-14 13:53:29 INFO [Class:c.g.m.b.s.BuildDomainService->Thread:main] 【SysParamEntity.java】文件生成成功。[G:/01.MyClouds/svn/myclouds-builder/src/test/java/com/gitee/myclouds/builder/test/domain/sysparam/SysParamEntity.java] 
2017-12-14 13:53:29 INFO [Class:c.g.m.b.s.BuildDomainService->Thread:main] 【SysParamMapper.java】文件生成成功。[G:/01.MyClouds/svn/myclouds-builder/src/test/java/com/gitee/myclouds/builder/test/domain/sysparam/SysParamMapper.java] 
2017-12-14 13:53:29 INFO [Class:c.g.m.b.s.BuildDomainService->Thread:main] 【SysParamMapper.xml】文件生成成功。[G:/01.MyClouds/svn/myclouds-builder/src/test/java/com/gitee/myclouds/builder/test/domain/sysparam/SysParamMapper.xml] 
2017-12-14 13:53:30 INFO [Class:c.g.m.b.s.BuildDomainService->Thread:main] 【DemoAccountEntity.java】文件生成成功。[G:/01.MyClouds/svn/myclouds-builder/src/test/java/com/gitee/myclouds/builder/test/domain/demoaccount/DemoAccountEntity.java] 
2017-12-14 13:53:30 INFO [Class:c.g.m.b.s.BuildDomainService->Thread:main] 【DemoAccountMapper.java】文件生成成功。[G:/01.MyClouds/svn/myclouds-builder/src/test/java/com/gitee/myclouds/builder/test/domain/demoaccount/DemoAccountMapper.java] 
2017-12-14 13:53:30 INFO [Class:c.g.m.b.s.BuildDomainService->Thread:main] 【DemoAccountMapper.xml】文件生成成功。[G:/01.MyClouds/svn/myclouds-builder/src/test/java/com/gitee/myclouds/builder/test/domain/demoaccount/DemoAccountMapper.xml] 
2017-12-14 13:53:30 INFO [Class:c.g.m.b.s.BuildDomainService->Thread:main] 文件生成完成，请刷新工程目录。 
2017-12-14 13:53:30 INFO [Class:o.s.b.StartupInfoLogger->Thread:main] Started BuilderApplication in 4.276 seconds (JVM running for 5.383) 
2017-12-14 13:53:30 INFO [Class:o.s.c.s.AbstractApplicationContext->Thread:Thread-3] Closing org.springframework.context.annotation.AnnotationConfigApplicationContext@4b013c76: startup date [Thu Dec 14 13:53:26 CST 2017]; root of context hierarchy 
2017-12-14 13:53:30 INFO [Class:o.s.j.e.MBeanExporter->Thread:Thread-3] Unregistering JMX-exposed beans on shutdown 
2017-12-14 13:55:21 INFO [Class:o.s.b.StartupInfoLogger->Thread:main] Starting BuilderApplication on mababa with PID 28452 (G:\01.MyClouds\svn\myclouds-builder\target\classes started by lenovo in G:\01.MyClouds\svn\myclouds-builder) 
2017-12-14 13:55:21 DEBUG [Class:o.s.b.StartupInfoLogger->Thread:main] Running with Spring Boot v1.5.8.RELEASE, Spring v4.3.12.RELEASE 
2017-12-14 13:55:21 INFO [Class:o.s.b.SpringApplication->Thread:main] No active profile set, falling back to default profiles: default 
2017-12-14 13:55:21 INFO [Class:o.s.c.s.AbstractApplicationContext->Thread:main] Refreshing org.springframework.context.annotation.AnnotationConfigApplicationContext@4b013c76: startup date [Thu Dec 14 13:55:21 CST 2017]; root of context hierarchy 
2017-12-14 13:55:22 WARN [Class:o.m.s.m.ClassPathMapperScanner->Thread:main] No MyBatis mapper was found in '[com.gitee.myclouds.builder]' package. Please check your configuration. 
2017-12-14 13:55:23 INFO [Class:o.s.j.e.MBeanExporter->Thread:main] Registering beans for JMX exposure on startup 
2017-12-14 13:55:24 INFO [Class:c.g.m.b.s.BuildDomainService->Thread:main] 【SysParamEntity.java】文件生成成功。[G:/01.MyClouds/svn/myclouds-builder/src/test/java/com/gitee/myclouds/builder/test/domain/sysparam/SysParamEntity.java] 
2017-12-14 13:55:25 INFO [Class:c.g.m.b.s.BuildDomainService->Thread:main] 【SysParamMapper.java】文件生成成功。[G:/01.MyClouds/svn/myclouds-builder/src/test/java/com/gitee/myclouds/builder/test/domain/sysparam/SysParamMapper.java] 
2017-12-14 13:55:25 INFO [Class:c.g.m.b.s.BuildDomainService->Thread:main] 【SysParamMapper.xml】文件生成成功。[G:/01.MyClouds/svn/myclouds-builder/src/test/java/com/gitee/myclouds/builder/test/domain/sysparam/SysParamMapper.xml] 
2017-12-14 13:55:25 INFO [Class:c.g.m.b.s.BuildDomainService->Thread:main] 【DemoAccountEntity.java】文件生成成功。[G:/01.MyClouds/svn/myclouds-builder/src/test/java/com/gitee/myclouds/builder/test/domain/demoaccount/DemoAccountEntity.java] 
2017-12-14 13:55:25 INFO [Class:c.g.m.b.s.BuildDomainService->Thread:main] 【DemoAccountMapper.java】文件生成成功。[G:/01.MyClouds/svn/myclouds-builder/src/test/java/com/gitee/myclouds/builder/test/domain/demoaccount/DemoAccountMapper.java] 
2017-12-14 13:55:25 INFO [Class:c.g.m.b.s.BuildDomainService->Thread:main] 【DemoAccountMapper.xml】文件生成成功。[G:/01.MyClouds/svn/myclouds-builder/src/test/java/com/gitee/myclouds/builder/test/domain/demoaccount/DemoAccountMapper.xml] 
2017-12-14 13:55:25 INFO [Class:c.g.m.b.s.BuildDomainService->Thread:main] 文件生成完成，请刷新工程目录。 
2017-12-14 13:55:25 INFO [Class:o.s.b.StartupInfoLogger->Thread:main] Started BuilderApplication in 4.203 seconds (JVM running for 5.303) 
2017-12-14 13:55:25 INFO [Class:o.s.c.s.AbstractApplicationContext->Thread:Thread-3] Closing org.springframework.context.annotation.AnnotationConfigApplicationContext@4b013c76: startup date [Thu Dec 14 13:55:21 CST 2017]; root of context hierarchy 
2017-12-14 13:55:25 INFO [Class:o.s.j.e.MBeanExporter->Thread:Thread-3] Unregistering JMX-exposed beans on shutdown 
2017-12-14 13:58:03 INFO [Class:o.s.b.StartupInfoLogger->Thread:main] Starting BuilderApplication on mababa with PID 28136 (G:\01.MyClouds\svn\myclouds-builder\target\classes started by lenovo in G:\01.MyClouds\svn\myclouds-builder) 
2017-12-14 13:58:03 DEBUG [Class:o.s.b.StartupInfoLogger->Thread:main] Running with Spring Boot v1.5.8.RELEASE, Spring v4.3.12.RELEASE 
2017-12-14 13:58:03 INFO [Class:o.s.b.SpringApplication->Thread:main] No active profile set, falling back to default profiles: default 
2017-12-14 13:58:03 INFO [Class:o.s.c.s.AbstractApplicationContext->Thread:main] Refreshing org.springframework.context.annotation.AnnotationConfigApplicationContext@4b013c76: startup date [Thu Dec 14 13:58:03 CST 2017]; root of context hierarchy 
2017-12-14 13:58:04 WARN [Class:o.m.s.m.ClassPathMapperScanner->Thread:main] No MyBatis mapper was found in '[com.gitee.myclouds.builder]' package. Please check your configuration. 
2017-12-14 13:58:05 INFO [Class:o.s.j.e.MBeanExporter->Thread:main] Registering beans for JMX exposure on startup 
2017-12-14 13:58:07 INFO [Class:c.g.m.b.s.BuildDomainService->Thread:main] 【SysParamEntity.java】文件生成成功。[G:/01.MyClouds/svn/myclouds-builder/src/test/java/com/gitee/myclouds/builder/test/domain/sysparam/SysParamEntity.java] 
2017-12-14 13:58:07 INFO [Class:c.g.m.b.s.BuildDomainService->Thread:main] 【SysParamMapper.java】文件生成成功。[G:/01.MyClouds/svn/myclouds-builder/src/test/java/com/gitee/myclouds/builder/test/domain/sysparam/SysParamMapper.java] 
2017-12-14 13:58:07 INFO [Class:c.g.m.b.s.BuildDomainService->Thread:main] 【SysParamMapper.xml】文件生成成功。[G:/01.MyClouds/svn/myclouds-builder/src/test/java/com/gitee/myclouds/builder/test/domain/sysparam/SysParamMapper.xml] 
2017-12-14 13:58:07 INFO [Class:c.g.m.b.s.BuildDomainService->Thread:main] 【DemoAccountEntity.java】文件生成成功。[G:/01.MyClouds/svn/myclouds-builder/src/test/java/com/gitee/myclouds/builder/test/domain/demoaccount/DemoAccountEntity.java] 
2017-12-14 13:58:07 INFO [Class:c.g.m.b.s.BuildDomainService->Thread:main] 【DemoAccountMapper.java】文件生成成功。[G:/01.MyClouds/svn/myclouds-builder/src/test/java/com/gitee/myclouds/builder/test/domain/demoaccount/DemoAccountMapper.java] 
2017-12-14 13:58:07 INFO [Class:c.g.m.b.s.BuildDomainService->Thread:main] 【DemoAccountMapper.xml】文件生成成功。[G:/01.MyClouds/svn/myclouds-builder/src/test/java/com/gitee/myclouds/builder/test/domain/demoaccount/DemoAccountMapper.xml] 
2017-12-14 13:58:07 INFO [Class:c.g.m.b.s.BuildDomainService->Thread:main] 文件生成完成，请刷新工程目录。 
2017-12-14 13:58:07 INFO [Class:o.s.b.StartupInfoLogger->Thread:main] Started BuilderApplication in 4.65 seconds (JVM running for 5.742) 
2017-12-14 13:58:07 INFO [Class:o.s.c.s.AbstractApplicationContext->Thread:Thread-3] Closing org.springframework.context.annotation.AnnotationConfigApplicationContext@4b013c76: startup date [Thu Dec 14 13:58:03 CST 2017]; root of context hierarchy 
2017-12-14 13:58:07 INFO [Class:o.s.j.e.MBeanExporter->Thread:Thread-3] Unregistering JMX-exposed beans on shutdown 
2017-12-14 13:59:56 INFO [Class:o.s.b.StartupInfoLogger->Thread:main] Starting BuilderApplication on mababa with PID 25212 (G:\01.MyClouds\svn\myclouds-builder\target\classes started by lenovo in G:\01.MyClouds\svn\myclouds-builder) 
2017-12-14 13:59:56 DEBUG [Class:o.s.b.StartupInfoLogger->Thread:main] Running with Spring Boot v1.5.8.RELEASE, Spring v4.3.12.RELEASE 
2017-12-14 13:59:56 INFO [Class:o.s.b.SpringApplication->Thread:main] No active profile set, falling back to default profiles: default 
2017-12-14 13:59:56 INFO [Class:o.s.c.s.AbstractApplicationContext->Thread:main] Refreshing org.springframework.context.annotation.AnnotationConfigApplicationContext@4b013c76: startup date [Thu Dec 14 13:59:56 CST 2017]; root of context hierarchy 
2017-12-14 13:59:57 WARN [Class:o.m.s.m.ClassPathMapperScanner->Thread:main] No MyBatis mapper was found in '[com.gitee.myclouds.builder]' package. Please check your configuration. 
2017-12-14 13:59:58 INFO [Class:o.s.j.e.MBeanExporter->Thread:main] Registering beans for JMX exposure on startup 
2017-12-14 13:59:59 INFO [Class:c.g.m.b.s.BuildDomainService->Thread:main] 【SysParamEntity.java】文件生成成功。[G:/01.MyClouds/svn/myclouds-builder/src/test/java/com/gitee/myclouds/builder/test/domain/sysparam/SysParamEntity.java] 
2017-12-14 13:59:59 INFO [Class:c.g.m.b.s.BuildDomainService->Thread:main] 【SysParamMapper.java】文件生成成功。[G:/01.MyClouds/svn/myclouds-builder/src/test/java/com/gitee/myclouds/builder/test/domain/sysparam/SysParamMapper.java] 
2017-12-14 13:59:59 INFO [Class:c.g.m.b.s.BuildDomainService->Thread:main] 【SysParamMapper.xml】文件生成成功。[G:/01.MyClouds/svn/myclouds-builder/src/test/java/com/gitee/myclouds/builder/test/domain/sysparam/SysParamMapper.xml] 
2017-12-14 13:59:59 INFO [Class:c.g.m.b.s.BuildDomainService->Thread:main] 【DemoAccountEntity.java】文件生成成功。[G:/01.MyClouds/svn/myclouds-builder/src/test/java/com/gitee/myclouds/builder/test/domain/demoaccount/DemoAccountEntity.java] 
2017-12-14 13:59:59 INFO [Class:c.g.m.b.s.BuildDomainService->Thread:main] 【DemoAccountMapper.java】文件生成成功。[G:/01.MyClouds/svn/myclouds-builder/src/test/java/com/gitee/myclouds/builder/test/domain/demoaccount/DemoAccountMapper.java] 
2017-12-14 14:00:00 INFO [Class:c.g.m.b.s.BuildDomainService->Thread:main] 【DemoAccountMapper.xml】文件生成成功。[G:/01.MyClouds/svn/myclouds-builder/src/test/java/com/gitee/myclouds/builder/test/domain/demoaccount/DemoAccountMapper.xml] 
2017-12-14 14:00:00 INFO [Class:c.g.m.b.s.BuildDomainService->Thread:main] 文件生成完成，请刷新工程目录。 
2017-12-14 14:00:00 INFO [Class:o.s.b.StartupInfoLogger->Thread:main] Started BuilderApplication in 4.17 seconds (JVM running for 5.178) 
2017-12-14 14:00:00 INFO [Class:o.s.c.s.AbstractApplicationContext->Thread:Thread-3] Closing org.springframework.context.annotation.AnnotationConfigApplicationContext@4b013c76: startup date [Thu Dec 14 13:59:56 CST 2017]; root of context hierarchy 
2017-12-14 14:00:00 INFO [Class:o.s.j.e.MBeanExporter->Thread:Thread-3] Unregistering JMX-exposed beans on shutdown 
