2018-01-22 15:37:54 INFO [Class:o.s.b.StartupInfoLogger->Thread:main] Starting StartBuilderApplication on mababa with PID 39944 (G:\01.MyClouds\svn\myclouds-builder\target\classes started by lenovo in G:\01.MyClouds\svn\myclouds-builder) 
2018-01-22 15:37:54 DEBUG [Class:o.s.b.StartupInfoLogger->Thread:main] Running with Spring Boot v1.5.8.RELEASE, Spring v4.3.12.RELEASE 
2018-01-22 15:37:54 INFO [Class:o.s.b.SpringApplication->Thread:main] No active profile set, falling back to default profiles: default 
2018-01-22 15:37:55 INFO [Class:o.s.c.s.AbstractApplicationContext->Thread:main] Refreshing org.springframework.context.annotation.AnnotationConfigApplicationContext@1e16c0aa: startup date [Mon Jan 22 15:37:55 CST 2018]; root of context hierarchy 
2018-01-22 15:37:56 WARN [Class:o.m.s.m.ClassPathMapperScanner->Thread:main] No MyBatis mapper was found in '[com.gitee.myclouds.builder]' package. Please check your configuration. 
2018-01-22 15:37:57 INFO [Class:o.s.j.e.MBeanExporter->Thread:main] Registering beans for JMX exposure on startup 
2018-01-22 15:39:47 INFO [Class:c.g.m.b.s.BuildDomainService->Thread:main] 【MyParamEntity.java】文件生成成功。[G:/01.MyClouds/svn/myclouds-admin/myclouds-admin-service/src/main/java/com/gitee/myclouds/admin/service/domain/myparam/MyParamEntity.java] 
2018-01-22 15:39:47 INFO [Class:c.g.m.b.s.BuildDomainService->Thread:main] 【MyParamMapper.java】文件生成成功。[G:/01.MyClouds/svn/myclouds-admin/myclouds-admin-service/src/main/java/com/gitee/myclouds/admin/service/domain/myparam/MyParamMapper.java] 
2018-01-22 15:39:47 INFO [Class:c.g.m.b.s.BuildDomainService->Thread:main] 【MyParamMapper.xml】文件生成成功。[G:/01.MyClouds/svn/myclouds-admin/myclouds-admin-service/src/main/java/com/gitee/myclouds/admin/service/domain/myparam/MyParamMapper.xml] 
2018-01-22 15:39:50 INFO [Class:c.g.m.b.s.BuildDomainService->Thread:main] 【MyEnumEntity.java】文件生成成功。[G:/01.MyClouds/svn/myclouds-admin/myclouds-admin-service/src/main/java/com/gitee/myclouds/admin/service/domain/myenum/MyEnumEntity.java] 
2018-01-22 15:39:50 INFO [Class:c.g.m.b.s.BuildDomainService->Thread:main] 【MyEnumMapper.java】文件生成成功。[G:/01.MyClouds/svn/myclouds-admin/myclouds-admin-service/src/main/java/com/gitee/myclouds/admin/service/domain/myenum/MyEnumMapper.java] 
2018-01-22 15:39:51 INFO [Class:c.g.m.b.s.BuildDomainService->Thread:main] 【MyEnumMapper.xml】文件生成成功。[G:/01.MyClouds/svn/myclouds-admin/myclouds-admin-service/src/main/java/com/gitee/myclouds/admin/service/domain/myenum/MyEnumMapper.xml] 
2018-01-22 15:39:51 INFO [Class:c.g.m.b.s.BuildDomainService->Thread:main] 文件生成完成，请刷新工程目录。 
2018-01-22 15:39:51 INFO [Class:o.s.b.StartupInfoLogger->Thread:main] Started StartBuilderApplication in 116.721 seconds (JVM running for 118.35) 
2018-01-22 15:39:51 INFO [Class:o.s.c.s.AbstractApplicationContext->Thread:Thread-3] Closing org.springframework.context.annotation.AnnotationConfigApplicationContext@1e16c0aa: startup date [Mon Jan 22 15:37:55 CST 2018]; root of context hierarchy 
2018-01-22 15:39:51 INFO [Class:o.s.j.e.MBeanExporter->Thread:Thread-3] Unregistering JMX-exposed beans on shutdown 
2018-01-22 15:40:37 INFO [Class:o.s.b.StartupInfoLogger->Thread:main] Starting StartBuilderApplication on mababa with PID 42984 (G:\01.MyClouds\svn\myclouds-builder\target\classes started by lenovo in G:\01.MyClouds\svn\myclouds-builder) 
2018-01-22 15:40:37 DEBUG [Class:o.s.b.StartupInfoLogger->Thread:main] Running with Spring Boot v1.5.8.RELEASE, Spring v4.3.12.RELEASE 
2018-01-22 15:40:37 INFO [Class:o.s.b.SpringApplication->Thread:main] No active profile set, falling back to default profiles: default 
2018-01-22 15:40:37 INFO [Class:o.s.c.s.AbstractApplicationContext->Thread:main] Refreshing org.springframework.context.annotation.AnnotationConfigApplicationContext@1e16c0aa: startup date [Mon Jan 22 15:40:37 CST 2018]; root of context hierarchy 
2018-01-22 15:40:38 WARN [Class:o.m.s.m.ClassPathMapperScanner->Thread:main] No MyBatis mapper was found in '[com.gitee.myclouds.builder]' package. Please check your configuration. 
2018-01-22 15:40:40 INFO [Class:o.s.j.e.MBeanExporter->Thread:main] Registering beans for JMX exposure on startup 
2018-01-22 15:40:41 INFO [Class:c.g.m.b.s.BuildDomainService->Thread:main] 【MyParamEntity.java】文件生成成功。[G:/01.MyClouds/svn/myclouds-admin/myclouds-admin-service/src/main/java/com/gitee/myclouds/admin/service/domain/myparam/MyParamEntity.java] 
2018-01-22 15:40:41 INFO [Class:c.g.m.b.s.BuildDomainService->Thread:main] 【MyParamMapper.java】文件生成成功。[G:/01.MyClouds/svn/myclouds-admin/myclouds-admin-service/src/main/java/com/gitee/myclouds/admin/service/domain/myparam/MyParamMapper.java] 
2018-01-22 15:40:41 INFO [Class:c.g.m.b.s.BuildDomainService->Thread:main] 【MyParamMapper.xml】文件生成成功。[G:/01.MyClouds/svn/myclouds-admin/myclouds-admin-service/src/main/java/com/gitee/myclouds/admin/service/domain/myparam/MyParamMapper.xml] 
2018-01-22 15:40:41 INFO [Class:c.g.m.b.s.BuildDomainService->Thread:main] 【MyEnumEntity.java】文件生成成功。[G:/01.MyClouds/svn/myclouds-admin/myclouds-admin-service/src/main/java/com/gitee/myclouds/admin/service/domain/myenum/MyEnumEntity.java] 
2018-01-22 15:40:41 INFO [Class:c.g.m.b.s.BuildDomainService->Thread:main] 【MyEnumMapper.java】文件生成成功。[G:/01.MyClouds/svn/myclouds-admin/myclouds-admin-service/src/main/java/com/gitee/myclouds/admin/service/domain/myenum/MyEnumMapper.java] 
2018-01-22 15:40:42 INFO [Class:c.g.m.b.s.BuildDomainService->Thread:main] 【MyEnumMapper.xml】文件生成成功。[G:/01.MyClouds/svn/myclouds-admin/myclouds-admin-service/src/main/java/com/gitee/myclouds/admin/service/domain/myenum/MyEnumMapper.xml] 
2018-01-22 15:40:42 INFO [Class:c.g.m.b.s.BuildDomainService->Thread:main] 文件生成完成，请刷新工程目录。 
2018-01-22 15:40:42 INFO [Class:o.s.b.StartupInfoLogger->Thread:main] Started StartBuilderApplication in 5.12 seconds (JVM running for 6.532) 
2018-01-22 15:40:42 INFO [Class:o.s.c.s.AbstractApplicationContext->Thread:Thread-3] Closing org.springframework.context.annotation.AnnotationConfigApplicationContext@1e16c0aa: startup date [Mon Jan 22 15:40:37 CST 2018]; root of context hierarchy 
2018-01-22 15:40:42 INFO [Class:o.s.j.e.MBeanExporter->Thread:Thread-3] Unregistering JMX-exposed beans on shutdown 
2018-01-22 15:41:20 INFO [Class:o.s.b.StartupInfoLogger->Thread:main] Starting StartBuilderApplication on mababa with PID 42672 (G:\01.MyClouds\svn\myclouds-builder\target\classes started by lenovo in G:\01.MyClouds\svn\myclouds-builder) 
2018-01-22 15:41:20 DEBUG [Class:o.s.b.StartupInfoLogger->Thread:main] Running with Spring Boot v1.5.8.RELEASE, Spring v4.3.12.RELEASE 
2018-01-22 15:41:20 INFO [Class:o.s.b.SpringApplication->Thread:main] No active profile set, falling back to default profiles: default 
2018-01-22 15:41:20 INFO [Class:o.s.c.s.AbstractApplicationContext->Thread:main] Refreshing org.springframework.context.annotation.AnnotationConfigApplicationContext@1e16c0aa: startup date [Mon Jan 22 15:41:20 CST 2018]; root of context hierarchy 
2018-01-22 15:41:21 WARN [Class:o.m.s.m.ClassPathMapperScanner->Thread:main] No MyBatis mapper was found in '[com.gitee.myclouds.builder]' package. Please check your configuration. 
2018-01-22 15:41:22 INFO [Class:o.s.j.e.MBeanExporter->Thread:main] Registering beans for JMX exposure on startup 
2018-01-22 15:41:23 INFO [Class:c.g.m.b.s.BuildDomainService->Thread:main] 【MyParamEntity.java】文件生成成功。[G:/01.MyClouds/svn/myclouds-admin/myclouds-admin-service/src/main/java/com/gitee/myclouds/admin/service/domain/myparam/MyParamEntity.java] 
2018-01-22 15:41:23 INFO [Class:c.g.m.b.s.BuildDomainService->Thread:main] 【MyParamMapper.java】文件生成成功。[G:/01.MyClouds/svn/myclouds-admin/myclouds-admin-service/src/main/java/com/gitee/myclouds/admin/service/domain/myparam/MyParamMapper.java] 
2018-01-22 15:41:24 INFO [Class:c.g.m.b.s.BuildDomainService->Thread:main] 【MyParamMapper.xml】文件生成成功。[G:/01.MyClouds/svn/myclouds-admin/myclouds-admin-service/src/main/java/com/gitee/myclouds/admin/service/domain/myparam/MyParamMapper.xml] 
2018-01-22 15:41:24 INFO [Class:c.g.m.b.s.BuildDomainService->Thread:main] 【MyEnumEntity.java】文件生成成功。[G:/01.MyClouds/svn/myclouds-admin/myclouds-admin-service/src/main/java/com/gitee/myclouds/admin/service/domain/myenum/MyEnumEntity.java] 
2018-01-22 15:41:24 INFO [Class:c.g.m.b.s.BuildDomainService->Thread:main] 【MyEnumMapper.java】文件生成成功。[G:/01.MyClouds/svn/myclouds-admin/myclouds-admin-service/src/main/java/com/gitee/myclouds/admin/service/domain/myenum/MyEnumMapper.java] 
2018-01-22 15:41:24 INFO [Class:c.g.m.b.s.BuildDomainService->Thread:main] 【MyEnumMapper.xml】文件生成成功。[G:/01.MyClouds/svn/myclouds-admin/myclouds-admin-service/src/main/java/com/gitee/myclouds/admin/service/domain/myenum/MyEnumMapper.xml] 
2018-01-22 15:41:24 INFO [Class:c.g.m.b.s.BuildDomainService->Thread:main] 文件生成完成，请刷新工程目录。 
2018-01-22 15:41:24 INFO [Class:o.s.b.StartupInfoLogger->Thread:main] Started StartBuilderApplication in 4.666 seconds (JVM running for 5.846) 
2018-01-22 15:41:24 INFO [Class:o.s.c.s.AbstractApplicationContext->Thread:Thread-3] Closing org.springframework.context.annotation.AnnotationConfigApplicationContext@1e16c0aa: startup date [Mon Jan 22 15:41:20 CST 2018]; root of context hierarchy 
2018-01-22 15:41:24 INFO [Class:o.s.j.e.MBeanExporter->Thread:Thread-3] Unregistering JMX-exposed beans on shutdown 
2018-01-22 15:43:59 INFO [Class:o.s.b.StartupInfoLogger->Thread:main] Starting StartBuilderApplication on mababa with PID 38516 (G:\01.MyClouds\svn\myclouds-builder\target\classes started by lenovo in G:\01.MyClouds\svn\myclouds-builder) 
2018-01-22 15:43:59 DEBUG [Class:o.s.b.StartupInfoLogger->Thread:main] Running with Spring Boot v1.5.8.RELEASE, Spring v4.3.12.RELEASE 
2018-01-22 15:43:59 INFO [Class:o.s.b.SpringApplication->Thread:main] No active profile set, falling back to default profiles: default 
2018-01-22 15:43:59 INFO [Class:o.s.c.s.AbstractApplicationContext->Thread:main] Refreshing org.springframework.context.annotation.AnnotationConfigApplicationContext@1e16c0aa: startup date [Mon Jan 22 15:43:59 CST 2018]; root of context hierarchy 
2018-01-22 15:44:00 WARN [Class:o.m.s.m.ClassPathMapperScanner->Thread:main] No MyBatis mapper was found in '[com.gitee.myclouds.builder]' package. Please check your configuration. 
2018-01-22 15:44:01 INFO [Class:o.s.j.e.MBeanExporter->Thread:main] Registering beans for JMX exposure on startup 
2018-01-22 15:44:02 INFO [Class:c.g.m.b.s.BuildDomainService->Thread:main] 【MyParamEntity.java】文件生成成功。[G:/01.MyClouds/svn/myclouds-admin/myclouds-admin-service/src/main/java/com/gitee/myclouds/admin/service/domain/myparam/MyParamEntity.java] 
2018-01-22 15:44:02 INFO [Class:c.g.m.b.s.BuildDomainService->Thread:main] 【MyParamMapper.java】文件生成成功。[G:/01.MyClouds/svn/myclouds-admin/myclouds-admin-service/src/main/java/com/gitee/myclouds/admin/service/domain/myparam/MyParamMapper.java] 
2018-01-22 15:44:03 INFO [Class:c.g.m.b.s.BuildDomainService->Thread:main] 【MyParamMapper.xml】文件生成成功。[G:/01.MyClouds/svn/myclouds-admin/myclouds-admin-service/src/main/java/com/gitee/myclouds/admin/service/domain/myparam/MyParamMapper.xml] 
2018-01-22 15:44:03 INFO [Class:c.g.m.b.s.BuildDomainService->Thread:main] 【MyEnumEntity.java】文件生成成功。[G:/01.MyClouds/svn/myclouds-admin/myclouds-admin-service/src/main/java/com/gitee/myclouds/admin/service/domain/myenum/MyEnumEntity.java] 
2018-01-22 15:44:03 INFO [Class:c.g.m.b.s.BuildDomainService->Thread:main] 【MyEnumMapper.java】文件生成成功。[G:/01.MyClouds/svn/myclouds-admin/myclouds-admin-service/src/main/java/com/gitee/myclouds/admin/service/domain/myenum/MyEnumMapper.java] 
2018-01-22 15:44:03 INFO [Class:c.g.m.b.s.BuildDomainService->Thread:main] 【MyEnumMapper.xml】文件生成成功。[G:/01.MyClouds/svn/myclouds-admin/myclouds-admin-service/src/main/java/com/gitee/myclouds/admin/service/domain/myenum/MyEnumMapper.xml] 
2018-01-22 15:44:03 INFO [Class:c.g.m.b.s.BuildDomainService->Thread:main] 文件生成完成，请刷新工程目录。 
2018-01-22 15:44:03 INFO [Class:o.s.b.StartupInfoLogger->Thread:main] Started StartBuilderApplication in 4.361 seconds (JVM running for 5.575) 
2018-01-22 15:44:03 INFO [Class:o.s.c.s.AbstractApplicationContext->Thread:Thread-3] Closing org.springframework.context.annotation.AnnotationConfigApplicationContext@1e16c0aa: startup date [Mon Jan 22 15:43:59 CST 2018]; root of context hierarchy 
2018-01-22 15:44:03 INFO [Class:o.s.j.e.MBeanExporter->Thread:Thread-3] Unregistering JMX-exposed beans on shutdown 
2018-01-22 15:45:23 INFO [Class:o.s.b.StartupInfoLogger->Thread:main] Starting StartBuilderApplication on mababa with PID 18156 (G:\01.MyClouds\svn\myclouds-builder\target\classes started by lenovo in G:\01.MyClouds\svn\myclouds-builder) 
2018-01-22 15:45:23 DEBUG [Class:o.s.b.StartupInfoLogger->Thread:main] Running with Spring Boot v1.5.8.RELEASE, Spring v4.3.12.RELEASE 
2018-01-22 15:45:23 INFO [Class:o.s.b.SpringApplication->Thread:main] No active profile set, falling back to default profiles: default 
2018-01-22 15:45:24 INFO [Class:o.s.c.s.AbstractApplicationContext->Thread:main] Refreshing org.springframework.context.annotation.AnnotationConfigApplicationContext@1e16c0aa: startup date [Mon Jan 22 15:45:24 CST 2018]; root of context hierarchy 
2018-01-22 15:45:24 WARN [Class:o.m.s.m.ClassPathMapperScanner->Thread:main] No MyBatis mapper was found in '[com.gitee.myclouds.builder]' package. Please check your configuration. 
2018-01-22 15:45:25 INFO [Class:o.s.j.e.MBeanExporter->Thread:main] Registering beans for JMX exposure on startup 
2018-01-22 15:45:27 INFO [Class:c.g.m.b.s.BuildDomainService->Thread:main] 【MyEnumEntity.java】文件生成成功。[G:/01.MyClouds/svn/myclouds-admin/myclouds-admin-service/src/main/java/com/gitee/myclouds/admin/service/domain/myenum/MyEnumEntity.java] 
2018-01-22 15:45:27 INFO [Class:c.g.m.b.s.BuildDomainService->Thread:main] 【MyEnumMapper.java】文件生成成功。[G:/01.MyClouds/svn/myclouds-admin/myclouds-admin-service/src/main/java/com/gitee/myclouds/admin/service/domain/myenum/MyEnumMapper.java] 
2018-01-22 15:45:27 INFO [Class:c.g.m.b.s.BuildDomainService->Thread:main] 【MyEnumMapper.xml】文件生成成功。[G:/01.MyClouds/svn/myclouds-admin/myclouds-admin-service/src/main/java/com/gitee/myclouds/admin/service/domain/myenum/MyEnumMapper.xml] 
2018-01-22 15:45:27 INFO [Class:c.g.m.b.s.BuildDomainService->Thread:main] 文件生成完成，请刷新工程目录。 
2018-01-22 15:45:27 INFO [Class:o.s.b.StartupInfoLogger->Thread:main] Started StartBuilderApplication in 4.021 seconds (JVM running for 5.412) 
2018-01-22 15:45:27 INFO [Class:o.s.c.s.AbstractApplicationContext->Thread:Thread-3] Closing org.springframework.context.annotation.AnnotationConfigApplicationContext@1e16c0aa: startup date [Mon Jan 22 15:45:24 CST 2018]; root of context hierarchy 
2018-01-22 15:45:27 INFO [Class:o.s.j.e.MBeanExporter->Thread:Thread-3] Unregistering JMX-exposed beans on shutdown 
2018-01-22 15:53:47 INFO [Class:o.s.b.StartupInfoLogger->Thread:main] Starting StartBuilderApplication on mababa with PID 40392 (G:\01.MyClouds\svn\myclouds-builder\target\classes started by lenovo in G:\01.MyClouds\svn\myclouds-builder) 
2018-01-22 15:53:47 DEBUG [Class:o.s.b.StartupInfoLogger->Thread:main] Running with Spring Boot v1.5.8.RELEASE, Spring v4.3.12.RELEASE 
2018-01-22 15:53:47 INFO [Class:o.s.b.SpringApplication->Thread:main] No active profile set, falling back to default profiles: default 
2018-01-22 15:53:48 INFO [Class:o.s.c.s.AbstractApplicationContext->Thread:main] Refreshing org.springframework.context.annotation.AnnotationConfigApplicationContext@1e16c0aa: startup date [Mon Jan 22 15:53:48 CST 2018]; root of context hierarchy 
2018-01-22 15:53:48 WARN [Class:o.m.s.m.ClassPathMapperScanner->Thread:main] No MyBatis mapper was found in '[com.gitee.myclouds.builder]' package. Please check your configuration. 
2018-01-22 15:53:49 INFO [Class:o.s.j.e.MBeanExporter->Thread:main] Registering beans for JMX exposure on startup 
2018-01-22 15:53:51 INFO [Class:c.g.m.b.s.BuildDomainService->Thread:main] 【MyEnumEntity.java】文件生成成功。[G:/01.MyClouds/svn/myclouds-admin/myclouds-admin-service/src/main/java/com/gitee/myclouds/admin/service/domain/myenum/MyEnumEntity.java] 
2018-01-22 15:53:51 INFO [Class:c.g.m.b.s.BuildDomainService->Thread:main] 【MyEnumMapper.java】文件生成成功。[G:/01.MyClouds/svn/myclouds-admin/myclouds-admin-service/src/main/java/com/gitee/myclouds/admin/service/domain/myenum/MyEnumMapper.java] 
2018-01-22 15:53:51 INFO [Class:c.g.m.b.s.BuildDomainService->Thread:main] 【MyEnumMapper.xml】文件生成成功。[G:/01.MyClouds/svn/myclouds-admin/myclouds-admin-service/src/main/java/com/gitee/myclouds/admin/service/domain/myenum/MyEnumMapper.xml] 
2018-01-22 15:53:51 INFO [Class:c.g.m.b.s.BuildDomainService->Thread:main] 文件生成完成，请刷新工程目录。 
2018-01-22 15:53:51 INFO [Class:o.s.b.StartupInfoLogger->Thread:main] Started StartBuilderApplication in 4.165 seconds (JVM running for 5.246) 
2018-01-22 15:53:51 INFO [Class:o.s.c.s.AbstractApplicationContext->Thread:Thread-3] Closing org.springframework.context.annotation.AnnotationConfigApplicationContext@1e16c0aa: startup date [Mon Jan 22 15:53:48 CST 2018]; root of context hierarchy 
2018-01-22 15:53:51 INFO [Class:o.s.j.e.MBeanExporter->Thread:Thread-3] Unregistering JMX-exposed beans on shutdown 
2018-01-22 15:54:21 INFO [Class:o.s.b.StartupInfoLogger->Thread:main] Starting StartBuilderApplication on mababa with PID 44548 (G:\01.MyClouds\svn\myclouds-builder\target\classes started by lenovo in G:\01.MyClouds\svn\myclouds-builder) 
2018-01-22 15:54:21 DEBUG [Class:o.s.b.StartupInfoLogger->Thread:main] Running with Spring Boot v1.5.8.RELEASE, Spring v4.3.12.RELEASE 
2018-01-22 15:54:21 INFO [Class:o.s.b.SpringApplication->Thread:main] No active profile set, falling back to default profiles: default 
2018-01-22 15:54:21 INFO [Class:o.s.c.s.AbstractApplicationContext->Thread:main] Refreshing org.springframework.context.annotation.AnnotationConfigApplicationContext@1e16c0aa: startup date [Mon Jan 22 15:54:21 CST 2018]; root of context hierarchy 
2018-01-22 15:54:22 WARN [Class:o.m.s.m.ClassPathMapperScanner->Thread:main] No MyBatis mapper was found in '[com.gitee.myclouds.builder]' package. Please check your configuration. 
2018-01-22 15:54:23 INFO [Class:o.s.j.e.MBeanExporter->Thread:main] Registering beans for JMX exposure on startup 
2018-01-22 15:54:25 INFO [Class:c.g.m.b.s.BuildDomainService->Thread:main] 【MyEnumEntity.java】文件生成成功。[G:/01.MyClouds/svn/myclouds-admin/myclouds-admin-service/src/main/java/com/gitee/myclouds/admin/service/domain/myenum/MyEnumEntity.java] 
2018-01-22 15:54:25 INFO [Class:c.g.m.b.s.BuildDomainService->Thread:main] 【MyEnumMapper.java】文件生成成功。[G:/01.MyClouds/svn/myclouds-admin/myclouds-admin-service/src/main/java/com/gitee/myclouds/admin/service/domain/myenum/MyEnumMapper.java] 
2018-01-22 15:54:25 INFO [Class:c.g.m.b.s.BuildDomainService->Thread:main] 【MyEnumMapper.xml】文件生成成功。[G:/01.MyClouds/svn/myclouds-admin/myclouds-admin-service/src/main/java/com/gitee/myclouds/admin/service/domain/myenum/MyEnumMapper.xml] 
2018-01-22 15:54:25 INFO [Class:c.g.m.b.s.BuildDomainService->Thread:main] 文件生成完成，请刷新工程目录。 
2018-01-22 15:54:25 INFO [Class:o.s.b.StartupInfoLogger->Thread:main] Started StartBuilderApplication in 4.07 seconds (JVM running for 5.184) 
2018-01-22 15:54:25 INFO [Class:o.s.c.s.AbstractApplicationContext->Thread:Thread-3] Closing org.springframework.context.annotation.AnnotationConfigApplicationContext@1e16c0aa: startup date [Mon Jan 22 15:54:21 CST 2018]; root of context hierarchy 
2018-01-22 15:54:25 INFO [Class:o.s.j.e.MBeanExporter->Thread:Thread-3] Unregistering JMX-exposed beans on shutdown 
2018-01-22 15:57:43 INFO [Class:o.s.b.StartupInfoLogger->Thread:main] Starting StartBuilderApplication on mababa with PID 44220 (G:\01.MyClouds\svn\myclouds-builder\target\classes started by lenovo in G:\01.MyClouds\svn\myclouds-builder) 
2018-01-22 15:57:43 DEBUG [Class:o.s.b.StartupInfoLogger->Thread:main] Running with Spring Boot v1.5.8.RELEASE, Spring v4.3.12.RELEASE 
2018-01-22 15:57:43 INFO [Class:o.s.b.SpringApplication->Thread:main] No active profile set, falling back to default profiles: default 
2018-01-22 15:57:43 INFO [Class:o.s.c.s.AbstractApplicationContext->Thread:main] Refreshing org.springframework.context.annotation.AnnotationConfigApplicationContext@1e16c0aa: startup date [Mon Jan 22 15:57:43 CST 2018]; root of context hierarchy 
2018-01-22 15:57:44 WARN [Class:o.m.s.m.ClassPathMapperScanner->Thread:main] No MyBatis mapper was found in '[com.gitee.myclouds.builder]' package. Please check your configuration. 
2018-01-22 15:57:45 INFO [Class:o.s.j.e.MBeanExporter->Thread:main] Registering beans for JMX exposure on startup 
2018-01-22 15:57:46 INFO [Class:c.g.m.b.s.BuildDomainService->Thread:main] 【MyEnumEntity.java】文件生成成功。[G:/01.MyClouds/svn/myclouds-admin/myclouds-admin-service/src/main/java/com/gitee/myclouds/admin/service/domain/myenum/MyEnumEntity.java] 
2018-01-22 15:57:46 INFO [Class:c.g.m.b.s.BuildDomainService->Thread:main] 【MyEnumMapper.java】文件生成成功。[G:/01.MyClouds/svn/myclouds-admin/myclouds-admin-service/src/main/java/com/gitee/myclouds/admin/service/domain/myenum/MyEnumMapper.java] 
2018-01-22 15:57:46 INFO [Class:c.g.m.b.s.BuildDomainService->Thread:main] 【MyEnumMapper.xml】文件生成成功。[G:/01.MyClouds/svn/myclouds-admin/myclouds-admin-service/src/main/java/com/gitee/myclouds/admin/service/domain/myenum/MyEnumMapper.xml] 
2018-01-22 15:57:46 INFO [Class:c.g.m.b.s.BuildDomainService->Thread:main] 文件生成完成，请刷新工程目录。 
2018-01-22 15:57:46 INFO [Class:o.s.b.StartupInfoLogger->Thread:main] Started StartBuilderApplication in 3.774 seconds (JVM running for 5.139) 
2018-01-22 15:57:46 INFO [Class:o.s.c.s.AbstractApplicationContext->Thread:Thread-3] Closing org.springframework.context.annotation.AnnotationConfigApplicationContext@1e16c0aa: startup date [Mon Jan 22 15:57:43 CST 2018]; root of context hierarchy 
2018-01-22 15:57:46 INFO [Class:o.s.j.e.MBeanExporter->Thread:Thread-3] Unregistering JMX-exposed beans on shutdown 
2018-01-22 16:06:46 INFO [Class:o.s.b.StartupInfoLogger->Thread:main] Starting StartBuilderApplication on mababa with PID 44464 (G:\01.MyClouds\svn\myclouds-builder\target\classes started by lenovo in G:\01.MyClouds\svn\myclouds-builder) 
2018-01-22 16:06:46 DEBUG [Class:o.s.b.StartupInfoLogger->Thread:main] Running with Spring Boot v1.5.8.RELEASE, Spring v4.3.12.RELEASE 
2018-01-22 16:06:46 INFO [Class:o.s.b.SpringApplication->Thread:main] No active profile set, falling back to default profiles: default 
2018-01-22 16:06:46 INFO [Class:o.s.c.s.AbstractApplicationContext->Thread:main] Refreshing org.springframework.context.annotation.AnnotationConfigApplicationContext@1e16c0aa: startup date [Mon Jan 22 16:06:46 CST 2018]; root of context hierarchy 
2018-01-22 16:06:47 WARN [Class:o.m.s.m.ClassPathMapperScanner->Thread:main] No MyBatis mapper was found in '[com.gitee.myclouds.builder]' package. Please check your configuration. 
2018-01-22 16:06:48 INFO [Class:o.s.j.e.MBeanExporter->Thread:main] Registering beans for JMX exposure on startup 
2018-01-22 16:06:49 INFO [Class:c.g.m.b.s.BuildDomainService->Thread:main] 【MyEnumEntity.java】文件生成成功。[G:/01.MyClouds/svn/myclouds-admin/myclouds-admin-service/src/main/java/com/gitee/myclouds/admin/service/domain/myenum/MyEnumEntity.java] 
2018-01-22 16:06:49 INFO [Class:c.g.m.b.s.BuildDomainService->Thread:main] 【MyEnumMapper.java】文件生成成功。[G:/01.MyClouds/svn/myclouds-admin/myclouds-admin-service/src/main/java/com/gitee/myclouds/admin/service/domain/myenum/MyEnumMapper.java] 
2018-01-22 16:06:50 INFO [Class:c.g.m.b.s.BuildDomainService->Thread:main] 【MyEnumMapper.xml】文件生成成功。[G:/01.MyClouds/svn/myclouds-admin/myclouds-admin-service/src/main/java/com/gitee/myclouds/admin/service/domain/myenum/MyEnumMapper.xml] 
2018-01-22 16:06:50 INFO [Class:c.g.m.b.s.BuildDomainService->Thread:main] 文件生成完成，请刷新工程目录。 
2018-01-22 16:06:50 INFO [Class:o.s.b.StartupInfoLogger->Thread:main] Started StartBuilderApplication in 4.015 seconds (JVM running for 5.222) 
2018-01-22 16:06:50 INFO [Class:o.s.c.s.AbstractApplicationContext->Thread:Thread-3] Closing org.springframework.context.annotation.AnnotationConfigApplicationContext@1e16c0aa: startup date [Mon Jan 22 16:06:46 CST 2018]; root of context hierarchy 
2018-01-22 16:06:50 INFO [Class:o.s.j.e.MBeanExporter->Thread:Thread-3] Unregistering JMX-exposed beans on shutdown 
