2018-02-10 19:25:56 INFO [Class:o.s.b.StartupInfoLogger->Thread:main] Starting StartBuilderApplication on mababa with PID 97056 (G:\01.MyClouds\svn\myclouds-builder\target\classes started by lenovo in G:\01.MyClouds\svn\myclouds-builder) 
2018-02-10 19:25:56 DEBUG [Class:o.s.b.StartupInfoLogger->Thread:main] Running with Spring Boot v1.5.8.RELEASE, Spring v4.3.12.RELEASE 
2018-02-10 19:25:56 INFO [Class:o.s.b.SpringApplication->Thread:main] No active profile set, falling back to default profiles: default 
2018-02-10 19:25:57 INFO [Class:o.s.c.s.AbstractApplicationContext->Thread:main] Refreshing org.springframework.context.annotation.AnnotationConfigApplicationContext@212bf671: startup date [Sat Feb 10 19:25:57 CST 2018]; root of context hierarchy 
2018-02-10 19:25:57 WARN [Class:o.m.s.m.ClassPathMapperScanner->Thread:main] No MyBatis mapper was found in '[com.gitee.myclouds.builder]' package. Please check your configuration. 
2018-02-10 19:25:58 INFO [Class:o.s.j.e.MBeanExporter->Thread:main] Registering beans for JMX exposure on startup 
2018-02-10 19:26:00 INFO [Class:c.g.m.b.s.BuildDomainService->Thread:main] 【MyEnumEntity.java】文件生成成功。[G:/01.MyClouds/svn/myclouds-domain-entity/src/main/java/com/gitee/myclouds/admin/domain/myenum/MyEnumEntity.java] 
2018-02-10 19:26:00 INFO [Class:c.g.m.b.s.BuildDomainService->Thread:main] 【MyParamEntity.java】文件生成成功。[G:/01.MyClouds/svn/myclouds-domain-entity/src/main/java/com/gitee/myclouds/admin/domain/myparam/MyParamEntity.java] 
2018-02-10 19:26:00 INFO [Class:c.g.m.b.s.BuildDomainService->Thread:main] 文件生成完成，请刷新工程目录。 
2018-02-10 19:26:00 INFO [Class:o.s.b.StartupInfoLogger->Thread:main] Started StartBuilderApplication in 4.122 seconds (JVM running for 5.434) 
2018-02-10 19:26:00 INFO [Class:o.s.c.s.AbstractApplicationContext->Thread:Thread-3] Closing org.springframework.context.annotation.AnnotationConfigApplicationContext@212bf671: startup date [Sat Feb 10 19:25:57 CST 2018]; root of context hierarchy 
2018-02-10 19:26:00 INFO [Class:o.s.j.e.MBeanExporter->Thread:Thread-3] Unregistering JMX-exposed beans on shutdown 
2018-02-10 19:26:32 INFO [Class:o.s.b.StartupInfoLogger->Thread:main] Starting StartBuilderApplication on mababa with PID 96364 (G:\01.MyClouds\svn\myclouds-builder\target\classes started by lenovo in G:\01.MyClouds\svn\myclouds-builder) 
2018-02-10 19:26:32 DEBUG [Class:o.s.b.StartupInfoLogger->Thread:main] Running with Spring Boot v1.5.8.RELEASE, Spring v4.3.12.RELEASE 
2018-02-10 19:26:32 INFO [Class:o.s.b.SpringApplication->Thread:main] No active profile set, falling back to default profiles: default 
2018-02-10 19:26:32 INFO [Class:o.s.c.s.AbstractApplicationContext->Thread:main] Refreshing org.springframework.context.annotation.AnnotationConfigApplicationContext@21be3395: startup date [Sat Feb 10 19:26:32 CST 2018]; root of context hierarchy 
2018-02-10 19:26:33 WARN [Class:o.m.s.m.ClassPathMapperScanner->Thread:main] No MyBatis mapper was found in '[com.gitee.myclouds.builder]' package. Please check your configuration. 
2018-02-10 19:26:34 INFO [Class:o.s.j.e.MBeanExporter->Thread:main] Registering beans for JMX exposure on startup 
2018-02-10 19:26:36 INFO [Class:c.g.m.b.s.BuildDomainService->Thread:main] 【MyEnumEntity.java】文件生成成功。[G:/01.MyClouds/svn/myclouds-domain-entity/src/main/java/com/gitee/myclouds/admin/domain/myenum/MyEnumEntity.java] 
2018-02-10 19:26:36 INFO [Class:c.g.m.b.s.BuildDomainService->Thread:main] 【MyParamEntity.java】文件生成成功。[G:/01.MyClouds/svn/myclouds-domain-entity/src/main/java/com/gitee/myclouds/admin/domain/myparam/MyParamEntity.java] 
2018-02-10 19:26:36 INFO [Class:c.g.m.b.s.BuildDomainService->Thread:main] 文件生成完成，请刷新工程目录。 
2018-02-10 19:26:36 INFO [Class:o.s.b.StartupInfoLogger->Thread:main] Started StartBuilderApplication in 4.662 seconds (JVM running for 5.729) 
2018-02-10 19:26:36 INFO [Class:o.s.c.s.AbstractApplicationContext->Thread:Thread-3] Closing org.springframework.context.annotation.AnnotationConfigApplicationContext@21be3395: startup date [Sat Feb 10 19:26:32 CST 2018]; root of context hierarchy 
2018-02-10 19:26:36 INFO [Class:o.s.j.e.MBeanExporter->Thread:Thread-3] Unregistering JMX-exposed beans on shutdown 
