2017-12-11 11:01:13 WARN [Class:o.s.c.s.AbstractApplicationContext->Thread:main] Exception encountered during context initialization - cancelling refresh attempt: org.springframework.beans.factory.NoSuchBeanDefinitionException: No bean named 'builderService' available 
2017-12-11 11:01:13 ERROR [Class:o.s.b.d.LoggingFailureAnalysisReporter->Thread:main] 

***************************
APPLICATION FAILED TO START
***************************

Description:

A component required a bean named 'builderService' that could not be found.


Action:

Consider defining a bean named 'builderService' in your configuration.
 
2017-12-11 11:03:40 WARN [Class:o.s.c.s.AbstractApplicationContext->Thread:main] Exception encountered during context initialization - cancelling refresh attempt: org.springframework.beans.factory.NoSuchBeanDefinitionException: No bean named 'builderDaoService' available 
2017-12-11 11:03:40 ERROR [Class:o.s.b.d.LoggingFailureAnalysisReporter->Thread:main] 

***************************
APPLICATION FAILED TO START
***************************

Description:

A component required a bean named 'builderDaoService' that could not be found.


Action:

Consider defining a bean named 'builderDaoService' in your configuration.
 
2017-12-11 11:04:04 WARN [Class:o.s.c.s.AbstractApplicationContext->Thread:main] Exception encountered during context initialization - cancelling refresh attempt: org.springframework.beans.factory.NoSuchBeanDefinitionException: No bean named 'builderDaoService' available 
2017-12-11 11:04:04 ERROR [Class:o.s.b.d.LoggingFailureAnalysisReporter->Thread:main] 

***************************
APPLICATION FAILED TO START
***************************

Description:

A component required a bean named 'builderDaoService' that could not be found.


Action:

Consider defining a bean named 'builderDaoService' in your configuration.
 
2017-12-11 11:05:38 ERROR [Class:o.s.b.SpringApplication->Thread:main] Application startup failed 
java.lang.NullPointerException: null
	at com.gitee.myclouds.toolbox.util.MyListUtil.select(MyListUtil.java:64)
	at com.gitee.myclouds.builder.util.DBMetaInfoUtil.listTableVOs(DBMetaInfoUtil.java:142)
	at com.gitee.myclouds.builder.util.DBMetaInfoUtil.getTableVO(DBMetaInfoUtil.java:156)
	at com.gitee.myclouds.builder.service.BuildDaoService.buildDao(BuildDaoService.java:79)
	at com.gitee.myclouds.builder.listener.BuilderApplicationStartupListener.onApplicationEvent(BuilderApplicationStartupListener.java:24)
	at com.gitee.myclouds.builder.listener.BuilderApplicationStartupListener.onApplicationEvent(BuilderApplicationStartupListener.java:1)
	at org.springframework.context.event.SimpleApplicationEventMulticaster.doInvokeListener(SimpleApplicationEventMulticaster.java:172)
	at org.springframework.context.event.SimpleApplicationEventMulticaster.invokeListener(SimpleApplicationEventMulticaster.java:165)
	at org.springframework.context.event.SimpleApplicationEventMulticaster.multicastEvent(SimpleApplicationEventMulticaster.java:139)
	at org.springframework.context.support.AbstractApplicationContext.publishEvent(AbstractApplicationContext.java:393)
	at org.springframework.context.support.AbstractApplicationContext.publishEvent(AbstractApplicationContext.java:347)
	at org.springframework.context.support.AbstractApplicationContext.finishRefresh(AbstractApplicationContext.java:883)
	at org.springframework.context.support.AbstractApplicationContext.refresh(AbstractApplicationContext.java:546)
	at org.springframework.boot.SpringApplication.refresh(SpringApplication.java:693)
	at org.springframework.boot.SpringApplication.refreshContext(SpringApplication.java:360)
	at org.springframework.boot.SpringApplication.run(SpringApplication.java:303)
	at com.gitee.myclouds.builder.BuilderApplication.main(BuilderApplication.java:16)
2017-12-11 11:16:18 ERROR [Class:o.s.b.SpringApplication->Thread:main] Application startup failed 
java.lang.NoClassDefFoundError: com/gentlyweb/utils/Getter
	at org.josql.expressions.Accessor.init(Accessor.java:55)
	at org.josql.expressions.BinaryExpression.init(BinaryExpression.java:82)
	at org.josql.expressions.LikeExpression.init(LikeExpression.java:80)
	at org.josql.Query.init(Query.java:2435)
	at org.josql.Query.parse(Query.java:2356)
	at com.gitee.myclouds.toolbox.util.MyListUtil.select(MyListUtil.java:52)
	at com.gitee.myclouds.builder.util.DBMetaInfoUtil.listTableVOs(DBMetaInfoUtil.java:142)
	at com.gitee.myclouds.builder.util.DBMetaInfoUtil.getTableVO(DBMetaInfoUtil.java:156)
	at com.gitee.myclouds.builder.service.BuildDaoService.buildDao(BuildDaoService.java:79)
	at com.gitee.myclouds.builder.listener.BuilderApplicationStartupListener.onApplicationEvent(BuilderApplicationStartupListener.java:24)
	at com.gitee.myclouds.builder.listener.BuilderApplicationStartupListener.onApplicationEvent(BuilderApplicationStartupListener.java:1)
	at org.springframework.context.event.SimpleApplicationEventMulticaster.doInvokeListener(SimpleApplicationEventMulticaster.java:172)
	at org.springframework.context.event.SimpleApplicationEventMulticaster.invokeListener(SimpleApplicationEventMulticaster.java:165)
	at org.springframework.context.event.SimpleApplicationEventMulticaster.multicastEvent(SimpleApplicationEventMulticaster.java:139)
	at org.springframework.context.support.AbstractApplicationContext.publishEvent(AbstractApplicationContext.java:393)
	at org.springframework.context.support.AbstractApplicationContext.publishEvent(AbstractApplicationContext.java:347)
	at org.springframework.context.support.AbstractApplicationContext.finishRefresh(AbstractApplicationContext.java:883)
	at org.springframework.context.support.AbstractApplicationContext.refresh(AbstractApplicationContext.java:546)
	at org.springframework.boot.SpringApplication.refresh(SpringApplication.java:693)
	at org.springframework.boot.SpringApplication.refreshContext(SpringApplication.java:360)
	at org.springframework.boot.SpringApplication.run(SpringApplication.java:303)
	at com.gitee.myclouds.builder.BuilderApplication.main(BuilderApplication.java:16)
Caused by: java.lang.ClassNotFoundException: com.gentlyweb.utils.Getter
	at java.net.URLClassLoader.findClass(URLClassLoader.java:381)
	at java.lang.ClassLoader.loadClass(ClassLoader.java:424)
	at sun.misc.Launcher$AppClassLoader.loadClass(Launcher.java:331)
	at java.lang.ClassLoader.loadClass(ClassLoader.java:357)
	... 22 common frames omitted
2017-12-11 11:26:31 ERROR [Class:o.a.v.r.l.Log4JLogChute->Thread:main] ResourceManager : unable to find resource '/com/gitee/myclouds/builder/vm/po.java.vm' in any resource loader. 
2017-12-11 11:26:31 ERROR [Class:o.s.b.SpringApplication->Thread:main] Application startup failed 
org.apache.velocity.exception.ResourceNotFoundException: Unable to find resource '/com/gitee/myclouds/builder/vm/po.java.vm'
	at org.apache.velocity.runtime.resource.ResourceManagerImpl.loadResource(ResourceManagerImpl.java:474)
	at org.apache.velocity.runtime.resource.ResourceManagerImpl.getResource(ResourceManagerImpl.java:352)
	at org.apache.velocity.runtime.RuntimeInstance.getTemplate(RuntimeInstance.java:1533)
	at org.apache.velocity.runtime.RuntimeInstance.getTemplate(RuntimeInstance.java:1514)
	at org.apache.velocity.runtime.RuntimeSingleton.getTemplate(RuntimeSingleton.java:299)
	at org.apache.velocity.app.Velocity.getTemplate(Velocity.java:358)
	at com.gitee.myclouds.builder.util.BuilderUtil.mergeFileTemplate(BuilderUtil.java:258)
	at com.gitee.myclouds.builder.service.BuildDaoService.buildPO(BuildDaoService.java:117)
	at com.gitee.myclouds.builder.service.BuildDaoService.buildDao(BuildDaoService.java:90)
	at com.gitee.myclouds.builder.listener.BuilderApplicationStartupListener.onApplicationEvent(BuilderApplicationStartupListener.java:24)
	at com.gitee.myclouds.builder.listener.BuilderApplicationStartupListener.onApplicationEvent(BuilderApplicationStartupListener.java:1)
	at org.springframework.context.event.SimpleApplicationEventMulticaster.doInvokeListener(SimpleApplicationEventMulticaster.java:172)
	at org.springframework.context.event.SimpleApplicationEventMulticaster.invokeListener(SimpleApplicationEventMulticaster.java:165)
	at org.springframework.context.event.SimpleApplicationEventMulticaster.multicastEvent(SimpleApplicationEventMulticaster.java:139)
	at org.springframework.context.support.AbstractApplicationContext.publishEvent(AbstractApplicationContext.java:393)
	at org.springframework.context.support.AbstractApplicationContext.publishEvent(AbstractApplicationContext.java:347)
	at org.springframework.context.support.AbstractApplicationContext.finishRefresh(AbstractApplicationContext.java:883)
	at org.springframework.context.support.AbstractApplicationContext.refresh(AbstractApplicationContext.java:546)
	at org.springframework.boot.SpringApplication.refresh(SpringApplication.java:693)
	at org.springframework.boot.SpringApplication.refreshContext(SpringApplication.java:360)
	at org.springframework.boot.SpringApplication.run(SpringApplication.java:303)
	at com.gitee.myclouds.builder.BuilderApplication.main(BuilderApplication.java:16)
2017-12-11 11:29:12 ERROR [Class:o.a.v.r.l.Log4JLogChute->Thread:main] ResourceManager : unable to find resource '/com/gitee/myclouds/builder/vm/po.java.vm' in any resource loader. 
2017-12-11 11:33:25 ERROR [Class:o.s.b.SpringApplication->Thread:main] Application startup failed 
org.apache.velocity.exception.ResourceNotFoundException: Unable to find resource '/com/gitee/myclouds/builder/vm/po.java.vm'
	at org.apache.velocity.runtime.resource.ResourceManagerImpl.loadResource(ResourceManagerImpl.java:474)
	at org.apache.velocity.runtime.resource.ResourceManagerImpl.getResource(ResourceManagerImpl.java:352)
	at org.apache.velocity.runtime.RuntimeInstance.getTemplate(RuntimeInstance.java:1533)
	at org.apache.velocity.runtime.RuntimeInstance.getTemplate(RuntimeInstance.java:1514)
	at org.apache.velocity.runtime.RuntimeSingleton.getTemplate(RuntimeSingleton.java:299)
	at org.apache.velocity.app.Velocity.getTemplate(Velocity.java:358)
	at com.gitee.myclouds.builder.util.BuilderUtil.mergeFileTemplate(BuilderUtil.java:258)
	at com.gitee.myclouds.builder.service.BuildDaoService.buildPO(BuildDaoService.java:117)
	at com.gitee.myclouds.builder.service.BuildDaoService.buildDao(BuildDaoService.java:90)
	at com.gitee.myclouds.builder.listener.BuilderApplicationStartupListener.onApplicationEvent(BuilderApplicationStartupListener.java:24)
	at com.gitee.myclouds.builder.listener.BuilderApplicationStartupListener.onApplicationEvent(BuilderApplicationStartupListener.java:1)
	at org.springframework.context.event.SimpleApplicationEventMulticaster.doInvokeListener(SimpleApplicationEventMulticaster.java:172)
	at org.springframework.context.event.SimpleApplicationEventMulticaster.invokeListener(SimpleApplicationEventMulticaster.java:165)
	at org.springframework.context.event.SimpleApplicationEventMulticaster.multicastEvent(SimpleApplicationEventMulticaster.java:139)
	at org.springframework.context.support.AbstractApplicationContext.publishEvent(AbstractApplicationContext.java:393)
	at org.springframework.context.support.AbstractApplicationContext.publishEvent(AbstractApplicationContext.java:347)
	at org.springframework.context.support.AbstractApplicationContext.finishRefresh(AbstractApplicationContext.java:883)
	at org.springframework.context.support.AbstractApplicationContext.refresh(AbstractApplicationContext.java:546)
	at org.springframework.boot.SpringApplication.refresh(SpringApplication.java:693)
	at org.springframework.boot.SpringApplication.refreshContext(SpringApplication.java:360)
	at org.springframework.boot.SpringApplication.run(SpringApplication.java:303)
	at com.gitee.myclouds.builder.BuilderApplication.main(BuilderApplication.java:16)
2017-12-11 11:36:44 ERROR [Class:o.a.v.r.l.Log4JLogChute->Thread:main] ResourceManager : unable to find resource '/com/gitee/myclouds/builder/vm/po.java.vm' in any resource loader. 
2017-12-11 11:36:44 ERROR [Class:o.s.b.SpringApplication->Thread:main] Application startup failed 
org.apache.velocity.exception.ResourceNotFoundException: Unable to find resource '/com/gitee/myclouds/builder/vm/po.java.vm'
	at org.apache.velocity.runtime.resource.ResourceManagerImpl.loadResource(ResourceManagerImpl.java:474)
	at org.apache.velocity.runtime.resource.ResourceManagerImpl.getResource(ResourceManagerImpl.java:352)
	at org.apache.velocity.runtime.RuntimeInstance.getTemplate(RuntimeInstance.java:1533)
	at org.apache.velocity.runtime.RuntimeInstance.getTemplate(RuntimeInstance.java:1514)
	at org.apache.velocity.runtime.RuntimeSingleton.getTemplate(RuntimeSingleton.java:299)
	at org.apache.velocity.app.Velocity.getTemplate(Velocity.java:358)
	at com.gitee.myclouds.builder.util.BuilderUtil.mergeFileTemplate(BuilderUtil.java:258)
	at com.gitee.myclouds.builder.service.BuildDaoService.buildPO(BuildDaoService.java:117)
	at com.gitee.myclouds.builder.service.BuildDaoService.buildDao(BuildDaoService.java:90)
	at com.gitee.myclouds.builder.listener.BuilderApplicationStartupListener.onApplicationEvent(BuilderApplicationStartupListener.java:24)
	at com.gitee.myclouds.builder.listener.BuilderApplicationStartupListener.onApplicationEvent(BuilderApplicationStartupListener.java:1)
	at org.springframework.context.event.SimpleApplicationEventMulticaster.doInvokeListener(SimpleApplicationEventMulticaster.java:172)
	at org.springframework.context.event.SimpleApplicationEventMulticaster.invokeListener(SimpleApplicationEventMulticaster.java:165)
	at org.springframework.context.event.SimpleApplicationEventMulticaster.multicastEvent(SimpleApplicationEventMulticaster.java:139)
	at org.springframework.context.support.AbstractApplicationContext.publishEvent(AbstractApplicationContext.java:393)
	at org.springframework.context.support.AbstractApplicationContext.publishEvent(AbstractApplicationContext.java:347)
	at org.springframework.context.support.AbstractApplicationContext.finishRefresh(AbstractApplicationContext.java:883)
	at org.springframework.context.support.AbstractApplicationContext.refresh(AbstractApplicationContext.java:546)
	at org.springframework.boot.SpringApplication.refresh(SpringApplication.java:693)
	at org.springframework.boot.SpringApplication.refreshContext(SpringApplication.java:360)
	at org.springframework.boot.SpringApplication.run(SpringApplication.java:303)
	at com.gitee.myclouds.builder.BuilderApplication.main(BuilderApplication.java:16)
2017-12-11 11:39:47 ERROR [Class:o.a.v.r.l.Log4JLogChute->Thread:main] ResourceManager : unable to find resource 'com/gitee/myclouds/builder/vm/po.java.vm' in any resource loader. 
2017-12-11 11:39:49 ERROR [Class:o.s.b.SpringApplication->Thread:main] Application startup failed 
org.apache.velocity.exception.ResourceNotFoundException: Unable to find resource 'com/gitee/myclouds/builder/vm/po.java.vm'
	at org.apache.velocity.runtime.resource.ResourceManagerImpl.loadResource(ResourceManagerImpl.java:474)
	at org.apache.velocity.runtime.resource.ResourceManagerImpl.getResource(ResourceManagerImpl.java:352)
	at org.apache.velocity.runtime.RuntimeInstance.getTemplate(RuntimeInstance.java:1533)
	at org.apache.velocity.runtime.RuntimeInstance.getTemplate(RuntimeInstance.java:1514)
	at org.apache.velocity.runtime.RuntimeSingleton.getTemplate(RuntimeSingleton.java:299)
	at org.apache.velocity.app.Velocity.getTemplate(Velocity.java:358)
	at com.gitee.myclouds.builder.util.BuilderUtil.mergeFileTemplate(BuilderUtil.java:258)
	at com.gitee.myclouds.builder.service.BuildDaoService.buildPO(BuildDaoService.java:117)
	at com.gitee.myclouds.builder.service.BuildDaoService.buildDao(BuildDaoService.java:90)
	at com.gitee.myclouds.builder.listener.BuilderApplicationStartupListener.onApplicationEvent(BuilderApplicationStartupListener.java:24)
	at com.gitee.myclouds.builder.listener.BuilderApplicationStartupListener.onApplicationEvent(BuilderApplicationStartupListener.java:1)
	at org.springframework.context.event.SimpleApplicationEventMulticaster.doInvokeListener(SimpleApplicationEventMulticaster.java:172)
	at org.springframework.context.event.SimpleApplicationEventMulticaster.invokeListener(SimpleApplicationEventMulticaster.java:165)
	at org.springframework.context.event.SimpleApplicationEventMulticaster.multicastEvent(SimpleApplicationEventMulticaster.java:139)
	at org.springframework.context.support.AbstractApplicationContext.publishEvent(AbstractApplicationContext.java:393)
	at org.springframework.context.support.AbstractApplicationContext.publishEvent(AbstractApplicationContext.java:347)
	at org.springframework.context.support.AbstractApplicationContext.finishRefresh(AbstractApplicationContext.java:883)
	at org.springframework.context.support.AbstractApplicationContext.refresh(AbstractApplicationContext.java:546)
	at org.springframework.boot.SpringApplication.refresh(SpringApplication.java:693)
	at org.springframework.boot.SpringApplication.refreshContext(SpringApplication.java:360)
	at org.springframework.boot.SpringApplication.run(SpringApplication.java:303)
	at com.gitee.myclouds.builder.BuilderApplication.main(BuilderApplication.java:16)
2017-12-11 13:37:07 ERROR [Class:o.a.v.r.l.Log4JLogChute->Thread:main] ResourceManager : unable to find resource 'com/gitee/myclouds/builder/vm/po.java.vm' in any resource loader. 
2017-12-11 13:38:29 ERROR [Class:o.a.v.r.l.Log4JLogChute->Thread:main] ResourceManager : unable to find resource 'G:\01.MyClouds\svn\myclouds-builder\src\main\java\com\gitee\myclouds\builder\vm\po.java.vm' in any resource loader. 
2017-12-11 13:41:31 ERROR [Class:o.a.v.r.l.Log4JLogChute->Thread:main] ResourceManager : unable to find resource 'com/gitee/myclouds/builder/vm/po.java.vm' in any resource loader. 
2017-12-11 13:42:02 ERROR [Class:o.a.v.r.l.Log4JLogChute->Thread:main] ResourceManager : unable to find resource '/com/gitee/myclouds/builder/vm/po.java.vm' in any resource loader. 
2017-12-11 13:43:05 ERROR [Class:o.a.v.r.l.Log4JLogChute->Thread:main] ResourceManager : unable to find resource '/com/gitee/myclouds/builder/vm/po.java.vm' in any resource loader. 
2017-12-11 13:54:56 ERROR [Class:o.a.v.r.l.Log4JLogChute->Thread:main] ResourceManager : unable to find resource '/com/gitee/myclouds/builder/vm/po.java.vm' in any resource loader. 
2017-12-11 13:56:21 ERROR [Class:o.a.v.r.l.Log4JLogChute->Thread:main] ResourceManager : unable to find resource '/com/gitee/myclouds/builder/vm/po.java.vm' in any resource loader. 
2017-12-11 15:04:05 WARN [Class:o.m.s.m.ClassPathMapperScanner->Thread:main] No MyBatis mapper was found in '[com.gitee.myclouds.builder]' package. Please check your configuration. 
2017-12-11 15:05:46 WARN [Class:o.m.s.m.ClassPathMapperScanner->Thread:main] No MyBatis mapper was found in '[com.gitee.myclouds.builder]' package. Please check your configuration. 
2017-12-11 15:57:19 WARN [Class:o.m.s.m.ClassPathMapperScanner->Thread:main] No MyBatis mapper was found in '[com.gitee.myclouds.builder]' package. Please check your configuration. 
2017-12-11 16:16:00 WARN [Class:o.m.s.m.ClassPathMapperScanner->Thread:main] No MyBatis mapper was found in '[com.gitee.myclouds.builder]' package. Please check your configuration. 
2017-12-11 16:17:37 WARN [Class:o.m.s.m.ClassPathMapperScanner->Thread:main] No MyBatis mapper was found in '[com.gitee.myclouds.builder]' package. Please check your configuration. 
2017-12-11 16:21:14 WARN [Class:o.m.s.m.ClassPathMapperScanner->Thread:main] No MyBatis mapper was found in '[com.gitee.myclouds.builder]' package. Please check your configuration. 
2017-12-11 16:22:28 WARN [Class:o.m.s.m.ClassPathMapperScanner->Thread:main] No MyBatis mapper was found in '[com.gitee.myclouds.builder]' package. Please check your configuration. 
2017-12-11 16:27:38 WARN [Class:o.m.s.m.ClassPathMapperScanner->Thread:main] No MyBatis mapper was found in '[com.gitee.myclouds.builder]' package. Please check your configuration. 
2017-12-11 16:31:40 WARN [Class:o.m.s.m.ClassPathMapperScanner->Thread:main] No MyBatis mapper was found in '[com.gitee.myclouds.builder]' package. Please check your configuration. 
2017-12-11 16:58:02 WARN [Class:o.m.s.m.ClassPathMapperScanner->Thread:main] No MyBatis mapper was found in '[com.gitee.myclouds.builder]' package. Please check your configuration. 
2017-12-11 17:01:14 WARN [Class:o.m.s.m.ClassPathMapperScanner->Thread:main] No MyBatis mapper was found in '[com.gitee.myclouds.builder]' package. Please check your configuration. 
2017-12-11 17:46:32 WARN [Class:o.m.s.m.ClassPathMapperScanner->Thread:main] No MyBatis mapper was found in '[com.gitee.myclouds.builder]' package. Please check your configuration. 
