2017-12-14 10:12:59 WARN [Class:o.m.s.m.ClassPathMapperScanner->Thread:main] No MyBatis mapper was found in '[com.gitee.myclouds.builder]' package. Please check your configuration. 
2017-12-14 10:13:02 ERROR [Class:o.s.b.SpringApplication->Thread:main] Application startup failed 
java.lang.RuntimeException: 表[sys_test_code]不存在。
	at com.gitee.myclouds.builder.util.DBMetaInfoUtil.getTableVO(DBMetaInfoUtil.java:164)
	at com.gitee.myclouds.builder.service.BuildDaoService.buildDao(BuildDaoService.java:78)
	at com.gitee.myclouds.builder.listener.BuilderApplicationStartupListener.onApplicationEvent(BuilderApplicationStartupListener.java:24)
	at com.gitee.myclouds.builder.listener.BuilderApplicationStartupListener.onApplicationEvent(BuilderApplicationStartupListener.java:1)
	at org.springframework.context.event.SimpleApplicationEventMulticaster.doInvokeListener(SimpleApplicationEventMulticaster.java:172)
	at org.springframework.context.event.SimpleApplicationEventMulticaster.invokeListener(SimpleApplicationEventMulticaster.java:165)
	at org.springframework.context.event.SimpleApplicationEventMulticaster.multicastEvent(SimpleApplicationEventMulticaster.java:139)
	at org.springframework.context.support.AbstractApplicationContext.publishEvent(AbstractApplicationContext.java:393)
	at org.springframework.context.support.AbstractApplicationContext.publishEvent(AbstractApplicationContext.java:347)
	at org.springframework.context.support.AbstractApplicationContext.finishRefresh(AbstractApplicationContext.java:883)
	at org.springframework.context.support.AbstractApplicationContext.refresh(AbstractApplicationContext.java:546)
	at org.springframework.boot.SpringApplication.refresh(SpringApplication.java:693)
	at org.springframework.boot.SpringApplication.refreshContext(SpringApplication.java:360)
	at org.springframework.boot.SpringApplication.run(SpringApplication.java:303)
	at com.gitee.myclouds.builder.BuilderApplication.main(BuilderApplication.java:16)
2017-12-14 10:17:11 WARN [Class:o.m.s.m.ClassPathMapperScanner->Thread:main] No MyBatis mapper was found in '[com.gitee.myclouds.builder]' package. Please check your configuration. 
2017-12-14 10:17:13 WARN [Class:c.g.m.b.u.DBMetaInfoUtil->Thread:main] 表[sys_test_code]不存在。跳过该表的代码生成。 
2017-12-14 10:17:13 ERROR [Class:o.s.b.SpringApplication->Thread:main] Application startup failed 
java.lang.NullPointerException: null
	at com.gitee.myclouds.builder.util.DBMetaInfoUtil.getTableVO(DBMetaInfoUtil.java:169)
	at com.gitee.myclouds.builder.service.BuildDaoService.buildDao(BuildDaoService.java:78)
	at com.gitee.myclouds.builder.listener.BuilderApplicationStartupListener.onApplicationEvent(BuilderApplicationStartupListener.java:24)
	at com.gitee.myclouds.builder.listener.BuilderApplicationStartupListener.onApplicationEvent(BuilderApplicationStartupListener.java:1)
	at org.springframework.context.event.SimpleApplicationEventMulticaster.doInvokeListener(SimpleApplicationEventMulticaster.java:172)
	at org.springframework.context.event.SimpleApplicationEventMulticaster.invokeListener(SimpleApplicationEventMulticaster.java:165)
	at org.springframework.context.event.SimpleApplicationEventMulticaster.multicastEvent(SimpleApplicationEventMulticaster.java:139)
	at org.springframework.context.support.AbstractApplicationContext.publishEvent(AbstractApplicationContext.java:393)
	at org.springframework.context.support.AbstractApplicationContext.publishEvent(AbstractApplicationContext.java:347)
	at org.springframework.context.support.AbstractApplicationContext.finishRefresh(AbstractApplicationContext.java:883)
	at org.springframework.context.support.AbstractApplicationContext.refresh(AbstractApplicationContext.java:546)
	at org.springframework.boot.SpringApplication.refresh(SpringApplication.java:693)
	at org.springframework.boot.SpringApplication.refreshContext(SpringApplication.java:360)
	at org.springframework.boot.SpringApplication.run(SpringApplication.java:303)
	at com.gitee.myclouds.builder.BuilderApplication.main(BuilderApplication.java:16)
2017-12-14 10:18:45 WARN [Class:o.m.s.m.ClassPathMapperScanner->Thread:main] No MyBatis mapper was found in '[com.gitee.myclouds.builder]' package. Please check your configuration. 
2017-12-14 10:18:48 WARN [Class:c.g.m.b.u.DBMetaInfoUtil->Thread:main] 表[sys_test_code]不存在。跳过该表的代码生成。 
2017-12-14 10:18:48 ERROR [Class:c.g.m.b.s.BuildDaoService->Thread:main] 表[sys_test_code]不存在，请检查。 
2017-12-14 10:21:48 WARN [Class:o.m.s.m.ClassPathMapperScanner->Thread:main] No MyBatis mapper was found in '[com.gitee.myclouds.builder]' package. Please check your configuration. 
2017-12-14 10:21:51 ERROR [Class:c.g.m.b.s.BuildDaoService->Thread:main] 表[sys_test_code]不存在，请检查。 
2017-12-14 10:22:21 WARN [Class:o.m.s.m.ClassPathMapperScanner->Thread:main] No MyBatis mapper was found in '[com.gitee.myclouds.builder]' package. Please check your configuration. 
2017-12-14 10:22:24 WARN [Class:c.g.m.b.s.BuildDaoService->Thread:main] 表[sys_test_code]不存在，请检查。 
2017-12-14 10:23:26 WARN [Class:o.m.s.m.ClassPathMapperScanner->Thread:main] No MyBatis mapper was found in '[com.gitee.myclouds.builder]' package. Please check your configuration. 
2017-12-14 10:23:29 WARN [Class:c.g.m.b.s.BuildDaoService->Thread:main] 表[sys_test_code]不存在，请检查。 
2017-12-14 12:35:38 WARN [Class:o.m.s.m.ClassPathMapperScanner->Thread:main] No MyBatis mapper was found in '[com.gitee.myclouds.builder]' package. Please check your configuration. 
2017-12-14 12:35:41 WARN [Class:c.g.m.b.s.BuildDaoService->Thread:main] 表[sys_test_code]不存在，请检查。 
2017-12-14 12:40:51 WARN [Class:o.m.s.m.ClassPathMapperScanner->Thread:main] No MyBatis mapper was found in '[com.gitee.myclouds.builder]' package. Please check your configuration. 
2017-12-14 12:40:54 WARN [Class:c.g.m.b.s.BuildDaoService->Thread:main] 表[sys_test_code]不存在，请检查。 
2017-12-14 12:41:43 WARN [Class:o.m.s.m.ClassPathMapperScanner->Thread:main] No MyBatis mapper was found in '[com.gitee.myclouds.builder]' package. Please check your configuration. 
2017-12-14 12:41:46 WARN [Class:c.g.m.b.s.BuildDaoService->Thread:main] 表[sys_test_code]不存在，请检查。 
2017-12-14 13:38:06 WARN [Class:o.m.s.m.ClassPathMapperScanner->Thread:main] No MyBatis mapper was found in '[com.gitee.myclouds.builder]' package. Please check your configuration. 
2017-12-14 13:38:08 WARN [Class:o.s.c.s.AbstractApplicationContext->Thread:main] Exception encountered during context initialization - cancelling refresh attempt: org.springframework.beans.factory.NoSuchBeanDefinitionException: No bean named 'builderDomainService' available 
2017-12-14 13:38:08 ERROR [Class:o.s.b.d.LoggingFailureAnalysisReporter->Thread:main] 

***************************
APPLICATION FAILED TO START
***************************

Description:

A component required a bean named 'builderDomainService' that could not be found.


Action:

Consider defining a bean named 'builderDomainService' in your configuration.
 
2017-12-14 13:39:29 WARN [Class:o.m.s.m.ClassPathMapperScanner->Thread:main] No MyBatis mapper was found in '[com.gitee.myclouds.builder]' package. Please check your configuration. 
2017-12-14 13:48:28 WARN [Class:o.m.s.m.ClassPathMapperScanner->Thread:main] No MyBatis mapper was found in '[com.gitee.myclouds.builder]' package. Please check your configuration. 
2017-12-14 13:49:16 WARN [Class:o.m.s.m.ClassPathMapperScanner->Thread:main] No MyBatis mapper was found in '[com.gitee.myclouds.builder]' package. Please check your configuration. 
2017-12-14 13:51:33 WARN [Class:o.m.s.m.ClassPathMapperScanner->Thread:main] No MyBatis mapper was found in '[com.gitee.myclouds.builder]' package. Please check your configuration. 
2017-12-14 13:53:27 WARN [Class:o.m.s.m.ClassPathMapperScanner->Thread:main] No MyBatis mapper was found in '[com.gitee.myclouds.builder]' package. Please check your configuration. 
2017-12-14 13:55:22 WARN [Class:o.m.s.m.ClassPathMapperScanner->Thread:main] No MyBatis mapper was found in '[com.gitee.myclouds.builder]' package. Please check your configuration. 
2017-12-14 13:58:04 WARN [Class:o.m.s.m.ClassPathMapperScanner->Thread:main] No MyBatis mapper was found in '[com.gitee.myclouds.builder]' package. Please check your configuration. 
2017-12-14 13:59:57 WARN [Class:o.m.s.m.ClassPathMapperScanner->Thread:main] No MyBatis mapper was found in '[com.gitee.myclouds.builder]' package. Please check your configuration. 
